82740000: 8274: [[34m/soc/host/insn                   [0m] aes128_encrypt_block:0           M 00001224 c.addi16sp          sp, sp, -80       sp=000009d0  sp:00000a20 
82870000: 8287: [[34m/soc/host/insn                   [0m] aes128_encrypt_block:0           M 00001226 c.swsp              ra, 76(sp)        ra:00001846  sp:000009d0  PA:00000a1c 
82880000: 8288: [[34m/soc/host/insn                   [0m] aes128_encrypt_block:0           M 00001228 c.swsp              s0, 72(sp)        s0:00000090  sp:000009d0  PA:00000a18 
82890000: 8289: [[34m/soc/host/insn                   [0m] aes128_encrypt_block:0           M 0000122a c.swsp              s1, 68(sp)        s1:0000001b  sp:000009d0  PA:00000a14 
82900000: 8290: [[34m/soc/host/insn                   [0m] aes128_encrypt_block:0           M 0000122c c.swsp              s2, 64(sp)        s2:57575757  sp:000009d0  PA:00000a10 
82910000: 8291: [[34m/soc/host/insn                   [0m] aes128_encrypt_block:0           M 0000122e c.swsp              s3, 60(sp)        s3:57575757  sp:000009d0  PA:00000a0c 
82920000: 8292: [[34m/soc/host/insn                   [0m] aes128_encrypt_block:0           M 00001230 c.swsp              s4, 56(sp)        s4:57575757  sp:000009d0  PA:00000a08 
82930000: 8293: [[34m/soc/host/insn                   [0m] aes128_encrypt_block:0           M 00001232 c.swsp              s5, 52(sp)        s5:57575757  sp:000009d0  PA:00000a04 
82940000: 8294: [[34m/soc/host/insn                   [0m] aes128_encrypt_block:0           M 00001234 c.swsp              s6, 48(sp)        s6:57575757  sp:000009d0  PA:00000a00 
82950000: 8295: [[34m/soc/host/insn                   [0m] aes128_encrypt_block:0           M 00001236 c.swsp              s7, 44(sp)        s7:57575757  sp:000009d0  PA:000009fc 
82960000: 8296: [[34m/soc/host/insn                   [0m] aes128_encrypt_block:0           M 00001238 c.swsp              s8, 40(sp)        s8:57575757  sp:000009d0  PA:000009f8 
82970000: 8297: [[34m/soc/host/insn                   [0m] aes128_encrypt_block:0           M 0000123a c.swsp              s9, 36(sp)        s9:57575757  sp:000009d0  PA:000009f4 
82980000: 8298: [[34m/soc/host/insn                   [0m] aes128_encrypt_block:0           M 0000123c c.swsp              s10, 32(sp)      s10:57575757  sp:000009d0  PA:000009f0 
82990000: 8299: [[34m/soc/host/insn                   [0m] aes128_encrypt_block:0           M 0000123e c.swsp              s11, 28(sp)      s11:57575757  sp:000009d0  PA:000009ec 
83150000: 8315: [[34m/soc/host/insn                   [0m] aes128_encrypt_block:0           M 00001240 c.swsp              a2, 8(sp)         a2:00000a24  sp:000009d0  PA:000009d8 
83160000: 8316: [[34m/soc/host/insn                   [0m] aes128_encrypt_block:0           M 00001242 c.mv                s3, 0, a1         s3=00000a34  a1:00000a34 
83170000: 8317: [[34m/soc/host/insn                   [0m] aes128_encrypt_block:0           M 00001244 lbu                 s0, 0(a0)         s0=00000048  a0:000002a5  PA:000002a5 
83180000: 8318: [[34m/soc/host/insn                   [0m] aes128_encrypt_block:0           M 00001248 lbu                 s5, 1(a0)         s5=00000065  a0:000002a5  PA:000002a6 
83190000: 8319: [[34m/soc/host/insn                   [0m] aes128_encrypt_block:0           M 0000124c lbu                 s8, 2(a0)         s8=0000006c  a0:000002a5  PA:000002a7 
83200000: 8320: [[34m/soc/host/insn                   [0m] aes128_encrypt_block:0           M 00001250 lbu                 s11, 3(a0)       s11=0000006c  a0:000002a5  PA:000002a8 
83210000: 8321: [[34m/soc/host/insn                   [0m] aes128_encrypt_block:0           M 00001254 lbu                 a1, 4(a0)         a1=0000006f  a0:000002a5  PA:000002a9 
83220000: 8322: [[34m/soc/host/insn                   [0m] aes128_encrypt_block:0           M 00001258 lbu                 t4, 5(a0)         t4=0000002c  a0:000002a5  PA:000002aa 
83230000: 8323: [[34m/soc/host/insn                   [0m] aes128_encrypt_block:0           M 0000125c lbu                 s4, 6(a0)         s4=00000020  a0:000002a5  PA:000002ab 
83240000: 8324: [[34m/soc/host/insn                   [0m] aes128_encrypt_block:0           M 00001260 lbu                 s6, 7(a0)         s6=00000057  a0:000002a5  PA:000002ac 
83250000: 8325: [[34m/soc/host/insn                   [0m] aes128_encrypt_block:0           M 00001264 lbu                 a4, 8(a0)         a4=0000006f  a0:000002a5  PA:000002ad 
83260000: 8326: [[34m/soc/host/insn                   [0m] aes128_encrypt_block:0           M 00001268 lbu                 s7, 9(a0)         s7=00000072  a0:000002a5  PA:000002ae 
83270000: 8327: [[34m/soc/host/insn                   [0m] aes128_encrypt_block:0           M 0000126c lbu                 s10, 10(a0)      s10=0000006c  a0:000002a5  PA:000002af 
83280000: 8328: [[34m/soc/host/insn                   [0m] aes128_encrypt_block:0           M 00001270 lbu                 ra, 11(a0)        ra=00000064  a0:000002a5  PA:000002b0 
83290000: 8329: [[34m/soc/host/insn                   [0m] aes128_encrypt_block:0           M 00001274 lbu                 a3, 12(a0)        a3=00000021  a0:000002a5  PA:000002b1 
83300000: 8330: [[34m/soc/host/insn                   [0m] aes128_encrypt_block:0           M 00001278 lbu                 t2, 13(a0)        t2=00000030  a0:000002a5  PA:000002b2 
83310000: 8331: [[34m/soc/host/insn                   [0m] aes128_encrypt_block:0           M 0000127c lbu                 t1, 14(a0)        t1=00000030  a0:000002a5  PA:000002b3 
83320000: 8332: [[34m/soc/host/insn                   [0m] aes128_encrypt_block:0           M 00001280 lbu                 t3, 15(a0)        t3=00000030  a0:000002a5  PA:000002b4 
83480000: 8348: [[34m/soc/host/insn                   [0m] aes128_encrypt_block:0           M 00001284 lbu                 a0, 0(s3)         a0=00000063  s3:00000a34  PA:00000a34 
83490000: 8349: [[34m/soc/host/insn                   [0m] aes128_encrypt_block:0           M 00001288 lbu                 a6, 1(s3)         a6=00000065  s3:00000a34  PA:00000a35 
83500000: 8350: [[34m/soc/host/insn                   [0m] aes128_encrypt_block:0           M 0000128c lbu                 a7, 2(s3)         a7=00000073  s3:00000a34  PA:00000a36 
83510000: 8351: [[34m/soc/host/insn                   [0m] aes128_encrypt_block:0           M 00001290 lbu                 t0, 3(s3)         t0=00000065  s3:00000a34  PA:00000a37 
83520000: 8352: [[34m/soc/host/insn                   [0m] aes128_encrypt_block:0           M 00001294 lbu                 a5, 4(s3)         a5=00000034  s3:00000a34  PA:00000a38 
83530000: 8353: [[34m/soc/host/insn                   [0m] aes128_encrypt_block:0           M 00001298 lbu                 s9, 5(s3)         s9=00000030  s3:00000a34  PA:00000a39 
83540000: 8354: [[34m/soc/host/insn                   [0m] aes128_encrypt_block:0           M 0000129c lbu                 t5, 6(s3)         t5=00000038  s3:00000a34  PA:00000a3a 
83550000: 8355: [[34m/soc/host/insn                   [0m] aes128_encrypt_block:0           M 000012a0 lbu                 t6, 7(s3)         t6=00000035  s3:00000a34  PA:00000a3b 
83560000: 8356: [[34m/soc/host/insn                   [0m] aes128_encrypt_block:0           M 000012a4 slli                a2, s5, 0x8       a2=00006500  s5:00000065 
83570000: 8357: [[34m/soc/host/insn                   [0m] aes128_encrypt_block:0           M 000012a8 c.slli              s8, s8, 0x10      s8=006c0000  s8:0000006c 
83580000: 8358: [[34m/soc/host/insn                   [0m] aes128_encrypt_block:0           M 000012aa c.slli              s11, s11, 0x18   s11=6c000000 s11:0000006c 
83590000: 8359: [[34m/soc/host/insn                   [0m] aes128_encrypt_block:0           M 000012ac xor                 s2, s0, a0        s2=0000002b  s0:00000048  a0:00000063 
83670000: 8367: [[34m/soc/host/insn                   [0m] aes128_encrypt_block:0           M 000012b0 c.or                a2, a2, s0        a2=00006548  a2:00006500  s0:00000048 
83680000: 8368: [[34m/soc/host/insn                   [0m] aes128_encrypt_block:0           M 000012b2 or                  s0, s11, s8       s0=6c6c0000 s11:6c000000  s8:006c0000 
83690000: 8369: [[34m/soc/host/insn                   [0m] aes128_encrypt_block:0           M 000012b6 lbu                 s1, 8(s3)         s1=00000070  s3:00000a34  PA:00000a3c 
83700000: 8370: [[34m/soc/host/insn                   [0m] aes128_encrypt_block:0           M 000012ba lbu                 s11, 9(s3)       s11=00000061  s3:00000a34  PA:00000a3d 
83710000: 8371: [[34m/soc/host/insn                   [0m] aes128_encrypt_block:0           M 000012be lbu                 a0, 10(s3)        a0=00000073  s3:00000a34  PA:00000a3e 
83750000: 8375: [[34m/soc/host/insn                   [0m] aes128_encrypt_block:0           M 000012c2 lbu                 s8, 11(s3)        s8=00000073  s3:00000a34  PA:00000a3f 
83760000: 8376: [[34m/soc/host/insn                   [0m] aes128_encrypt_block:0           M 000012c6 c.slli              t4, t4, 0x8       t4=00002c00  t4:0000002c 
83770000: 8377: [[34m/soc/host/insn                   [0m] aes128_encrypt_block:0           M 000012c8 c.slli              s4, s4, 0x10      s4=00200000  s4:00000020 
83780000: 8378: [[34m/soc/host/insn                   [0m] aes128_encrypt_block:0           M 000012ca c.slli              s6, s6, 0x18      s6=57000000  s6:00000057 
83790000: 8379: [[34m/soc/host/insn                   [0m] aes128_encrypt_block:0           M 000012cc c.slli              s7, s7, 0x8       s7=00007200  s7:00000072 
83800000: 8380: [[34m/soc/host/insn                   [0m] aes128_encrypt_block:0           M 000012ce c.slli              s10, s10, 0x10   s10=006c0000 s10:0000006c 
83810000: 8381: [[34m/soc/host/insn                   [0m] aes128_encrypt_block:0           M 000012d0 c.slli              ra, ra, 0x18      ra=64000000  ra:00000064 
83820000: 8382: [[34m/soc/host/insn                   [0m] aes128_encrypt_block:0           M 000012d2 c.xor               a5, a5, a1        a5=0000005b  a5:00000034  a1:0000006f 
83830000: 8383: [[34m/soc/host/insn                   [0m] aes128_encrypt_block:0           M 000012d4 c.swsp              a5, 4(sp)         a5:0000005b  sp:000009d0  PA:000009d4 
83840000: 8384: [[34m/soc/host/insn                   [0m] aes128_encrypt_block:0           M 000012d6 xor                 s5, a4, s1        s5=0000001f  a4:0000006f  s1:00000070 
83850000: 8385: [[34m/soc/host/insn                   [0m] aes128_encrypt_block:0           M 000012da or                  t4, t4, a1        t4=00002c6f  t4:00002c00  a1:0000006f 
83860000: 8386: [[34m/soc/host/insn                   [0m] aes128_encrypt_block:0           M 000012de or                  s1, s6, s4        s1=57200000  s6:57000000  s4:00200000 
83870000: 8387: [[34m/soc/host/insn                   [0m] aes128_encrypt_block:0           M 000012e2 or                  s4, s7, a4        s4=0000726f  s7:00007200  a4:0000006f 
83880000: 8388: [[34m/soc/host/insn                   [0m] aes128_encrypt_block:0           M 000012e6 or                  a1, ra, s10       a1=646c0000  ra:64000000 s10:006c0000 
83890000: 8389: [[34m/soc/host/insn                   [0m] aes128_encrypt_block:0           M 000012ea lbu                 a4, 12(s3)        a4=00000077  s3:00000a34  PA:00000a40 
83900000: 8390: [[34m/soc/host/insn                   [0m] aes128_encrypt_block:0           M 000012ee lbu                 s6, 13(s3)        s6=0000006f  s3:00000a34  PA:00000a41 
83910000: 8391: [[34m/soc/host/insn                   [0m] aes128_encrypt_block:0           M 000012f2 lbu                 s7, 14(s3)        s7=00000072  s3:00000a34  PA:00000a42 
83920000: 8392: [[34m/soc/host/insn                   [0m] aes128_encrypt_block:0           M 000012f6 lbu                 a5, 15(s3)        a5=00000064  s3:00000a34  PA:00000a43 
83930000: 8393: [[34m/soc/host/insn                   [0m] aes128_encrypt_block:0           M 000012fa c.slli              t2, t2, 0x8       t2=00003000  t2:00000030 
83940000: 8394: [[34m/soc/host/insn                   [0m] aes128_encrypt_block:0           M 000012fc xor                 ra, a3, a4        ra=00000056  a3:00000021  a4:00000077 
83960000: 8396: [[34m/soc/host/insn                   [0m] aes128_encrypt_block:0           M 00001300 or                  a3, t2, a3        a3=00003021  t2:00003000  a3:00000021 
83980000: 8398: [[34m/soc/host/insn                   [0m] aes128_encrypt_block:0           M 00001304 c.slli              t1, t1, 0x10      t1=00300000  t1:00000030 
83990000: 8399: [[34m/soc/host/insn                   [0m] aes128_encrypt_block:0           M 00001306 c.slli              t3, t3, 0x18      t3=30000000  t3:00000030 
84000000: 8400: [[34m/soc/host/insn                   [0m] aes128_encrypt_block:0           M 00001308 or                  a4, t3, t1        a4=30300000  t3:30000000  t1:00300000 
84010000: 8401: [[34m/soc/host/insn                   [0m] aes128_encrypt_block:0           M 0000130c c.or                a2, a2, s0        a2=6c6c6548  a2:00006548  s0:6c6c0000 
84020000: 8402: [[34m/soc/host/insn                   [0m] aes128_encrypt_block:0           M 0000130e or                  s1, s1, t4        s1=57202c6f  s1:57200000  t4:00002c6f 
84030000: 8403: [[34m/soc/host/insn                   [0m] aes128_encrypt_block:0           M 00001312 or                  a1, a1, s4        a1=646c726f  a1:646c0000  s4:0000726f 
84040000: 8404: [[34m/soc/host/insn                   [0m] aes128_encrypt_block:0           M 00001316 c.or                a3, a3, a4        a3=30303021  a3:00003021  a4:30300000 
84050000: 8405: [[34m/soc/host/insn                   [0m] aes128_encrypt_block:0           M 00001318 c.swsp              a2, 12(sp)        a2:6c6c6548  sp:000009d0  PA:000009dc 
84060000: 8406: [[34m/soc/host/insn                   [0m] aes128_encrypt_block:0           M 0000131a c.swsp              s1, 16(sp)        s1:57202c6f  sp:000009d0  PA:000009e0 
84070000: 8407: [[34m/soc/host/insn                   [0m] aes128_encrypt_block:0           M 0000131c c.swsp              a1, 20(sp)        a1:646c726f  sp:000009d0  PA:000009e4 
84080000: 8408: [[34m/soc/host/insn                   [0m] aes128_encrypt_block:0           M 0000131e c.swsp              a3, 24(sp)        a3:30303021  sp:000009d0  PA:000009e8 
84090000: 8409: [[34m/soc/host/insn                   [0m] aes128_encrypt_block:0           M 00001320 lbu                 a1, 13(sp)        a1=00000065  sp:000009d0  PA:000009dd 
84100000: 8410: [[34m/soc/host/insn                   [0m] aes128_encrypt_block:0           M 00001324 lbu                 a2, 14(sp)        a2=0000006c  sp:000009d0  PA:000009de 
84110000: 8411: [[34m/soc/host/insn                   [0m] aes128_encrypt_block:0           M 00001328 lbu                 a3, 15(sp)        a3=0000006c  sp:000009d0  PA:000009df 
84120000: 8412: [[34m/soc/host/insn                   [0m] aes128_encrypt_block:0           M 0000132c lbu                 a4, 17(sp)        a4=0000002c  sp:000009d0  PA:000009e1 
84130000: 8413: [[34m/soc/host/insn                   [0m] aes128_encrypt_block:0           M 00001330 xor                 t3, a1, a6        t3=00000000  a1:00000065  a6:00000065 
84200000: 8420: [[34m/soc/host/insn                   [0m] aes128_encrypt_block:0           M 00001334 xor                 t2, a2, a7        t2=0000001f  a2:0000006c  a7:00000073 
84210000: 8421: [[34m/soc/host/insn                   [0m] aes128_encrypt_block:0           M 00001338 xor                 t1, a3, t0        t1=00000009  a3:0000006c  t0:00000065 
84220000: 8422: [[34m/soc/host/insn                   [0m] aes128_encrypt_block:0           M 0000133c xor                 a7, a4, s9        a7=0000001c  a4:0000002c  s9:00000030 
84230000: 8423: [[34m/soc/host/insn                   [0m] aes128_encrypt_block:0           M 00001340 lbu                 a1, 18(sp)        a1=00000020  sp:000009d0  PA:000009e2 
84240000: 8424: [[34m/soc/host/insn                   [0m] aes128_encrypt_block:0           M 00001344 lbu                 a2, 19(sp)        a2=00000057  sp:000009d0  PA:000009e3 
84250000: 8425: [[34m/soc/host/insn                   [0m] aes128_encrypt_block:0           M 00001348 lbu                 a3, 21(sp)        a3=00000072  sp:000009d0  PA:000009e5 
84260000: 8426: [[34m/soc/host/insn                   [0m] aes128_encrypt_block:0           M 0000134c lbu                 a4, 22(sp)        a4=0000006c  sp:000009d0  PA:000009e6 
84270000: 8427: [[34m/soc/host/insn                   [0m] aes128_encrypt_block:0           M 00001350 xor                 t0, a1, t5        t0=00000018  a1:00000020  t5:00000038 
84420000: 8442: [[34m/soc/host/insn                   [0m] aes128_encrypt_block:0           M 00001354 xor                 a6, a2, t6        a6=00000062  a2:00000057  t6:00000035 
84430000: 8443: [[34m/soc/host/insn                   [0m] aes128_encrypt_block:0           M 00001358 xor                 s11, a3, s11     s11=00000013  a3:00000072 s11:00000061 
84440000: 8444: [[34m/soc/host/insn                   [0m] aes128_encrypt_block:0           M 0000135c xor                 t5, a4, a0        t5=0000001f  a4:0000006c  a0:00000073 
84450000: 8445: [[34m/soc/host/insn                   [0m] aes128_encrypt_block:0           M 00001360 lbu                 a0, 23(sp)        a0=00000064  sp:000009d0  PA:000009e7 
84460000: 8446: [[34m/soc/host/insn                   [0m] aes128_encrypt_block:0           M 00001364 lbu                 a1, 25(sp)        a1=00000030  sp:000009d0  PA:000009e9 
84470000: 8447: [[34m/soc/host/insn                   [0m] aes128_encrypt_block:0           M 00001368 lbu                 a4, 26(sp)        a4=00000030  sp:000009d0  PA:000009ea 
84480000: 8448: [[34m/soc/host/insn                   [0m] aes128_encrypt_block:0           M 0000136c lbu                 s9, 27(sp)        s9=00000030  sp:000009d0  PA:000009eb 
84490000: 8449: [[34m/soc/host/insn                   [0m] aes128_encrypt_block:0           M 00001370 xor                 s10, a0, s8      s10=00000017  a0:00000064  s8:00000073 
84500000: 8450: [[34m/soc/host/insn                   [0m] aes128_encrypt_block:0           M 00001374 xor                 t4, a1, s6        t4=0000005f  a1:00000030  s6:0000006f 
84510000: 8451: [[34m/soc/host/insn                   [0m] aes128_encrypt_block:0           M 00001378 addi                s1, s3, 31        s1=00000a53  s3:00000a34 
84520000: 8452: [[34m/soc/host/insn                   [0m] aes128_encrypt_block:0           M 0000137c xor                 t6, a4, s7        t6=00000042  a4:00000030  s7:00000072 
84530000: 8453: [[34m/soc/host/insn                   [0m] aes128_encrypt_block:0           M 00001380 andi                s2, s2, 255       s2=0000002b  s2:0000002b 
84540000: 8454: [[34m/soc/host/insn                   [0m] aes128_encrypt_block:0           M 00001384 lbu                 s4, 4(sp)         s4=0000005b  sp:000009d0  PA:000009d4 
84550000: 8455: [[34m/soc/host/insn                   [0m] aes128_encrypt_block:0           M 00001388 andi                s7, s5, 255       s7=0000001f  s5:0000001f 
84560000: 8456: [[34m/soc/host/insn                   [0m] aes128_encrypt_block:0           M 0000138c andi                a1, ra, 255       a1=00000056  ra:00000056 
84570000: 8457: [[34m/soc/host/insn                   [0m] aes128_encrypt_block:0           M 00001390 xor                 a4, s9, a5        a4=00000054  s9:00000030  a5:00000064 
84580000: 8458: [[34m/soc/host/insn                   [0m] aes128_encrypt_block:0           M 00001394 addi                s5, 0, 40         s5=00000028 
84590000: 8459: [[34m/soc/host/insn                   [0m] aes128_encrypt_block:0           M 00001398 add                 s0, s5, s2        s0=00000053  s5:00000028  s2:0000002b 
84600000: 8460: [[34m/soc/host/insn                   [0m] aes128_encrypt_block:0           M 0000139c c.add               t3, t3, s5        t3=00000028  t3:00000000  s5:00000028 
84610000: 8461: [[34m/soc/host/insn                   [0m] aes128_encrypt_block:0           M 0000139e c.add               t2, t2, s5        t2=00000047  t2:0000001f  s5:00000028 
84620000: 8462: [[34m/soc/host/insn                   [0m] aes128_encrypt_block:0           M 000013a0 c.add               t1, t1, s5        t1=00000031  t1:00000009  s5:00000028 
84630000: 8463: [[34m/soc/host/insn                   [0m] aes128_encrypt_block:0           M 000013a2 add                 s6, s5, s4        s6=00000083  s5:00000028  s4:0000005b 
84720000: 8472: [[34m/soc/host/insn                   [0m] aes128_encrypt_block:0           M 000013a6 c.add               a7, a7, s5        a7=00000044  a7:0000001c  s5:00000028 
84730000: 8473: [[34m/soc/host/insn                   [0m] aes128_encrypt_block:0           M 000013a8 c.add               t0, t0, s5        t0=00000040  t0:00000018  s5:00000028 
84740000: 8474: [[34m/soc/host/insn                   [0m] aes128_encrypt_block:0           M 000013aa c.add               a6, a6, s5        a6=0000008a  a6:00000062  s5:00000028 
84750000: 8475: [[34m/soc/host/insn                   [0m] aes128_encrypt_block:0           M 000013ac c.add               s7, s7, s5        s7=00000047  s7:0000001f  s5:00000028 
84760000: 8476: [[34m/soc/host/insn                   [0m] aes128_encrypt_block:0           M 000013ae add                 s8, s5, s11       s8=0000003b  s5:00000028 s11:00000013 
84770000: 8477: [[34m/soc/host/insn                   [0m] aes128_encrypt_block:0           M 000013b2 c.add               t5, t5, s5        t5=00000047  t5:0000001f  s5:00000028 
84780000: 8478: [[34m/soc/host/insn                   [0m] aes128_encrypt_block:0           M 000013b4 add                 a2, s5, s10       a2=0000003f  s5:00000028 s10:00000017 
84790000: 8479: [[34m/soc/host/insn                   [0m] aes128_encrypt_block:0           M 000013b8 add                 a5, s5, a1        a5=0000007e  s5:00000028  a1:00000056 
84800000: 8480: [[34m/soc/host/insn                   [0m] aes128_encrypt_block:0           M 000013bc c.add               t4, t4, s5        t4=00000087  t4:0000005f  s5:00000028 
84810000: 8481: [[34m/soc/host/insn                   [0m] aes128_encrypt_block:0           M 000013be c.add               t6, t6, s5        t6=0000006a  t6:00000042  s5:00000028 
84820000: 8482: [[34m/soc/host/insn                   [0m] aes128_encrypt_block:0           M 000013c0 c.add               a4, a4, s5        a4=0000007c  a4:00000054  s5:00000028 
84830000: 8483: [[34m/soc/host/insn                   [0m] aes128_encrypt_block:0           M 000013c2 lbu                 s2, 0(s0)         s2=000000f1  s0:00000053  PA:00000053 
84840000: 8484: [[34m/soc/host/insn                   [0m] aes128_encrypt_block:0           M 000013c6 lbu                 s9, 0(t3)         s9=00000063  t3:00000028  PA:00000028 
84850000: 8485: [[34m/soc/host/insn                   [0m] aes128_encrypt_block:0           M 000013ca lbu                 t3, 0(t2)         t3=000000c0  t2:00000047  PA:00000047 
84860000: 8486: [[34m/soc/host/insn                   [0m] aes128_encrypt_block:0           M 000013ce lbu                 t1, 0(t1)         t1=00000001  t1:00000031  PA:00000031 
84870000: 8487: [[34m/soc/host/insn                   [0m] aes128_encrypt_block:0           M 000013d2 lbu                 t2, 0(s6)         t2=00000039  s6:00000083  PA:00000083 
84880000: 8488: [[34m/soc/host/insn                   [0m] aes128_encrypt_block:0           M 000013d6 lbu                 a7, 0(a7)         a7=0000009c  a7:00000044  PA:00000044 
84890000: 8489: [[34m/soc/host/insn                   [0m] aes128_encrypt_block:0           M 000013da lbu                 a0, 0(t0)         a0=000000ad  t0:00000040  PA:00000040 
84900000: 8490: [[34m/soc/host/insn                   [0m] aes128_encrypt_block:0           M 000013de lbu                 s6, 0(a6)         s6=000000aa  a6:0000008a  PA:0000008a 
84910000: 8491: [[34m/soc/host/insn                   [0m] aes128_encrypt_block:0           M 000013e2 lbu                 a3, 0(s7)         a3=000000c0  s7:00000047  PA:00000047 
84920000: 8492: [[34m/soc/host/insn                   [0m] aes128_encrypt_block:0           M 000013e6 lbu                 a6, 0(s8)         a6=0000007d  s8:0000003b  PA:0000003b 
84930000: 8493: [[34m/soc/host/insn                   [0m] aes128_encrypt_block:0           M 000013ea lbu                 t0, 0(t5)         t0=000000c0  t5:00000047  PA:00000047 
84940000: 8494: [[34m/soc/host/insn                   [0m] aes128_encrypt_block:0           M 000013ee lbu                 a2, 0(a2)         a2=000000f0  a2:0000003f  PA:0000003f 
84950000: 8495: [[34m/soc/host/insn                   [0m] aes128_encrypt_block:0           M 000013f2 lbu                 a5, 0(a5)         a5=000000b1  a5:0000007e  PA:0000007e 
84960000: 8496: [[34m/soc/host/insn                   [0m] aes128_encrypt_block:0           M 000013f6 lbu                 a1, 0(t4)         a1=000000cf  t4:00000087  PA:00000087 
84970000: 8497: [[34m/soc/host/insn                   [0m] aes128_encrypt_block:0           M 000013fa lbu                 s0, 0(t6)         s0=0000002c  t6:0000006a  PA:0000006a 
84980000: 8498: [[34m/soc/host/insn                   [0m] aes128_encrypt_block:0           M 000013fe lbu                 a4, 0(a4)         a4=00000020  a4:0000007c  PA:0000007c 
85130000: 8513: [[34m/soc/host/insn                   [0m] aes128_encrypt_block:0           M 00001402 sb                  a5, 24(sp)        a5:000000b1  sp:000009d0  PA:000009e8 
85140000: 8514: [[34m/soc/host/insn                   [0m] aes128_encrypt_block:0           M 00001406 sb                  s9, 25(sp)        s9:00000063  sp:000009d0  PA:000009e9 
85150000: 8515: [[34m/soc/host/insn                   [0m] aes128_encrypt_block:0           M 0000140a sb                  a0, 26(sp)        a0:000000ad  sp:000009d0  PA:000009ea 
85160000: 8516: [[34m/soc/host/insn                   [0m] aes128_encrypt_block:0           M 0000140e sb                  a2, 27(sp)        a2:000000f0  sp:000009d0  PA:000009eb 
85170000: 8517: [[34m/soc/host/insn                   [0m] aes128_encrypt_block:0           M 00001412 sb                  a3, 20(sp)        a3:000000c0  sp:000009d0  PA:000009e4 
85180000: 8518: [[34m/soc/host/insn                   [0m] aes128_encrypt_block:0           M 00001416 sb                  a1, 21(sp)        a1:000000cf  sp:000009d0  PA:000009e5 
85190000: 8519: [[34m/soc/host/insn                   [0m] aes128_encrypt_block:0           M 0000141a sb                  t3, 22(sp)        t3:000000c0  sp:000009d0  PA:000009e6 
85200000: 8520: [[34m/soc/host/insn                   [0m] aes128_encrypt_block:0           M 0000141e sb                  s6, 23(sp)        s6:000000aa  sp:000009d0  PA:000009e7 
85210000: 8521: [[34m/soc/host/insn                   [0m] aes128_encrypt_block:0           M 00001422 sb                  t2, 16(sp)        t2:00000039  sp:000009d0  PA:000009e0 
85220000: 8522: [[34m/soc/host/insn                   [0m] aes128_encrypt_block:0           M 00001426 sb                  a6, 17(sp)        a6:0000007d  sp:000009d0  PA:000009e1 
85230000: 8523: [[34m/soc/host/insn                   [0m] aes128_encrypt_block:0           M 0000142a sb                  s0, 18(sp)        s0:0000002c  sp:000009d0  PA:000009e2 
85240000: 8524: [[34m/soc/host/insn                   [0m] aes128_encrypt_block:0           M 0000142e sb                  t1, 19(sp)        t1:00000001  sp:000009d0  PA:000009e3 
85250000: 8525: [[34m/soc/host/insn                   [0m] aes128_encrypt_block:0           M 00001432 sb                  s2, 12(sp)        s2:000000f1  sp:000009d0  PA:000009dc 
85260000: 8526: [[34m/soc/host/insn                   [0m] aes128_encrypt_block:0           M 00001436 sb                  a7, 13(sp)        a7:0000009c  sp:000009d0  PA:000009dd 
85270000: 8527: [[34m/soc/host/insn                   [0m] aes128_encrypt_block:0           M 0000143a sb                  t0, 14(sp)        t0:000000c0  sp:000009d0  PA:000009de 
85280000: 8528: [[34m/soc/host/insn                   [0m] aes128_encrypt_block:0           M 0000143e sb                  a4, 15(sp)        a4:00000020  sp:000009d0  PA:000009df 
85450000: 8545: [[34m/soc/host/insn                   [0m] aes128_encrypt_block:0           M 00001442 c.addi4spn          a0, sp, 12        a0=000009dc  sp:000009d0 
85460000: 8546: [[34m/soc/host/insn                   [0m] aes128_encrypt_block:0           M 00001444 c.jal               ra, -1426         ra=00001446 
98010000: 9801: [[34m/soc/host/insn                   [0m] aes128_encrypt_block:0           M 00001446 lbu                 a6, -15(s1)       a6=000000ca  s1:00000a53  PA:00000a44 
98110000: 9811: [[34m/soc/host/insn                   [0m] aes128_encrypt_block:0           M 0000144a lbu                 a7, -14(s1)       a7=00000025  s1:00000a53  PA:00000a45 
98120000: 9812: [[34m/soc/host/insn                   [0m] aes128_encrypt_block:0           M 0000144e lbu                 t0, -13(s1)       t0=00000030  s1:00000a53  PA:00000a46 
98130000: 9813: [[34m/soc/host/insn                   [0m] aes128_encrypt_block:0           M 00001452 lbu                 t1, -12(s1)       t1=00000090  s1:00000a53  PA:00000a47 
98140000: 9814: [[34m/soc/host/insn                   [0m] aes128_encrypt_block:0           M 00001456 lbu                 s0, 12(sp)        s0=000000a6  sp:000009d0  PA:000009dc 
98150000: 9815: [[34m/soc/host/insn                   [0m] aes128_encrypt_block:0           M 0000145a lbu                 t2, 13(sp)        t2=000000a9  sp:000009d0  PA:000009dd 
98160000: 9816: [[34m/soc/host/insn                   [0m] aes128_encrypt_block:0           M 0000145e lbu                 t6, 14(sp)        t6=00000096  sp:000009d0  PA:000009de 
98170000: 9817: [[34m/soc/host/insn                   [0m] aes128_encrypt_block:0           M 00001462 lbu                 t5, 15(sp)        t5=00000014  sp:000009d0  PA:000009df 
98180000: 9818: [[34m/soc/host/insn                   [0m] aes128_encrypt_block:0           M 00001466 lbu                 t4, -11(s1)       t4=000000fe  s1:00000a53  PA:00000a48 
98190000: 9819: [[34m/soc/host/insn                   [0m] aes128_encrypt_block:0           M 0000146a lbu                 s10, -10(s1)     s10=00000015  s1:00000a53  PA:00000a49 
98200000: 9820: [[34m/soc/host/insn                   [0m] aes128_encrypt_block:0           M 0000146e lbu                 s9, -9(s1)        s9=00000008  s1:00000a53  PA:00000a4a 
98210000: 9821: [[34m/soc/host/insn                   [0m] aes128_encrypt_block:0           M 00001472 lbu                 s7, -8(s1)        s7=000000a5  s1:00000a53  PA:00000a4b 
98220000: 9822: [[34m/soc/host/insn                   [0m] aes128_encrypt_block:0           M 00001476 lbu                 a0, 16(sp)        a0=000000d8  sp:000009d0  PA:000009e0 
98230000: 9823: [[34m/soc/host/insn                   [0m] aes128_encrypt_block:0           M 0000147a lbu                 a4, 17(sp)        a4=000000b6  sp:000009d0  PA:000009e1 
98240000: 9824: [[34m/soc/host/insn                   [0m] aes128_encrypt_block:0           M 0000147e lbu                 a5, 18(sp)        a5=0000001f  sp:000009d0  PA:000009e2 
98410000: 9841: [[34m/soc/host/insn                   [0m] aes128_encrypt_block:0           M 00001482 lbu                 a2, 19(sp)        a2=00000018  sp:000009d0  PA:000009e3 
98420000: 9842: [[34m/soc/host/insn                   [0m] aes128_encrypt_block:0           M 00001486 lbu                 s6, -7(s1)        s6=0000008e  s1:00000a53  PA:00000a4c 
98430000: 9843: [[34m/soc/host/insn                   [0m] aes128_encrypt_block:0           M 0000148a lbu                 s11, -6(s1)      s11=00000074  s1:00000a53  PA:00000a4d 
98440000: 9844: [[34m/soc/host/insn                   [0m] aes128_encrypt_block:0           M 0000148e lbu                 s8, -5(s1)        s8=0000007b  s1:00000a53  PA:00000a4e 
98450000: 9845: [[34m/soc/host/insn                   [0m] aes128_encrypt_block:0           M 00001492 lbu                 ra, -4(s1)        ra=000000d6  s1:00000a53  PA:00000a4f 
98460000: 9846: [[34m/soc/host/insn                   [0m] aes128_encrypt_block:0           M 00001496 xor                 s2, s0, a6        s2=0000006c  s0:000000a6  a6:000000ca 
98470000: 9847: [[34m/soc/host/insn                   [0m] aes128_encrypt_block:0           M 0000149a xor                 t3, t2, a7        t3=0000008c  t2:000000a9  a7:00000025 
98480000: 9848: [[34m/soc/host/insn                   [0m] aes128_encrypt_block:0           M 0000149e xor                 t2, t6, t0        t2=000000a6  t6:00000096  t0:00000030 
98490000: 9849: [[34m/soc/host/insn                   [0m] aes128_encrypt_block:0           M 000014a2 xor                 t1, t5, t1        t1=00000084  t5:00000014  t1:00000090 
98500000: 9850: [[34m/soc/host/insn                   [0m] aes128_encrypt_block:0           M 000014a6 lbu                 s0, 20(sp)        s0=000000bb  sp:000009d0  PA:000009e4 
98510000: 9851: [[34m/soc/host/insn                   [0m] aes128_encrypt_block:0           M 000014aa lbu                 a1, 21(sp)        a1=000000b4  sp:000009d0  PA:000009e5 
98520000: 9852: [[34m/soc/host/insn                   [0m] aes128_encrypt_block:0           M 000014ae lbu                 a3, 22(sp)        a3=00000071  sp:000009d0  PA:000009e6 
98530000: 9853: [[34m/soc/host/insn                   [0m] aes128_encrypt_block:0           M 000014b2 lbu                 t6, 23(sp)        t6=0000001b  sp:000009d0  PA:000009e7 
98540000: 9854: [[34m/soc/host/insn                   [0m] aes128_encrypt_block:0           M 000014b6 xor                 s4, a0, t4        s4=00000026  a0:000000d8  t4:000000fe 
98550000: 9855: [[34m/soc/host/insn                   [0m] aes128_encrypt_block:0           M 000014ba xor                 a7, a4, s10       a7=000000a3  a4:000000b6 s10:00000015 
98560000: 9856: [[34m/soc/host/insn                   [0m] aes128_encrypt_block:0           M 000014be xor                 t0, a5, s9        t0=00000017  a5:0000001f  s9:00000008 
98750000: 9875: [[34m/soc/host/insn                   [0m] aes128_encrypt_block:0           M 000014c2 xor                 a6, a2, s7        a6=000000bd  a2:00000018  s7:000000a5 
98760000: 9876: [[34m/soc/host/insn                   [0m] aes128_encrypt_block:0           M 000014c6 lbu                 t4, -3(s1)        t4=000000f9  s1:00000a53  PA:00000a50 
98770000: 9877: [[34m/soc/host/insn                   [0m] aes128_encrypt_block:0           M 000014ca lbu                 a2, -2(s1)        a2=0000001b  s1:00000a53  PA:00000a51 
98780000: 9878: [[34m/soc/host/insn                   [0m] aes128_encrypt_block:0           M 000014ce lbu                 a5, -1(s1)        a5=00000009  s1:00000a53  PA:00000a52 
98790000: 9879: [[34m/soc/host/insn                   [0m] aes128_encrypt_block:0           M 000014d2 lbu                 a0, 0(s1)         a0=000000b2  s1:00000a53  PA:00000a53 
98800000: 9880: [[34m/soc/host/insn                   [0m] aes128_encrypt_block:0           M 000014d6 xor                 s7, s0, s6        s7=00000035  s0:000000bb  s6:0000008e 
98810000: 9881: [[34m/soc/host/insn                   [0m] aes128_encrypt_block:0           M 000014da xor                 s11, a1, s11     s11=000000c0  a1:000000b4 s11:00000074 
98820000: 9882: [[34m/soc/host/insn                   [0m] aes128_encrypt_block:0           M 000014de xor                 t5, a3, s8        t5=0000000a  a3:00000071  s8:0000007b 
98830000: 9883: [[34m/soc/host/insn                   [0m] aes128_encrypt_block:0           M 000014e2 xor                 s10, t6, ra      s10=000000cd  t6:0000001b  ra:000000d6 
98840000: 9884: [[34m/soc/host/insn                   [0m] aes128_encrypt_block:0           M 000014e6 lbu                 a1, 24(sp)        a1=00000081  sp:000009d0  PA:000009e8 
98850000: 9885: [[34m/soc/host/insn                   [0m] aes128_encrypt_block:0           M 000014ea lbu                 s0, 25(sp)        s0=0000006b  sp:000009d0  PA:000009e9 
98860000: 9886: [[34m/soc/host/insn                   [0m] aes128_encrypt_block:0           M 000014ee lbu                 a3, 26(sp)        a3=00000098  sp:000009d0  PA:000009ea 
98870000: 9887: [[34m/soc/host/insn                   [0m] aes128_encrypt_block:0           M 000014f2 lbu                 a4, 27(sp)        a4=000000fd  sp:000009d0  PA:000009eb 
98880000: 9888: [[34m/soc/host/insn                   [0m] aes128_encrypt_block:0           M 000014f6 xor                 a1, a1, t4        a1=00000078  a1:00000081  t4:000000f9 
98890000: 9889: [[34m/soc/host/insn                   [0m] aes128_encrypt_block:0           M 000014fa xor                 t4, s0, a2        t4=00000070  s0:0000006b  a2:0000001b 
98900000: 9890: [[34m/soc/host/insn                   [0m] aes128_encrypt_block:0           M 000014fe xor                 t6, a3, a5        t6=00000091  a3:00000098  a5:00000009 
98910000: 9891: [[34m/soc/host/insn                   [0m] aes128_encrypt_block:0           M 00001502 c.addi              s1, s1, 16        s1=00000a63  s1:00000a53 
98920000: 9892: [[34m/soc/host/insn                   [0m] aes128_encrypt_block:0           M 00001504 c.xor               a4, a4, a0        a4=0000004f  a4:000000fd  a0:000000b2 
98930000: 9893: [[34m/soc/host/insn                   [0m] aes128_encrypt_block:0           M 00001506 sb                  s2, 12(sp)        s2:0000006c  sp:000009d0  PA:000009dc 
98940000: 9894: [[34m/soc/host/insn                   [0m] aes128_encrypt_block:0           M 0000150a sb                  t3, 13(sp)        t3:0000008c  sp:000009d0  PA:000009dd 
98950000: 9895: [[34m/soc/host/insn                   [0m] aes128_encrypt_block:0           M 0000150e sb                  t2, 14(sp)        t2:000000a6  sp:000009d0  PA:000009de 
98960000: 9896: [[34m/soc/host/insn                   [0m] aes128_encrypt_block:0           M 00001512 sb                  t1, 15(sp)        t1:00000084  sp:000009d0  PA:000009df 
98970000: 9897: [[34m/soc/host/insn                   [0m] aes128_encrypt_block:0           M 00001516 sb                  s4, 16(sp)        s4:00000026  sp:000009d0  PA:000009e0 
98980000: 9898: [[34m/soc/host/insn                   [0m] aes128_encrypt_block:0           M 0000151a sb                  a7, 17(sp)        a7:000000a3  sp:000009d0  PA:000009e1 
98990000: 9899: [[34m/soc/host/insn                   [0m] aes128_encrypt_block:0           M 0000151e sb                  t0, 18(sp)        t0:00000017  sp:000009d0  PA:000009e2 
99000000: 9900: [[34m/soc/host/insn                   [0m] aes128_encrypt_block:0           M 00001522 sb                  a6, 19(sp)        a6:000000bd  sp:000009d0  PA:000009e3 
99010000: 9901: [[34m/soc/host/insn                   [0m] aes128_encrypt_block:0           M 00001526 sb                  s7, 20(sp)        s7:00000035  sp:000009d0  PA:000009e4 
99020000: 9902: [[34m/soc/host/insn                   [0m] aes128_encrypt_block:0           M 0000152a sb                  s11, 21(sp)      s11:000000c0  sp:000009d0  PA:000009e5 
99030000: 9903: [[34m/soc/host/insn                   [0m] aes128_encrypt_block:0           M 0000152e sb                  t5, 22(sp)        t5:0000000a  sp:000009d0  PA:000009e6 
99040000: 9904: [[34m/soc/host/insn                   [0m] aes128_encrypt_block:0           M 00001532 sb                  s10, 23(sp)      s10:000000cd  sp:000009d0  PA:000009e7 
99050000: 9905: [[34m/soc/host/insn                   [0m] aes128_encrypt_block:0           M 00001536 sb                  a1, 24(sp)        a1:00000078  sp:000009d0  PA:000009e8 
99060000: 9906: [[34m/soc/host/insn                   [0m] aes128_encrypt_block:0           M 0000153a sb                  t4, 25(sp)        t4:00000070  sp:000009d0  PA:000009e9 
99070000: 9907: [[34m/soc/host/insn                   [0m] aes128_encrypt_block:0           M 0000153e sb                  t6, 26(sp)        t6:00000091  sp:000009d0  PA:000009ea 
99210000: 9921: [[34m/soc/host/insn                   [0m] aes128_encrypt_block:0           M 00001542 sb                  a4, 27(sp)        a4:0000004f  sp:000009d0  PA:000009eb 
99220000: 9922: [[34m/soc/host/insn                   [0m] aes128_encrypt_block:0           M 00001546 addi                a0, s3, 175       a0=00000ae3  s3:00000a34 
99230000: 9923: [[34m/soc/host/insn                   [0m] aes128_encrypt_block:0           M 0000154a bne                 s1, a0, -434      s1:00000a63  a0:00000ae3 
99260000: 9926: [[34m/soc/host/insn                   [0m] aes128_encrypt_block:0           M 00001398 add                 s0, s5, s2        s0=00000094  s5:00000028  s2:0000006c 
99390000: 9939: [[34m/soc/host/insn                   [0m] aes128_encrypt_block:0           M 0000139c c.add               t3, t3, s5        t3=000000b4  t3:0000008c  s5:00000028 
99400000: 9940: [[34m/soc/host/insn                   [0m] aes128_encrypt_block:0           M 0000139e c.add               t2, t2, s5        t2=000000ce  t2:000000a6  s5:00000028 
99410000: 9941: [[34m/soc/host/insn                   [0m] aes128_encrypt_block:0           M 000013a0 c.add               t1, t1, s5        t1=000000ac  t1:00000084  s5:00000028 
99420000: 9942: [[34m/soc/host/insn                   [0m] aes128_encrypt_block:0           M 000013a2 add                 s6, s5, s4        s6=0000004e  s5:00000028  s4:00000026 
99430000: 9943: [[34m/soc/host/insn                   [0m] aes128_encrypt_block:0           M 000013a6 c.add               a7, a7, s5        a7=000000cb  a7:000000a3  s5:00000028 
99440000: 9944: [[34m/soc/host/insn                   [0m] aes128_encrypt_block:0           M 000013a8 c.add               t0, t0, s5        t0=0000003f  t0:00000017  s5:00000028 
99450000: 9945: [[34m/soc/host/insn                   [0m] aes128_encrypt_block:0           M 000013aa c.add               a6, a6, s5        a6=000000e5  a6:000000bd  s5:00000028 
99460000: 9946: [[34m/soc/host/insn                   [0m] aes128_encrypt_block:0           M 000013ac c.add               s7, s7, s5        s7=0000005d  s7:00000035  s5:00000028 
99470000: 9947: [[34m/soc/host/insn                   [0m] aes128_encrypt_block:0           M 000013ae add                 s8, s5, s11       s8=000000e8  s5:00000028 s11:000000c0 
99480000: 9948: [[34m/soc/host/insn                   [0m] aes128_encrypt_block:0           M 000013b2 c.add               t5, t5, s5        t5=00000032  t5:0000000a  s5:00000028 
99490000: 9949: [[34m/soc/host/insn                   [0m] aes128_encrypt_block:0           M 000013b4 add                 a2, s5, s10       a2=000000f5  s5:00000028 s10:000000cd 
99500000: 9950: [[34m/soc/host/insn                   [0m] aes128_encrypt_block:0           M 000013b8 add                 a5, s5, a1        a5=000000a0  s5:00000028  a1:00000078 
99510000: 9951: [[34m/soc/host/insn                   [0m] aes128_encrypt_block:0           M 000013bc c.add               t4, t4, s5        t4=00000098  t4:00000070  s5:00000028 
99520000: 9952: [[34m/soc/host/insn                   [0m] aes128_encrypt_block:0           M 000013be c.add               t6, t6, s5        t6=000000b9  t6:00000091  s5:00000028 
99550000: 9955: [[34m/soc/host/insn                   [0m] aes128_encrypt_block:0           M 000013c0 c.add               a4, a4, s5        a4=00000077  a4:0000004f  s5:00000028 
99560000: 9956: [[34m/soc/host/insn                   [0m] aes128_encrypt_block:0           M 000013c2 lbu                 s2, 0(s0)         s2=00000050  s0:00000094  PA:00000094 
99570000: 9957: [[34m/soc/host/insn                   [0m] aes128_encrypt_block:0           M 000013c6 lbu                 s9, 0(t3)         s9=00000064  t3:000000b4  PA:000000b4 
99580000: 9958: [[34m/soc/host/insn                   [0m] aes128_encrypt_block:0           M 000013ca lbu                 t3, 0(t2)         t3=00000024  t2:000000ce  PA:000000ce 
99590000: 9959: [[34m/soc/host/insn                   [0m] aes128_encrypt_block:0           M 000013ce lbu                 t1, 0(t1)         t1=0000005f  t1:000000ac  PA:000000ac 
99600000: 9960: [[34m/soc/host/insn                   [0m] aes128_encrypt_block:0           M 000013d2 lbu                 t2, 0(s6)         t2=000000f7  s6:0000004e  PA:0000004e 
99610000: 9961: [[34m/soc/host/insn                   [0m] aes128_encrypt_block:0           M 000013d6 lbu                 a7, 0(a7)         a7=0000000a  a7:000000cb  PA:000000cb 
99620000: 9962: [[34m/soc/host/insn                   [0m] aes128_encrypt_block:0           M 000013da lbu                 a0, 0(t0)         a0=000000f0  t0:0000003f  PA:0000003f 
99630000: 9963: [[34m/soc/host/insn                   [0m] aes128_encrypt_block:0           M 000013de lbu                 s6, 0(a6)         s6=0000007a  a6:000000e5  PA:000000e5 
99640000: 9964: [[34m/soc/host/insn                   [0m] aes128_encrypt_block:0           M 000013e2 lbu                 a3, 0(s7)         a3=00000096  s7:0000005d  PA:0000005d 
99650000: 9965: [[34m/soc/host/insn                   [0m] aes128_encrypt_block:0           M 000013e6 lbu                 a6, 0(s8)         a6=000000ba  s8:000000e8  PA:000000e8 
99660000: 9966: [[34m/soc/host/insn                   [0m] aes128_encrypt_block:0           M 000013ea lbu                 t0, 0(t5)         t0=00000067  t5:00000032  PA:00000032 
99670000: 9967: [[34m/soc/host/insn                   [0m] aes128_encrypt_block:0           M 000013ee lbu                 a2, 0(a2)         a2=000000bd  a2:000000f5  PA:000000f5 
99680000: 9968: [[34m/soc/host/insn                   [0m] aes128_encrypt_block:0           M 000013f2 lbu                 a5, 0(a5)         a5=000000bc  a5:000000a0  PA:000000a0 
99690000: 9969: [[34m/soc/host/insn                   [0m] aes128_encrypt_block:0           M 000013f6 lbu                 a1, 0(t4)         a1=00000051  t4:00000098  PA:00000098 
99700000: 9970: [[34m/soc/host/insn                   [0m] aes128_encrypt_block:0           M 000013fa lbu                 s0, 0(t6)         s0=00000081  t6:000000b9  PA:000000b9 
99710000: 9971: [[34m/soc/host/insn                   [0m] aes128_encrypt_block:0           M 000013fe lbu                 a4, 0(a4)         a4=00000084  a4:00000077  PA:00000077 
99860000: 9986: [[34m/soc/host/insn                   [0m] aes128_encrypt_block:0           M 00001402 sb                  a5, 24(sp)        a5:000000bc  sp:000009d0  PA:000009e8 
99870000: 9987: [[34m/soc/host/insn                   [0m] aes128_encrypt_block:0           M 00001406 sb                  s9, 25(sp)        s9:00000064  sp:000009d0  PA:000009e9 
99880000: 9988: [[34m/soc/host/insn                   [0m] aes128_encrypt_block:0           M 0000140a sb                  a0, 26(sp)        a0:000000f0  sp:000009d0  PA:000009ea 
99890000: 9989: [[34m/soc/host/insn                   [0m] aes128_encrypt_block:0           M 0000140e sb                  a2, 27(sp)        a2:000000bd  sp:000009d0  PA:000009eb 
99900000: 9990: [[34m/soc/host/insn                   [0m] aes128_encrypt_block:0           M 00001412 sb                  a3, 20(sp)        a3:00000096  sp:000009d0  PA:000009e4 
99910000: 9991: [[34m/soc/host/insn                   [0m] aes128_encrypt_block:0           M 00001416 sb                  a1, 21(sp)        a1:00000051  sp:000009d0  PA:000009e5 
99920000: 9992: [[34m/soc/host/insn                   [0m] aes128_encrypt_block:0           M 0000141a sb                  t3, 22(sp)        t3:00000024  sp:000009d0  PA:000009e6 
99930000: 9993: [[34m/soc/host/insn                   [0m] aes128_encrypt_block:0           M 0000141e sb                  s6, 23(sp)        s6:0000007a  sp:000009d0  PA:000009e7 
99940000: 9994: [[34m/soc/host/insn                   [0m] aes128_encrypt_block:0           M 00001422 sb                  t2, 16(sp)        t2:000000f7  sp:000009d0  PA:000009e0 
99950000: 9995: [[34m/soc/host/insn                   [0m] aes128_encrypt_block:0           M 00001426 sb                  a6, 17(sp)        a6:000000ba  sp:000009d0  PA:000009e1 
99960000: 9996: [[34m/soc/host/insn                   [0m] aes128_encrypt_block:0           M 0000142a sb                  s0, 18(sp)        s0:00000081  sp:000009d0  PA:000009e2 
99970000: 9997: [[34m/soc/host/insn                   [0m] aes128_encrypt_block:0           M 0000142e sb                  t1, 19(sp)        t1:0000005f  sp:000009d0  PA:000009e3 
99980000: 9998: [[34m/soc/host/insn                   [0m] aes128_encrypt_block:0           M 00001432 sb                  s2, 12(sp)        s2:00000050  sp:000009d0  PA:000009dc 
99990000: 9999: [[34m/soc/host/insn                   [0m] aes128_encrypt_block:0           M 00001436 sb                  a7, 13(sp)        a7:0000000a  sp:000009d0  PA:000009dd 
100000000: 10000: [[34m/soc/host/insn                   [0m] aes128_encrypt_block:0           M 0000143a sb                  t0, 14(sp)        t0:00000067  sp:000009d0  PA:000009de 
100010000: 10001: [[34m/soc/host/insn                   [0m] aes128_encrypt_block:0           M 0000143e sb                  a4, 15(sp)        a4:00000084  sp:000009d0  PA:000009df 
100180000: 10018: [[34m/soc/host/insn                   [0m] aes128_encrypt_block:0           M 00001442 c.addi4spn          a0, sp, 12        a0=000009dc  sp:000009d0 
100190000: 10019: [[34m/soc/host/insn                   [0m] aes128_encrypt_block:0           M 00001444 c.jal               ra, -1426         ra=00001446 
112740000: 11274: [[34m/soc/host/insn                   [0m] aes128_encrypt_block:0           M 00001446 lbu                 a6, -15(s1)       a6=00000067  s1:00000a63  PA:00000a54 
112840000: 11284: [[34m/soc/host/insn                   [0m] aes128_encrypt_block:0           M 0000144a lbu                 a7, -14(s1)       a7=00000024  s1:00000a63  PA:00000a55 
112850000: 11285: [[34m/soc/host/insn                   [0m] aes128_encrypt_block:0           M 0000144e lbu                 t0, -13(s1)       t0=00000007  s1:00000a63  PA:00000a56 
112860000: 11286: [[34m/soc/host/insn                   [0m] aes128_encrypt_block:0           M 00001452 lbu                 t1, -12(s1)       t1=00000009  s1:00000a63  PA:00000a57 
112870000: 11287: [[34m/soc/host/insn                   [0m] aes128_encrypt_block:0           M 00001456 lbu                 s0, 12(sp)        s0=0000005d  sp:000009d0  PA:000009dc 
112880000: 11288: [[34m/soc/host/insn                   [0m] aes128_encrypt_block:0           M 0000145a lbu                 t2, 13(sp)        t2=00000069  sp:000009d0  PA:000009dd 
112890000: 11289: [[34m/soc/host/insn                   [0m] aes128_encrypt_block:0           M 0000145e lbu                 t6, 14(sp)        t6=00000003  sp:000009d0  PA:000009de 
112900000: 11290: [[34m/soc/host/insn                   [0m] aes128_encrypt_block:0           M 00001462 lbu                 t5, 15(sp)        t5=0000008e  sp:000009d0  PA:000009df 
112910000: 11291: [[34m/soc/host/insn                   [0m] aes128_encrypt_block:0           M 00001466 lbu                 t4, -11(s1)       t4=00000099  s1:00000a63  PA:00000a58 
112920000: 11292: [[34m/soc/host/insn                   [0m] aes128_encrypt_block:0           M 0000146a lbu                 s10, -10(s1)     s10=00000031  s1:00000a63  PA:00000a59 
112930000: 11293: [[34m/soc/host/insn                   [0m] aes128_encrypt_block:0           M 0000146e lbu                 s9, -9(s1)        s9=0000000f  s1:00000a63  PA:00000a5a 
112940000: 11294: [[34m/soc/host/insn                   [0m] aes128_encrypt_block:0           M 00001472 lbu                 s7, -8(s1)        s7=000000ac  s1:00000a63  PA:00000a5b 
112950000: 11295: [[34m/soc/host/insn                   [0m] aes128_encrypt_block:0           M 00001476 lbu                 a0, 16(sp)        a0=000000fe  sp:000009d0  PA:000009e0 
112960000: 11296: [[34m/soc/host/insn                   [0m] aes128_encrypt_block:0           M 0000147a lbu                 a4, 17(sp)        a4=0000005f  sp:000009d0  PA:000009e1 
112970000: 11297: [[34m/soc/host/insn                   [0m] aes128_encrypt_block:0           M 0000147e lbu                 a5, 18(sp)        a5=000000b5  sp:000009d0  PA:000009e2 
113140000: 11314: [[34m/soc/host/insn                   [0m] aes128_encrypt_block:0           M 00001482 lbu                 a2, 19(sp)        a2=00000087  sp:000009d0  PA:000009e3 
113150000: 11315: [[34m/soc/host/insn                   [0m] aes128_encrypt_block:0           M 00001486 lbu                 s6, -7(s1)        s6=00000017  s1:00000a63  PA:00000a5c 
113160000: 11316: [[34m/soc/host/insn                   [0m] aes128_encrypt_block:0           M 0000148a lbu                 s11, -6(s1)      s11=00000045  s1:00000a63  PA:00000a5d 
113170000: 11317: [[34m/soc/host/insn                   [0m] aes128_encrypt_block:0           M 0000148e lbu                 s8, -5(s1)        s8=00000074  s1:00000a63  PA:00000a5e 
113180000: 11318: [[34m/soc/host/insn                   [0m] aes128_encrypt_block:0           M 00001492 lbu                 ra, -4(s1)        ra=0000007a  s1:00000a63  PA:00000a5f 
113190000: 11319: [[34m/soc/host/insn                   [0m] aes128_encrypt_block:0           M 00001496 xor                 s2, s0, a6        s2=0000003a  s0:0000005d  a6:00000067 
113200000: 11320: [[34m/soc/host/insn                   [0m] aes128_encrypt_block:0           M 0000149a xor                 t3, t2, a7        t3=0000004d  t2:00000069  a7:00000024 
113210000: 11321: [[34m/soc/host/insn                   [0m] aes128_encrypt_block:0           M 0000149e xor                 t2, t6, t0        t2=00000004  t6:00000003  t0:00000007 
113220000: 11322: [[34m/soc/host/insn                   [0m] aes128_encrypt_block:0           M 000014a2 xor                 t1, t5, t1        t1=00000087  t5:0000008e  t1:00000009 
113230000: 11323: [[34m/soc/host/insn                   [0m] aes128_encrypt_block:0           M 000014a6 lbu                 s0, 20(sp)        s0=0000009a  sp:000009d0  PA:000009e4 
113240000: 11324: [[34m/soc/host/insn                   [0m] aes128_encrypt_block:0           M 000014aa lbu                 a1, 21(sp)        a1=00000022  sp:000009d0  PA:000009e5 
113250000: 11325: [[34m/soc/host/insn                   [0m] aes128_encrypt_block:0           M 000014ae lbu                 a3, 22(sp)        a3=00000001  sp:000009d0  PA:000009e6 
113260000: 11326: [[34m/soc/host/insn                   [0m] aes128_encrypt_block:0           M 000014b2 lbu                 t6, 23(sp)        t6=00000020  sp:000009d0  PA:000009e7 
113270000: 11327: [[34m/soc/host/insn                   [0m] aes128_encrypt_block:0           M 000014b6 xor                 s4, a0, t4        s4=00000067  a0:000000fe  t4:00000099 
113280000: 11328: [[34m/soc/host/insn                   [0m] aes128_encrypt_block:0           M 000014ba xor                 a7, a4, s10       a7=0000006e  a4:0000005f s10:00000031 
113290000: 11329: [[34m/soc/host/insn                   [0m] aes128_encrypt_block:0           M 000014be xor                 t0, a5, s9        t0=000000ba  a5:000000b5  s9:0000000f 
113480000: 11348: [[34m/soc/host/insn                   [0m] aes128_encrypt_block:0           M 000014c2 xor                 a6, a2, s7        a6=0000002b  a2:00000087  s7:000000ac 
113490000: 11349: [[34m/soc/host/insn                   [0m] aes128_encrypt_block:0           M 000014c6 lbu                 t4, -3(s1)        t4=000000ee  s1:00000a63  PA:00000a60 
113500000: 11350: [[34m/soc/host/insn                   [0m] aes128_encrypt_block:0           M 000014ca lbu                 a2, -2(s1)        a2=0000005e  s1:00000a63  PA:00000a61 
113510000: 11351: [[34m/soc/host/insn                   [0m] aes128_encrypt_block:0           M 000014ce lbu                 a5, -1(s1)        a5=0000007d  s1:00000a63  PA:00000a62 
113520000: 11352: [[34m/soc/host/insn                   [0m] aes128_encrypt_block:0           M 000014d2 lbu                 a0, 0(s1)         a0=000000c8  s1:00000a63  PA:00000a63 
113530000: 11353: [[34m/soc/host/insn                   [0m] aes128_encrypt_block:0           M 000014d6 xor                 s7, s0, s6        s7=0000008d  s0:0000009a  s6:00000017 
113540000: 11354: [[34m/soc/host/insn                   [0m] aes128_encrypt_block:0           M 000014da xor                 s11, a1, s11     s11=00000067  a1:00000022 s11:00000045 
113550000: 11355: [[34m/soc/host/insn                   [0m] aes128_encrypt_block:0           M 000014de xor                 t5, a3, s8        t5=00000075  a3:00000001  s8:00000074 
113560000: 11356: [[34m/soc/host/insn                   [0m] aes128_encrypt_block:0           M 000014e2 xor                 s10, t6, ra      s10=0000005a  t6:00000020  ra:0000007a 
113570000: 11357: [[34m/soc/host/insn                   [0m] aes128_encrypt_block:0           M 000014e6 lbu                 a1, 24(sp)        a1=00000082  sp:000009d0  PA:000009e8 
113580000: 11358: [[34m/soc/host/insn                   [0m] aes128_encrypt_block:0           M 000014ea lbu                 s0, 25(sp)        s0=000000c2  sp:000009d0  PA:000009e9 
113590000: 11359: [[34m/soc/host/insn                   [0m] aes128_encrypt_block:0           M 000014ee lbu                 a3, 26(sp)        a3=000000ff  sp:000009d0  PA:000009ea 
113600000: 11360: [[34m/soc/host/insn                   [0m] aes128_encrypt_block:0           M 000014f2 lbu                 a4, 27(sp)        a4=0000002a  sp:000009d0  PA:000009eb 
113610000: 11361: [[34m/soc/host/insn                   [0m] aes128_encrypt_block:0           M 000014f6 xor                 a1, a1, t4        a1=0000006c  a1:00000082  t4:000000ee 
113620000: 11362: [[34m/soc/host/insn                   [0m] aes128_encrypt_block:0           M 000014fa xor                 t4, s0, a2        t4=0000009c  s0:000000c2  a2:0000005e 
113630000: 11363: [[34m/soc/host/insn                   [0m] aes128_encrypt_block:0           M 000014fe xor                 t6, a3, a5        t6=00000082  a3:000000ff  a5:0000007d 
113640000: 11364: [[34m/soc/host/insn                   [0m] aes128_encrypt_block:0           M 00001502 c.addi              s1, s1, 16        s1=00000a73  s1:00000a63 
113650000: 11365: [[34m/soc/host/insn                   [0m] aes128_encrypt_block:0           M 00001504 c.xor               a4, a4, a0        a4=000000e2  a4:0000002a  a0:000000c8 
113660000: 11366: [[34m/soc/host/insn                   [0m] aes128_encrypt_block:0           M 00001506 sb                  s2, 12(sp)        s2:0000003a  sp:000009d0  PA:000009dc 
113670000: 11367: [[34m/soc/host/insn                   [0m] aes128_encrypt_block:0           M 0000150a sb                  t3, 13(sp)        t3:0000004d  sp:000009d0  PA:000009dd 
113680000: 11368: [[34m/soc/host/insn                   [0m] aes128_encrypt_block:0           M 0000150e sb                  t2, 14(sp)        t2:00000004  sp:000009d0  PA:000009de 
113690000: 11369: [[34m/soc/host/insn                   [0m] aes128_encrypt_block:0           M 00001512 sb                  t1, 15(sp)        t1:00000087  sp:000009d0  PA:000009df 
113700000: 11370: [[34m/soc/host/insn                   [0m] aes128_encrypt_block:0           M 00001516 sb                  s4, 16(sp)        s4:00000067  sp:000009d0  PA:000009e0 
113710000: 11371: [[34m/soc/host/insn                   [0m] aes128_encrypt_block:0           M 0000151a sb                  a7, 17(sp)        a7:0000006e  sp:000009d0  PA:000009e1 
113720000: 11372: [[34m/soc/host/insn                   [0m] aes128_encrypt_block:0           M 0000151e sb                  t0, 18(sp)        t0:000000ba  sp:000009d0  PA:000009e2 
113730000: 11373: [[34m/soc/host/insn                   [0m] aes128_encrypt_block:0           M 00001522 sb                  a6, 19(sp)        a6:0000002b  sp:000009d0  PA:000009e3 
113740000: 11374: [[34m/soc/host/insn                   [0m] aes128_encrypt_block:0           M 00001526 sb                  s7, 20(sp)        s7:0000008d  sp:000009d0  PA:000009e4 
113750000: 11375: [[34m/soc/host/insn                   [0m] aes128_encrypt_block:0           M 0000152a sb                  s11, 21(sp)      s11:00000067  sp:000009d0  PA:000009e5 
113760000: 11376: [[34m/soc/host/insn                   [0m] aes128_encrypt_block:0           M 0000152e sb                  t5, 22(sp)        t5:00000075  sp:000009d0  PA:000009e6 
113770000: 11377: [[34m/soc/host/insn                   [0m] aes128_encrypt_block:0           M 00001532 sb                  s10, 23(sp)      s10:0000005a  sp:000009d0  PA:000009e7 
113780000: 11378: [[34m/soc/host/insn                   [0m] aes128_encrypt_block:0           M 00001536 sb                  a1, 24(sp)        a1:0000006c  sp:000009d0  PA:000009e8 
113790000: 11379: [[34m/soc/host/insn                   [0m] aes128_encrypt_block:0           M 0000153a sb                  t4, 25(sp)        t4:0000009c  sp:000009d0  PA:000009e9 
113800000: 11380: [[34m/soc/host/insn                   [0m] aes128_encrypt_block:0           M 0000153e sb                  t6, 26(sp)        t6:00000082  sp:000009d0  PA:000009ea 
113940000: 11394: [[34m/soc/host/insn                   [0m] aes128_encrypt_block:0           M 00001542 sb                  a4, 27(sp)        a4:000000e2  sp:000009d0  PA:000009eb 
113950000: 11395: [[34m/soc/host/insn                   [0m] aes128_encrypt_block:0           M 00001546 addi                a0, s3, 175       a0=00000ae3  s3:00000a34 
113960000: 11396: [[34m/soc/host/insn                   [0m] aes128_encrypt_block:0           M 0000154a bne                 s1, a0, -434      s1:00000a73  a0:00000ae3 
113990000: 11399: [[34m/soc/host/insn                   [0m] aes128_encrypt_block:0           M 00001398 add                 s0, s5, s2        s0=00000062  s5:00000028  s2:0000003a 
114120000: 11412: [[34m/soc/host/insn                   [0m] aes128_encrypt_block:0           M 0000139c c.add               t3, t3, s5        t3=00000075  t3:0000004d  s5:00000028 
114130000: 11413: [[34m/soc/host/insn                   [0m] aes128_encrypt_block:0           M 0000139e c.add               t2, t2, s5        t2=0000002c  t2:00000004  s5:00000028 
114140000: 11414: [[34m/soc/host/insn                   [0m] aes128_encrypt_block:0           M 000013a0 c.add               t1, t1, s5        t1=000000af  t1:00000087  s5:00000028 
114150000: 11415: [[34m/soc/host/insn                   [0m] aes128_encrypt_block:0           M 000013a2 add                 s6, s5, s4        s6=0000008f  s5:00000028  s4:00000067 
114160000: 11416: [[34m/soc/host/insn                   [0m] aes128_encrypt_block:0           M 000013a6 c.add               a7, a7, s5        a7=00000096  a7:0000006e  s5:00000028 
114170000: 11417: [[34m/soc/host/insn                   [0m] aes128_encrypt_block:0           M 000013a8 c.add               t0, t0, s5        t0=000000e2  t0:000000ba  s5:00000028 
114180000: 11418: [[34m/soc/host/insn                   [0m] aes128_encrypt_block:0           M 000013aa c.add               a6, a6, s5        a6=00000053  a6:0000002b  s5:00000028 
114190000: 11419: [[34m/soc/host/insn                   [0m] aes128_encrypt_block:0           M 000013ac c.add               s7, s7, s5        s7=000000b5  s7:0000008d  s5:00000028 
114200000: 11420: [[34m/soc/host/insn                   [0m] aes128_encrypt_block:0           M 000013ae add                 s8, s5, s11       s8=0000008f  s5:00000028 s11:00000067 
114210000: 11421: [[34m/soc/host/insn                   [0m] aes128_encrypt_block:0           M 000013b2 c.add               t5, t5, s5        t5=0000009d  t5:00000075  s5:00000028 
114220000: 11422: [[34m/soc/host/insn                   [0m] aes128_encrypt_block:0           M 000013b4 add                 a2, s5, s10       a2=00000082  s5:00000028 s10:0000005a 
114230000: 11423: [[34m/soc/host/insn                   [0m] aes128_encrypt_block:0           M 000013b8 add                 a5, s5, a1        a5=00000094  s5:00000028  a1:0000006c 
114240000: 11424: [[34m/soc/host/insn                   [0m] aes128_encrypt_block:0           M 000013bc c.add               t4, t4, s5        t4=000000c4  t4:0000009c  s5:00000028 
114250000: 11425: [[34m/soc/host/insn                   [0m] aes128_encrypt_block:0           M 000013be c.add               t6, t6, s5        t6=000000aa  t6:00000082  s5:00000028 
114280000: 11428: [[34m/soc/host/insn                   [0m] aes128_encrypt_block:0           M 000013c0 c.add               a4, a4, s5        a4=0000010a  a4:000000e2  s5:00000028 
114290000: 11429: [[34m/soc/host/insn                   [0m] aes128_encrypt_block:0           M 000013c2 lbu                 s2, 0(s0)         s2=00000080  s0:00000062  PA:00000062 
114300000: 11430: [[34m/soc/host/insn                   [0m] aes128_encrypt_block:0           M 000013c6 lbu                 s9, 0(t3)         s9=000000e3  t3:00000075  PA:00000075 
114310000: 11431: [[34m/soc/host/insn                   [0m] aes128_encrypt_block:0           M 000013ca lbu                 t3, 0(t2)         t3=000000f2  t2:0000002c  PA:0000002c 
114320000: 11432: [[34m/soc/host/insn                   [0m] aes128_encrypt_block:0           M 000013ce lbu                 t1, 0(t1)         t1=00000017  t1:000000af  PA:000000af 
114330000: 11433: [[34m/soc/host/insn                   [0m] aes128_encrypt_block:0           M 000013d2 lbu                 t2, 0(s6)         t2=00000085  s6:0000008f  PA:0000008f 
114340000: 11434: [[34m/soc/host/insn                   [0m] aes128_encrypt_block:0           M 000013d6 lbu                 a7, 0(a7)         a7=0000009f  a7:00000096  PA:00000096 
114350000: 11435: [[34m/soc/host/insn                   [0m] aes128_encrypt_block:0           M 000013da lbu                 a0, 0(t0)         a0=000000f4  t0:000000e2  PA:000000e2 
114360000: 11436: [[34m/soc/host/insn                   [0m] aes128_encrypt_block:0           M 000013de lbu                 s6, 0(a6)         s6=000000f1  a6:00000053  PA:00000053 
114370000: 11437: [[34m/soc/host/insn                   [0m] aes128_encrypt_block:0           M 000013e2 lbu                 a3, 0(s7)         a3=0000005d  s7:000000b5  PA:000000b5 
114380000: 11438: [[34m/soc/host/insn                   [0m] aes128_encrypt_block:0           M 000013e6 lbu                 a6, 0(s8)         a6=00000085  s8:0000008f  PA:0000008f 
114390000: 11439: [[34m/soc/host/insn                   [0m] aes128_encrypt_block:0           M 000013ea lbu                 t0, 0(t5)         t0=0000009d  t5:0000009d  PA:0000009d 
114400000: 11440: [[34m/soc/host/insn                   [0m] aes128_encrypt_block:0           M 000013ee lbu                 a2, 0(a2)         a2=000000be  a2:00000082  PA:00000082 
114410000: 11441: [[34m/soc/host/insn                   [0m] aes128_encrypt_block:0           M 000013f2 lbu                 a5, 0(a5)         a5=00000050  a5:00000094  PA:00000094 
114420000: 11442: [[34m/soc/host/insn                   [0m] aes128_encrypt_block:0           M 000013f6 lbu                 a1, 0(t4)         a1=000000de  t4:000000c4  PA:000000c4 
114430000: 11443: [[34m/soc/host/insn                   [0m] aes128_encrypt_block:0           M 000013fa lbu                 s0, 0(t6)         s0=00000013  t6:000000aa  PA:000000aa 
114440000: 11444: [[34m/soc/host/insn                   [0m] aes128_encrypt_block:0           M 000013fe lbu                 a4, 0(a4)         a4=00000098  a4:0000010a  PA:0000010a 
114590000: 11459: [[34m/soc/host/insn                   [0m] aes128_encrypt_block:0           M 00001402 sb                  a5, 24(sp)        a5:00000050  sp:000009d0  PA:000009e8 
114600000: 11460: [[34m/soc/host/insn                   [0m] aes128_encrypt_block:0           M 00001406 sb                  s9, 25(sp)        s9:000000e3  sp:000009d0  PA:000009e9 
114610000: 11461: [[34m/soc/host/insn                   [0m] aes128_encrypt_block:0           M 0000140a sb                  a0, 26(sp)        a0:000000f4  sp:000009d0  PA:000009ea 
114620000: 11462: [[34m/soc/host/insn                   [0m] aes128_encrypt_block:0           M 0000140e sb                  a2, 27(sp)        a2:000000be  sp:000009d0  PA:000009eb 
114630000: 11463: [[34m/soc/host/insn                   [0m] aes128_encrypt_block:0           M 00001412 sb                  a3, 20(sp)        a3:0000005d  sp:000009d0  PA:000009e4 
114640000: 11464: [[34m/soc/host/insn                   [0m] aes128_encrypt_block:0           M 00001416 sb                  a1, 21(sp)        a1:000000de  sp:000009d0  PA:000009e5 
114650000: 11465: [[34m/soc/host/insn                   [0m] aes128_encrypt_block:0           M 0000141a sb                  t3, 22(sp)        t3:000000f2  sp:000009d0  PA:000009e6 
114660000: 11466: [[34m/soc/host/insn                   [0m] aes128_encrypt_block:0           M 0000141e sb                  s6, 23(sp)        s6:000000f1  sp:000009d0  PA:000009e7 
114670000: 11467: [[34m/soc/host/insn                   [0m] aes128_encrypt_block:0           M 00001422 sb                  t2, 16(sp)        t2:00000085  sp:000009d0  PA:000009e0 
114680000: 11468: [[34m/soc/host/insn                   [0m] aes128_encrypt_block:0           M 00001426 sb                  a6, 17(sp)        a6:00000085  sp:000009d0  PA:000009e1 
114690000: 11469: [[34m/soc/host/insn                   [0m] aes128_encrypt_block:0           M 0000142a sb                  s0, 18(sp)        s0:00000013  sp:000009d0  PA:000009e2 
114700000: 11470: [[34m/soc/host/insn                   [0m] aes128_encrypt_block:0           M 0000142e sb                  t1, 19(sp)        t1:00000017  sp:000009d0  PA:000009e3 
114710000: 11471: [[34m/soc/host/insn                   [0m] aes128_encrypt_block:0           M 00001432 sb                  s2, 12(sp)        s2:00000080  sp:000009d0  PA:000009dc 
114720000: 11472: [[34m/soc/host/insn                   [0m] aes128_encrypt_block:0           M 00001436 sb                  a7, 13(sp)        a7:0000009f  sp:000009d0  PA:000009dd 
114730000: 11473: [[34m/soc/host/insn                   [0m] aes128_encrypt_block:0           M 0000143a sb                  t0, 14(sp)        t0:0000009d  sp:000009d0  PA:000009de 
114740000: 11474: [[34m/soc/host/insn                   [0m] aes128_encrypt_block:0           M 0000143e sb                  a4, 15(sp)        a4:00000098  sp:000009d0  PA:000009df 
114910000: 11491: [[34m/soc/host/insn                   [0m] aes128_encrypt_block:0           M 00001442 c.addi4spn          a0, sp, 12        a0=000009dc  sp:000009d0 
114920000: 11492: [[34m/soc/host/insn                   [0m] aes128_encrypt_block:0           M 00001444 c.jal               ra, -1426         ra=00001446 
127470000: 12747: [[34m/soc/host/insn                   [0m] aes128_encrypt_block:0           M 00001446 lbu                 a6, -15(s1)       a6=0000003b  s1:00000a73  PA:00000a64 
127570000: 12757: [[34m/soc/host/insn                   [0m] aes128_encrypt_block:0           M 0000144a lbu                 a7, -14(s1)       a7=000000db  s1:00000a73  PA:00000a65 
127580000: 12758: [[34m/soc/host/insn                   [0m] aes128_encrypt_block:0           M 0000144e lbu                 t0, -13(s1)       t0=000000ef  s1:00000a73  PA:00000a66 
127590000: 12759: [[34m/soc/host/insn                   [0m] aes128_encrypt_block:0           M 00001452 lbu                 t1, -12(s1)       t1=00000021  s1:00000a73  PA:00000a67 
127600000: 12760: [[34m/soc/host/insn                   [0m] aes128_encrypt_block:0           M 00001456 lbu                 s0, 12(sp)        s0=000000a4  sp:000009d0  PA:000009dc 
127610000: 12761: [[34m/soc/host/insn                   [0m] aes128_encrypt_block:0           M 0000145a lbu                 t2, 13(sp)        t2=00000081  sp:000009d0  PA:000009dd 
127620000: 12762: [[34m/soc/host/insn                   [0m] aes128_encrypt_block:0           M 0000145e lbu                 t6, 14(sp)        t6=0000008d  sp:000009d0  PA:000009de 
127630000: 12763: [[34m/soc/host/insn                   [0m] aes128_encrypt_block:0           M 00001462 lbu                 t5, 15(sp)        t5=000000b2  sp:000009d0  PA:000009df 
127640000: 12764: [[34m/soc/host/insn                   [0m] aes128_encrypt_block:0           M 00001466 lbu                 t4, -11(s1)       t4=000000a2  s1:00000a73  PA:00000a68 
127650000: 12765: [[34m/soc/host/insn                   [0m] aes128_encrypt_block:0           M 0000146a lbu                 s10, -10(s1)     s10=000000ea  s1:00000a73  PA:00000a69 
127660000: 12766: [[34m/soc/host/insn                   [0m] aes128_encrypt_block:0           M 0000146e lbu                 s9, -9(s1)        s9=000000e0  s1:00000a73  PA:00000a6a 
127670000: 12767: [[34m/soc/host/insn                   [0m] aes128_encrypt_block:0           M 00001472 lbu                 s7, -8(s1)        s7=0000008d  s1:00000a73  PA:00000a6b 
127680000: 12768: [[34m/soc/host/insn                   [0m] aes128_encrypt_block:0           M 00001476 lbu                 a0, 16(sp)        a0=00000081  sp:000009d0  PA:000009e0 
127690000: 12769: [[34m/soc/host/insn                   [0m] aes128_encrypt_block:0           M 0000147a lbu                 a4, 17(sp)        a4=000000b6  sp:000009d0  PA:000009e1 
127700000: 12770: [[34m/soc/host/insn                   [0m] aes128_encrypt_block:0           M 0000147e lbu                 a5, 18(sp)        a5=0000001f  sp:000009d0  PA:000009e2 
127870000: 12787: [[34m/soc/host/insn                   [0m] aes128_encrypt_block:0           M 00001482 lbu                 a2, 19(sp)        a2=0000002c  sp:000009d0  PA:000009e3 
127880000: 12788: [[34m/soc/host/insn                   [0m] aes128_encrypt_block:0           M 00001486 lbu                 s6, -7(s1)        s6=000000b5  s1:00000a73  PA:00000a6c 
127890000: 12789: [[34m/soc/host/insn                   [0m] aes128_encrypt_block:0           M 0000148a lbu                 s11, -6(s1)      s11=000000af  s1:00000a73  PA:00000a6d 
127900000: 12790: [[34m/soc/host/insn                   [0m] aes128_encrypt_block:0           M 0000148e lbu                 s8, -5(s1)        s8=00000094  s1:00000a73  PA:00000a6e 
127910000: 12791: [[34m/soc/host/insn                   [0m] aes128_encrypt_block:0           M 00001492 lbu                 ra, -4(s1)        ra=000000f7  s1:00000a73  PA:00000a6f 
127920000: 12792: [[34m/soc/host/insn                   [0m] aes128_encrypt_block:0           M 00001496 xor                 s2, s0, a6        s2=0000009f  s0:000000a4  a6:0000003b 
127930000: 12793: [[34m/soc/host/insn                   [0m] aes128_encrypt_block:0           M 0000149a xor                 t3, t2, a7        t3=0000005a  t2:00000081  a7:000000db 
127940000: 12794: [[34m/soc/host/insn                   [0m] aes128_encrypt_block:0           M 0000149e xor                 t2, t6, t0        t2=00000062  t6:0000008d  t0:000000ef 
127950000: 12795: [[34m/soc/host/insn                   [0m] aes128_encrypt_block:0           M 000014a2 xor                 t1, t5, t1        t1=00000093  t5:000000b2  t1:00000021 
127960000: 12796: [[34m/soc/host/insn                   [0m] aes128_encrypt_block:0           M 000014a6 lbu                 s0, 20(sp)        s0=000000c0  sp:000009d0  PA:000009e4 
127970000: 12797: [[34m/soc/host/insn                   [0m] aes128_encrypt_block:0           M 000014aa lbu                 a1, 21(sp)        a1=00000006  sp:000009d0  PA:000009e5 
127980000: 12798: [[34m/soc/host/insn                   [0m] aes128_encrypt_block:0           M 000014ae lbu                 a3, 22(sp)        a3=00000074  sp:000009d0  PA:000009e6 
127990000: 12799: [[34m/soc/host/insn                   [0m] aes128_encrypt_block:0           M 000014b2 lbu                 t6, 23(sp)        t6=00000032  sp:000009d0  PA:000009e7 
128000000: 12800: [[34m/soc/host/insn                   [0m] aes128_encrypt_block:0           M 000014b6 xor                 s4, a0, t4        s4=00000023  a0:00000081  t4:000000a2 
128010000: 12801: [[34m/soc/host/insn                   [0m] aes128_encrypt_block:0           M 000014ba xor                 a7, a4, s10       a7=0000005c  a4:000000b6 s10:000000ea 
128020000: 12802: [[34m/soc/host/insn                   [0m] aes128_encrypt_block:0           M 000014be xor                 t0, a5, s9        t0=000000ff  a5:0000001f  s9:000000e0 
128210000: 12821: [[34m/soc/host/insn                   [0m] aes128_encrypt_block:0           M 000014c2 xor                 a6, a2, s7        a6=000000a1  a2:0000002c  s7:0000008d 
128220000: 12822: [[34m/soc/host/insn                   [0m] aes128_encrypt_block:0           M 000014c6 lbu                 t4, -3(s1)        t4=0000005b  s1:00000a73  PA:00000a70 
128230000: 12823: [[34m/soc/host/insn                   [0m] aes128_encrypt_block:0           M 000014ca lbu                 a2, -2(s1)        a2=000000f1  s1:00000a73  PA:00000a71 
128240000: 12824: [[34m/soc/host/insn                   [0m] aes128_encrypt_block:0           M 000014ce lbu                 a5, -1(s1)        a5=000000e9  s1:00000a73  PA:00000a72 
128250000: 12825: [[34m/soc/host/insn                   [0m] aes128_encrypt_block:0           M 000014d2 lbu                 a0, 0(s1)         a0=0000003f  s1:00000a73  PA:00000a73 
128260000: 12826: [[34m/soc/host/insn                   [0m] aes128_encrypt_block:0           M 000014d6 xor                 s7, s0, s6        s7=00000075  s0:000000c0  s6:000000b5 
128270000: 12827: [[34m/soc/host/insn                   [0m] aes128_encrypt_block:0           M 000014da xor                 s11, a1, s11     s11=000000a9  a1:00000006 s11:000000af 
128280000: 12828: [[34m/soc/host/insn                   [0m] aes128_encrypt_block:0           M 000014de xor                 t5, a3, s8        t5=000000e0  a3:00000074  s8:00000094 
128290000: 12829: [[34m/soc/host/insn                   [0m] aes128_encrypt_block:0           M 000014e2 xor                 s10, t6, ra      s10=000000c5  t6:00000032  ra:000000f7 
128300000: 12830: [[34m/soc/host/insn                   [0m] aes128_encrypt_block:0           M 000014e6 lbu                 a1, 24(sp)        a1=000000d4  sp:000009d0  PA:000009e8 
128310000: 12831: [[34m/soc/host/insn                   [0m] aes128_encrypt_block:0           M 000014ea lbu                 s0, 25(sp)        s0=00000034  sp:000009d0  PA:000009e9 
128320000: 12832: [[34m/soc/host/insn                   [0m] aes128_encrypt_block:0           M 000014ee lbu                 a3, 26(sp)        a3=00000099  sp:000009d0  PA:000009ea 
128330000: 12833: [[34m/soc/host/insn                   [0m] aes128_encrypt_block:0           M 000014f2 lbu                 a4, 27(sp)        a4=00000080  sp:000009d0  PA:000009eb 
128340000: 12834: [[34m/soc/host/insn                   [0m] aes128_encrypt_block:0           M 000014f6 xor                 a1, a1, t4        a1=0000008f  a1:000000d4  t4:0000005b 
128350000: 12835: [[34m/soc/host/insn                   [0m] aes128_encrypt_block:0           M 000014fa xor                 t4, s0, a2        t4=000000c5  s0:00000034  a2:000000f1 
128360000: 12836: [[34m/soc/host/insn                   [0m] aes128_encrypt_block:0           M 000014fe xor                 t6, a3, a5        t6=00000070  a3:00000099  a5:000000e9 
128370000: 12837: [[34m/soc/host/insn                   [0m] aes128_encrypt_block:0           M 00001502 c.addi              s1, s1, 16        s1=00000a83  s1:00000a73 
128380000: 12838: [[34m/soc/host/insn                   [0m] aes128_encrypt_block:0           M 00001504 c.xor               a4, a4, a0        a4=000000bf  a4:00000080  a0:0000003f 
128390000: 12839: [[34m/soc/host/insn                   [0m] aes128_encrypt_block:0           M 00001506 sb                  s2, 12(sp)        s2:0000009f  sp:000009d0  PA:000009dc 
128400000: 12840: [[34m/soc/host/insn                   [0m] aes128_encrypt_block:0           M 0000150a sb                  t3, 13(sp)        t3:0000005a  sp:000009d0  PA:000009dd 
128410000: 12841: [[34m/soc/host/insn                   [0m] aes128_encrypt_block:0           M 0000150e sb                  t2, 14(sp)        t2:00000062  sp:000009d0  PA:000009de 
128420000: 12842: [[34m/soc/host/insn                   [0m] aes128_encrypt_block:0           M 00001512 sb                  t1, 15(sp)        t1:00000093  sp:000009d0  PA:000009df 
128430000: 12843: [[34m/soc/host/insn                   [0m] aes128_encrypt_block:0           M 00001516 sb                  s4, 16(sp)        s4:00000023  sp:000009d0  PA:000009e0 
128440000: 12844: [[34m/soc/host/insn                   [0m] aes128_encrypt_block:0           M 0000151a sb                  a7, 17(sp)        a7:0000005c  sp:000009d0  PA:000009e1 
128450000: 12845: [[34m/soc/host/insn                   [0m] aes128_encrypt_block:0           M 0000151e sb                  t0, 18(sp)        t0:000000ff  sp:000009d0  PA:000009e2 
128460000: 12846: [[34m/soc/host/insn                   [0m] aes128_encrypt_block:0           M 00001522 sb                  a6, 19(sp)        a6:000000a1  sp:000009d0  PA:000009e3 
128470000: 12847: [[34m/soc/host/insn                   [0m] aes128_encrypt_block:0           M 00001526 sb                  s7, 20(sp)        s7:00000075  sp:000009d0  PA:000009e4 
128480000: 12848: [[34m/soc/host/insn                   [0m] aes128_encrypt_block:0           M 0000152a sb                  s11, 21(sp)      s11:000000a9  sp:000009d0  PA:000009e5 
128490000: 12849: [[34m/soc/host/insn                   [0m] aes128_encrypt_block:0           M 0000152e sb                  t5, 22(sp)        t5:000000e0  sp:000009d0  PA:000009e6 
128500000: 12850: [[34m/soc/host/insn                   [0m] aes128_encrypt_block:0           M 00001532 sb                  s10, 23(sp)      s10:000000c5  sp:000009d0  PA:000009e7 
128510000: 12851: [[34m/soc/host/insn                   [0m] aes128_encrypt_block:0           M 00001536 sb                  a1, 24(sp)        a1:0000008f  sp:000009d0  PA:000009e8 
128520000: 12852: [[34m/soc/host/insn                   [0m] aes128_encrypt_block:0           M 0000153a sb                  t4, 25(sp)        t4:000000c5  sp:000009d0  PA:000009e9 
128530000: 12853: [[34m/soc/host/insn                   [0m] aes128_encrypt_block:0           M 0000153e sb                  t6, 26(sp)        t6:00000070  sp:000009d0  PA:000009ea 
128670000: 12867: [[34m/soc/host/insn                   [0m] aes128_encrypt_block:0           M 00001542 sb                  a4, 27(sp)        a4:000000bf  sp:000009d0  PA:000009eb 
128680000: 12868: [[34m/soc/host/insn                   [0m] aes128_encrypt_block:0           M 00001546 addi                a0, s3, 175       a0=00000ae3  s3:00000a34 
128690000: 12869: [[34m/soc/host/insn                   [0m] aes128_encrypt_block:0           M 0000154a bne                 s1, a0, -434      s1:00000a83  a0:00000ae3 
128720000: 12872: [[34m/soc/host/insn                   [0m] aes128_encrypt_block:0           M 00001398 add                 s0, s5, s2        s0=000000c7  s5:00000028  s2:0000009f 
128850000: 12885: [[34m/soc/host/insn                   [0m] aes128_encrypt_block:0           M 0000139c c.add               t3, t3, s5        t3=00000082  t3:0000005a  s5:00000028 
128860000: 12886: [[34m/soc/host/insn                   [0m] aes128_encrypt_block:0           M 0000139e c.add               t2, t2, s5        t2=0000008a  t2:00000062  s5:00000028 
128870000: 12887: [[34m/soc/host/insn                   [0m] aes128_encrypt_block:0           M 000013a0 c.add               t1, t1, s5        t1=000000bb  t1:00000093  s5:00000028 
128880000: 12888: [[34m/soc/host/insn                   [0m] aes128_encrypt_block:0           M 000013a2 add                 s6, s5, s4        s6=0000004b  s5:00000028  s4:00000023 
128890000: 12889: [[34m/soc/host/insn                   [0m] aes128_encrypt_block:0           M 000013a6 c.add               a7, a7, s5        a7=00000084  a7:0000005c  s5:00000028 
128900000: 12890: [[34m/soc/host/insn                   [0m] aes128_encrypt_block:0           M 000013a8 c.add               t0, t0, s5        t0=00000127  t0:000000ff  s5:00000028 
128910000: 12891: [[34m/soc/host/insn                   [0m] aes128_encrypt_block:0           M 000013aa c.add               a6, a6, s5        a6=000000c9  a6:000000a1  s5:00000028 
128920000: 12892: [[34m/soc/host/insn                   [0m] aes128_encrypt_block:0           M 000013ac c.add               s7, s7, s5        s7=0000009d  s7:00000075  s5:00000028 
128930000: 12893: [[34m/soc/host/insn                   [0m] aes128_encrypt_block:0           M 000013ae add                 s8, s5, s11       s8=000000d1  s5:00000028 s11:000000a9 
128940000: 12894: [[34m/soc/host/insn                   [0m] aes128_encrypt_block:0           M 000013b2 c.add               t5, t5, s5        t5=00000108  t5:000000e0  s5:00000028 
128950000: 12895: [[34m/soc/host/insn                   [0m] aes128_encrypt_block:0           M 000013b4 add                 a2, s5, s10       a2=000000ed  s5:00000028 s10:000000c5 
128960000: 12896: [[34m/soc/host/insn                   [0m] aes128_encrypt_block:0           M 000013b8 add                 a5, s5, a1        a5=000000b7  s5:00000028  a1:0000008f 
128970000: 12897: [[34m/soc/host/insn                   [0m] aes128_encrypt_block:0           M 000013bc c.add               t4, t4, s5        t4=000000ed  t4:000000c5  s5:00000028 
128980000: 12898: [[34m/soc/host/insn                   [0m] aes128_encrypt_block:0           M 000013be c.add               t6, t6, s5        t6=00000098  t6:00000070  s5:00000028 
129010000: 12901: [[34m/soc/host/insn                   [0m] aes128_encrypt_block:0           M 000013c0 c.add               a4, a4, s5        a4=000000e7  a4:000000bf  s5:00000028 
129020000: 12902: [[34m/soc/host/insn                   [0m] aes128_encrypt_block:0           M 000013c2 lbu                 s2, 0(s0)         s2=000000db  s0:000000c7  PA:000000c7 
129030000: 12903: [[34m/soc/host/insn                   [0m] aes128_encrypt_block:0           M 000013c6 lbu                 s9, 0(t3)         s9=000000be  t3:00000082  PA:00000082 
129040000: 12904: [[34m/soc/host/insn                   [0m] aes128_encrypt_block:0           M 000013ca lbu                 t3, 0(t2)         t3=000000aa  t2:0000008a  PA:0000008a 
129050000: 12905: [[34m/soc/host/insn                   [0m] aes128_encrypt_block:0           M 000013ce lbu                 t1, 0(t1)         t1=000000dc  t1:000000bb  PA:000000bb 
129060000: 12906: [[34m/soc/host/insn                   [0m] aes128_encrypt_block:0           M 000013d2 lbu                 t2, 0(s6)         t2=00000026  s6:0000004b  PA:0000004b 
129070000: 12907: [[34m/soc/host/insn                   [0m] aes128_encrypt_block:0           M 000013d6 lbu                 a7, 0(a7)         a7=0000004a  a7:00000084  PA:00000084 
129080000: 12908: [[34m/soc/host/insn                   [0m] aes128_encrypt_block:0           M 000013da lbu                 a0, 0(t0)         a0=00000016  t0:00000127  PA:00000127 
129090000: 12909: [[34m/soc/host/insn                   [0m] aes128_encrypt_block:0           M 000013de lbu                 s6, 0(a6)         s6=00000032  a6:000000c9  PA:000000c9 
129100000: 12910: [[34m/soc/host/insn                   [0m] aes128_encrypt_block:0           M 000013e2 lbu                 a3, 0(s7)         a3=0000009d  s7:0000009d  PA:0000009d 
129110000: 12911: [[34m/soc/host/insn                   [0m] aes128_encrypt_block:0           M 000013e6 lbu                 a6, 0(s8)         a6=000000d3  s8:000000d1  PA:000000d1 
129120000: 12912: [[34m/soc/host/insn                   [0m] aes128_encrypt_block:0           M 000013ea lbu                 t0, 0(t5)         t0=000000e1  t5:00000108  PA:00000108 
129130000: 12913: [[34m/soc/host/insn                   [0m] aes128_encrypt_block:0           M 000013ee lbu                 a2, 0(a2)         a2=000000a6  a2:000000ed  PA:000000ed 
129140000: 12914: [[34m/soc/host/insn                   [0m] aes128_encrypt_block:0           M 000013f2 lbu                 a5, 0(a5)         a5=00000073  a5:000000b7  PA:000000b7 
129150000: 12915: [[34m/soc/host/insn                   [0m] aes128_encrypt_block:0           M 000013f6 lbu                 a1, 0(t4)         a1=000000a6  t4:000000ed  PA:000000ed 
129160000: 12916: [[34m/soc/host/insn                   [0m] aes128_encrypt_block:0           M 000013fa lbu                 s0, 0(t6)         s0=00000051  t6:00000098  PA:00000098 
129170000: 12917: [[34m/soc/host/insn                   [0m] aes128_encrypt_block:0           M 000013fe lbu                 a4, 0(a4)         a4=00000008  a4:000000e7  PA:000000e7 
129320000: 12932: [[34m/soc/host/insn                   [0m] aes128_encrypt_block:0           M 00001402 sb                  a5, 24(sp)        a5:00000073  sp:000009d0  PA:000009e8 
129330000: 12933: [[34m/soc/host/insn                   [0m] aes128_encrypt_block:0           M 00001406 sb                  s9, 25(sp)        s9:000000be  sp:000009d0  PA:000009e9 
129340000: 12934: [[34m/soc/host/insn                   [0m] aes128_encrypt_block:0           M 0000140a sb                  a0, 26(sp)        a0:00000016  sp:000009d0  PA:000009ea 
129350000: 12935: [[34m/soc/host/insn                   [0m] aes128_encrypt_block:0           M 0000140e sb                  a2, 27(sp)        a2:000000a6  sp:000009d0  PA:000009eb 
129360000: 12936: [[34m/soc/host/insn                   [0m] aes128_encrypt_block:0           M 00001412 sb                  a3, 20(sp)        a3:0000009d  sp:000009d0  PA:000009e4 
129370000: 12937: [[34m/soc/host/insn                   [0m] aes128_encrypt_block:0           M 00001416 sb                  a1, 21(sp)        a1:000000a6  sp:000009d0  PA:000009e5 
129380000: 12938: [[34m/soc/host/insn                   [0m] aes128_encrypt_block:0           M 0000141a sb                  t3, 22(sp)        t3:000000aa  sp:000009d0  PA:000009e6 
129390000: 12939: [[34m/soc/host/insn                   [0m] aes128_encrypt_block:0           M 0000141e sb                  s6, 23(sp)        s6:00000032  sp:000009d0  PA:000009e7 
129400000: 12940: [[34m/soc/host/insn                   [0m] aes128_encrypt_block:0           M 00001422 sb                  t2, 16(sp)        t2:00000026  sp:000009d0  PA:000009e0 
129410000: 12941: [[34m/soc/host/insn                   [0m] aes128_encrypt_block:0           M 00001426 sb                  a6, 17(sp)        a6:000000d3  sp:000009d0  PA:000009e1 
129420000: 12942: [[34m/soc/host/insn                   [0m] aes128_encrypt_block:0           M 0000142a sb                  s0, 18(sp)        s0:00000051  sp:000009d0  PA:000009e2 
129430000: 12943: [[34m/soc/host/insn                   [0m] aes128_encrypt_block:0           M 0000142e sb                  t1, 19(sp)        t1:000000dc  sp:000009d0  PA:000009e3 
129440000: 12944: [[34m/soc/host/insn                   [0m] aes128_encrypt_block:0           M 00001432 sb                  s2, 12(sp)        s2:000000db  sp:000009d0  PA:000009dc 
129450000: 12945: [[34m/soc/host/insn                   [0m] aes128_encrypt_block:0           M 00001436 sb                  a7, 13(sp)        a7:0000004a  sp:000009d0  PA:000009dd 
129460000: 12946: [[34m/soc/host/insn                   [0m] aes128_encrypt_block:0           M 0000143a sb                  t0, 14(sp)        t0:000000e1  sp:000009d0  PA:000009de 
129470000: 12947: [[34m/soc/host/insn                   [0m] aes128_encrypt_block:0           M 0000143e sb                  a4, 15(sp)        a4:00000008  sp:000009d0  PA:000009df 
129640000: 12964: [[34m/soc/host/insn                   [0m] aes128_encrypt_block:0           M 00001442 c.addi4spn          a0, sp, 12        a0=000009dc  sp:000009d0 
129650000: 12965: [[34m/soc/host/insn                   [0m] aes128_encrypt_block:0           M 00001444 c.jal               ra, -1426         ra=00001446 
142200000: 14220: [[34m/soc/host/insn                   [0m] aes128_encrypt_block:0           M 00001446 lbu                 a6, -15(s1)       a6=00000092  s1:00000a83  PA:00000a74 
142300000: 14230: [[34m/soc/host/insn                   [0m] aes128_encrypt_block:0           M 0000144a lbu                 a7, -14(s1)       a7=000000c5  s1:00000a83  PA:00000a75 
142310000: 14231: [[34m/soc/host/insn                   [0m] aes128_encrypt_block:0           M 0000144e lbu                 t0, -13(s1)       t0=0000009a  s1:00000a83  PA:00000a76 
142320000: 14232: [[34m/soc/host/insn                   [0m] aes128_encrypt_block:0           M 00001452 lbu                 t1, -12(s1)       t1=00000018  s1:00000a83  PA:00000a77 
142330000: 14233: [[34m/soc/host/insn                   [0m] aes128_encrypt_block:0           M 00001456 lbu                 s0, 12(sp)        s0=0000009a  sp:000009d0  PA:000009dc 
142340000: 14234: [[34m/soc/host/insn                   [0m] aes128_encrypt_block:0           M 0000145a lbu                 t2, 13(sp)        t2=0000007f  sp:000009d0  PA:000009dd 
142350000: 14235: [[34m/soc/host/insn                   [0m] aes128_encrypt_block:0           M 0000145e lbu                 t6, 14(sp)        t6=00000050  sp:000009d0  PA:000009de 
142360000: 14236: [[34m/soc/host/insn                   [0m] aes128_encrypt_block:0           M 00001462 lbu                 t5, 15(sp)        t5=000000cd  sp:000009d0  PA:000009df 
142370000: 14237: [[34m/soc/host/insn                   [0m] aes128_encrypt_block:0           M 00001466 lbu                 t4, -11(s1)       t4=00000030  s1:00000a83  PA:00000a78 
142380000: 14238: [[34m/soc/host/insn                   [0m] aes128_encrypt_block:0           M 0000146a lbu                 s10, -10(s1)     s10=0000002f  s1:00000a83  PA:00000a79 
142390000: 14239: [[34m/soc/host/insn                   [0m] aes128_encrypt_block:0           M 0000146e lbu                 s9, -9(s1)        s9=0000007a  s1:00000a83  PA:00000a7a 
142400000: 14240: [[34m/soc/host/insn                   [0m] aes128_encrypt_block:0           M 00001472 lbu                 s7, -8(s1)        s7=00000095  s1:00000a83  PA:00000a7b 
142410000: 14241: [[34m/soc/host/insn                   [0m] aes128_encrypt_block:0           M 00001476 lbu                 a0, 16(sp)        a0=000000af  sp:000009d0  PA:000009e0 
142420000: 14242: [[34m/soc/host/insn                   [0m] aes128_encrypt_block:0           M 0000147a lbu                 a4, 17(sp)        a4=000000b4  sp:000009d0  PA:000009e1 
142430000: 14243: [[34m/soc/host/insn                   [0m] aes128_encrypt_block:0           M 0000147e lbu                 a5, 18(sp)        a5=00000028  sp:000009d0  PA:000009e2 
142600000: 14260: [[34m/soc/host/insn                   [0m] aes128_encrypt_block:0           M 00001482 lbu                 a2, 19(sp)        a2=0000004b  sp:000009d0  PA:000009e3 
142610000: 14261: [[34m/soc/host/insn                   [0m] aes128_encrypt_block:0           M 00001486 lbu                 s6, -7(s1)        s6=00000085  s1:00000a83  PA:00000a7c 
142620000: 14262: [[34m/soc/host/insn                   [0m] aes128_encrypt_block:0           M 0000148a lbu                 s11, -6(s1)      s11=00000080  s1:00000a83  PA:00000a7d 
142630000: 14263: [[34m/soc/host/insn                   [0m] aes128_encrypt_block:0           M 0000148e lbu                 s8, -5(s1)        s8=000000ee  s1:00000a83  PA:00000a7e 
142640000: 14264: [[34m/soc/host/insn                   [0m] aes128_encrypt_block:0           M 00001492 lbu                 ra, -4(s1)        ra=00000062  s1:00000a83  PA:00000a7f 
142650000: 14265: [[34m/soc/host/insn                   [0m] aes128_encrypt_block:0           M 00001496 xor                 s2, s0, a6        s2=00000008  s0:0000009a  a6:00000092 
142660000: 14266: [[34m/soc/host/insn                   [0m] aes128_encrypt_block:0           M 0000149a xor                 t3, t2, a7        t3=000000ba  t2:0000007f  a7:000000c5 
142670000: 14267: [[34m/soc/host/insn                   [0m] aes128_encrypt_block:0           M 0000149e xor                 t2, t6, t0        t2=000000ca  t6:00000050  t0:0000009a 
142680000: 14268: [[34m/soc/host/insn                   [0m] aes128_encrypt_block:0           M 000014a2 xor                 t1, t5, t1        t1=000000d5  t5:000000cd  t1:00000018 
142690000: 14269: [[34m/soc/host/insn                   [0m] aes128_encrypt_block:0           M 000014a6 lbu                 s0, 20(sp)        s0=00000048  sp:000009d0  PA:000009e4 
142700000: 14270: [[34m/soc/host/insn                   [0m] aes128_encrypt_block:0           M 000014aa lbu                 a1, 21(sp)        a1=0000001d  sp:000009d0  PA:000009e5 
142710000: 14271: [[34m/soc/host/insn                   [0m] aes128_encrypt_block:0           M 000014ae lbu                 a3, 22(sp)        a3=00000022  sp:000009d0  PA:000009e6 
142720000: 14272: [[34m/soc/host/insn                   [0m] aes128_encrypt_block:0           M 000014b2 lbu                 t6, 23(sp)        t6=000000d4  sp:000009d0  PA:000009e7 
142730000: 14273: [[34m/soc/host/insn                   [0m] aes128_encrypt_block:0           M 000014b6 xor                 s4, a0, t4        s4=0000009f  a0:000000af  t4:00000030 
142740000: 14274: [[34m/soc/host/insn                   [0m] aes128_encrypt_block:0           M 000014ba xor                 a7, a4, s10       a7=0000009b  a4:000000b4 s10:0000002f 
142750000: 14275: [[34m/soc/host/insn                   [0m] aes128_encrypt_block:0           M 000014be xor                 t0, a5, s9        t0=00000052  a5:00000028  s9:0000007a 
142940000: 14294: [[34m/soc/host/insn                   [0m] aes128_encrypt_block:0           M 000014c2 xor                 a6, a2, s7        a6=000000de  a2:0000004b  s7:00000095 
142950000: 14295: [[34m/soc/host/insn                   [0m] aes128_encrypt_block:0           M 000014c6 lbu                 t4, -3(s1)        t4=000000de  s1:00000a83  PA:00000a80 
142960000: 14296: [[34m/soc/host/insn                   [0m] aes128_encrypt_block:0           M 000014ca lbu                 a2, -2(s1)        a2=00000071  s1:00000a83  PA:00000a81 
142970000: 14297: [[34m/soc/host/insn                   [0m] aes128_encrypt_block:0           M 000014ce lbu                 a5, -1(s1)        a5=00000007  s1:00000a83  PA:00000a82 
142980000: 14298: [[34m/soc/host/insn                   [0m] aes128_encrypt_block:0           M 000014d2 lbu                 a0, 0(s1)         a0=0000005d  s1:00000a83  PA:00000a83 
142990000: 14299: [[34m/soc/host/insn                   [0m] aes128_encrypt_block:0           M 000014d6 xor                 s7, s0, s6        s7=000000cd  s0:00000048  s6:00000085 
143000000: 14300: [[34m/soc/host/insn                   [0m] aes128_encrypt_block:0           M 000014da xor                 s11, a1, s11     s11=0000009d  a1:0000001d s11:00000080 
143010000: 14301: [[34m/soc/host/insn                   [0m] aes128_encrypt_block:0           M 000014de xor                 t5, a3, s8        t5=000000cc  a3:00000022  s8:000000ee 
143020000: 14302: [[34m/soc/host/insn                   [0m] aes128_encrypt_block:0           M 000014e2 xor                 s10, t6, ra      s10=000000b6  t6:000000d4  ra:00000062 
143030000: 14303: [[34m/soc/host/insn                   [0m] aes128_encrypt_block:0           M 000014e6 lbu                 a1, 24(sp)        a1=0000008f  sp:000009d0  PA:000009e8 
143040000: 14304: [[34m/soc/host/insn                   [0m] aes128_encrypt_block:0           M 000014ea lbu                 s0, 25(sp)        s0=00000088  sp:000009d0  PA:000009e9 
143050000: 14305: [[34m/soc/host/insn                   [0m] aes128_encrypt_block:0           M 000014ee lbu                 a3, 26(sp)        a3=00000010  sp:000009d0  PA:000009ea 
143060000: 14306: [[34m/soc/host/insn                   [0m] aes128_encrypt_block:0           M 000014f2 lbu                 a4, 27(sp)        a4=0000006a  sp:000009d0  PA:000009eb 
143070000: 14307: [[34m/soc/host/insn                   [0m] aes128_encrypt_block:0           M 000014f6 xor                 a1, a1, t4        a1=00000051  a1:0000008f  t4:000000de 
143080000: 14308: [[34m/soc/host/insn                   [0m] aes128_encrypt_block:0           M 000014fa xor                 t4, s0, a2        t4=000000f9  s0:00000088  a2:00000071 
143090000: 14309: [[34m/soc/host/insn                   [0m] aes128_encrypt_block:0           M 000014fe xor                 t6, a3, a5        t6=00000017  a3:00000010  a5:00000007 
143100000: 14310: [[34m/soc/host/insn                   [0m] aes128_encrypt_block:0           M 00001502 c.addi              s1, s1, 16        s1=00000a93  s1:00000a83 
143110000: 14311: [[34m/soc/host/insn                   [0m] aes128_encrypt_block:0           M 00001504 c.xor               a4, a4, a0        a4=00000037  a4:0000006a  a0:0000005d 
143120000: 14312: [[34m/soc/host/insn                   [0m] aes128_encrypt_block:0           M 00001506 sb                  s2, 12(sp)        s2:00000008  sp:000009d0  PA:000009dc 
143130000: 14313: [[34m/soc/host/insn                   [0m] aes128_encrypt_block:0           M 0000150a sb                  t3, 13(sp)        t3:000000ba  sp:000009d0  PA:000009dd 
143140000: 14314: [[34m/soc/host/insn                   [0m] aes128_encrypt_block:0           M 0000150e sb                  t2, 14(sp)        t2:000000ca  sp:000009d0  PA:000009de 
143150000: 14315: [[34m/soc/host/insn                   [0m] aes128_encrypt_block:0           M 00001512 sb                  t1, 15(sp)        t1:000000d5  sp:000009d0  PA:000009df 
143160000: 14316: [[34m/soc/host/insn                   [0m] aes128_encrypt_block:0           M 00001516 sb                  s4, 16(sp)        s4:0000009f  sp:000009d0  PA:000009e0 
143170000: 14317: [[34m/soc/host/insn                   [0m] aes128_encrypt_block:0           M 0000151a sb                  a7, 17(sp)        a7:0000009b  sp:000009d0  PA:000009e1 
143180000: 14318: [[34m/soc/host/insn                   [0m] aes128_encrypt_block:0           M 0000151e sb                  t0, 18(sp)        t0:00000052  sp:000009d0  PA:000009e2 
143190000: 14319: [[34m/soc/host/insn                   [0m] aes128_encrypt_block:0           M 00001522 sb                  a6, 19(sp)        a6:000000de  sp:000009d0  PA:000009e3 
143200000: 14320: [[34m/soc/host/insn                   [0m] aes128_encrypt_block:0           M 00001526 sb                  s7, 20(sp)        s7:000000cd  sp:000009d0  PA:000009e4 
143210000: 14321: [[34m/soc/host/insn                   [0m] aes128_encrypt_block:0           M 0000152a sb                  s11, 21(sp)      s11:0000009d  sp:000009d0  PA:000009e5 
143220000: 14322: [[34m/soc/host/insn                   [0m] aes128_encrypt_block:0           M 0000152e sb                  t5, 22(sp)        t5:000000cc  sp:000009d0  PA:000009e6 
143230000: 14323: [[34m/soc/host/insn                   [0m] aes128_encrypt_block:0           M 00001532 sb                  s10, 23(sp)      s10:000000b6  sp:000009d0  PA:000009e7 
143240000: 14324: [[34m/soc/host/insn                   [0m] aes128_encrypt_block:0           M 00001536 sb                  a1, 24(sp)        a1:00000051  sp:000009d0  PA:000009e8 
143250000: 14325: [[34m/soc/host/insn                   [0m] aes128_encrypt_block:0           M 0000153a sb                  t4, 25(sp)        t4:000000f9  sp:000009d0  PA:000009e9 
143260000: 14326: [[34m/soc/host/insn                   [0m] aes128_encrypt_block:0           M 0000153e sb                  t6, 26(sp)        t6:00000017  sp:000009d0  PA:000009ea 
143400000: 14340: [[34m/soc/host/insn                   [0m] aes128_encrypt_block:0           M 00001542 sb                  a4, 27(sp)        a4:00000037  sp:000009d0  PA:000009eb 
143410000: 14341: [[34m/soc/host/insn                   [0m] aes128_encrypt_block:0           M 00001546 addi                a0, s3, 175       a0=00000ae3  s3:00000a34 
143420000: 14342: [[34m/soc/host/insn                   [0m] aes128_encrypt_block:0           M 0000154a bne                 s1, a0, -434      s1:00000a93  a0:00000ae3 
143450000: 14345: [[34m/soc/host/insn                   [0m] aes128_encrypt_block:0           M 00001398 add                 s0, s5, s2        s0=00000030  s5:00000028  s2:00000008 
143580000: 14358: [[34m/soc/host/insn                   [0m] aes128_encrypt_block:0           M 0000139c c.add               t3, t3, s5        t3=000000e2  t3:000000ba  s5:00000028 
143590000: 14359: [[34m/soc/host/insn                   [0m] aes128_encrypt_block:0           M 0000139e c.add               t2, t2, s5        t2=000000f2  t2:000000ca  s5:00000028 
143600000: 14360: [[34m/soc/host/insn                   [0m] aes128_encrypt_block:0           M 000013a0 c.add               t1, t1, s5        t1=000000fd  t1:000000d5  s5:00000028 
143610000: 14361: [[34m/soc/host/insn                   [0m] aes128_encrypt_block:0           M 000013a2 add                 s6, s5, s4        s6=000000c7  s5:00000028  s4:0000009f 
143620000: 14362: [[34m/soc/host/insn                   [0m] aes128_encrypt_block:0           M 000013a6 c.add               a7, a7, s5        a7=000000c3  a7:0000009b  s5:00000028 
143630000: 14363: [[34m/soc/host/insn                   [0m] aes128_encrypt_block:0           M 000013a8 c.add               t0, t0, s5        t0=0000007a  t0:00000052  s5:00000028 
143640000: 14364: [[34m/soc/host/insn                   [0m] aes128_encrypt_block:0           M 000013aa c.add               a6, a6, s5        a6=00000106  a6:000000de  s5:00000028 
143650000: 14365: [[34m/soc/host/insn                   [0m] aes128_encrypt_block:0           M 000013ac c.add               s7, s7, s5        s7=000000f5  s7:000000cd  s5:00000028 
143660000: 14366: [[34m/soc/host/insn                   [0m] aes128_encrypt_block:0           M 000013ae add                 s8, s5, s11       s8=000000c5  s5:00000028 s11:0000009d 
143670000: 14367: [[34m/soc/host/insn                   [0m] aes128_encrypt_block:0           M 000013b2 c.add               t5, t5, s5        t5=000000f4  t5:000000cc  s5:00000028 
143680000: 14368: [[34m/soc/host/insn                   [0m] aes128_encrypt_block:0           M 000013b4 add                 a2, s5, s10       a2=000000de  s5:00000028 s10:000000b6 
143690000: 14369: [[34m/soc/host/insn                   [0m] aes128_encrypt_block:0           M 000013b8 add                 a5, s5, a1        a5=00000079  s5:00000028  a1:00000051 
143700000: 14370: [[34m/soc/host/insn                   [0m] aes128_encrypt_block:0           M 000013bc c.add               t4, t4, s5        t4=00000121  t4:000000f9  s5:00000028 
143710000: 14371: [[34m/soc/host/insn                   [0m] aes128_encrypt_block:0           M 000013be c.add               t6, t6, s5        t6=0000003f  t6:00000017  s5:00000028 
143740000: 14374: [[34m/soc/host/insn                   [0m] aes128_encrypt_block:0           M 000013c0 c.add               a4, a4, s5        a4=0000005f  a4:00000037  s5:00000028 
143750000: 14375: [[34m/soc/host/insn                   [0m] aes128_encrypt_block:0           M 000013c2 lbu                 s2, 0(s0)         s2=00000030  s0:00000030  PA:00000030 
143760000: 14376: [[34m/soc/host/insn                   [0m] aes128_encrypt_block:0           M 000013c6 lbu                 s9, 0(t3)         s9=000000f4  t3:000000e2  PA:000000e2 
143770000: 14377: [[34m/soc/host/insn                   [0m] aes128_encrypt_block:0           M 000013ca lbu                 t3, 0(t2)         t3=00000074  t2:000000f2  PA:000000f2 
143780000: 14378: [[34m/soc/host/insn                   [0m] aes128_encrypt_block:0           M 000013ce lbu                 t1, 0(t1)         t1=00000003  t1:000000fd  PA:000000fd 
143790000: 14379: [[34m/soc/host/insn                   [0m] aes128_encrypt_block:0           M 000013d2 lbu                 t2, 0(s6)         t2=000000db  s6:000000c7  PA:000000c7 
143800000: 14380: [[34m/soc/host/insn                   [0m] aes128_encrypt_block:0           M 000013d6 lbu                 a7, 0(a7)         a7=00000014  a7:000000c3  PA:000000c3 
143810000: 14381: [[34m/soc/host/insn                   [0m] aes128_encrypt_block:0           M 000013da lbu                 a0, 0(t0)         a0=00000000  t0:0000007a  PA:0000007a 
143820000: 14382: [[34m/soc/host/insn                   [0m] aes128_encrypt_block:0           M 000013de lbu                 s6, 0(a6)         s6=0000001d  a6:00000106  PA:00000106 
143830000: 14383: [[34m/soc/host/insn                   [0m] aes128_encrypt_block:0           M 000013e2 lbu                 a3, 0(s7)         a3=000000bd  s7:000000f5  PA:000000f5 
143840000: 14384: [[34m/soc/host/insn                   [0m] aes128_encrypt_block:0           M 000013e6 lbu                 a6, 0(s8)         a6=0000005e  s8:000000c5  PA:000000c5 
143850000: 14385: [[34m/soc/host/insn                   [0m] aes128_encrypt_block:0           M 000013ea lbu                 t0, 0(t5)         t0=0000004b  t5:000000f4  PA:000000f4 
143860000: 14386: [[34m/soc/host/insn                   [0m] aes128_encrypt_block:0           M 000013ee lbu                 a2, 0(a2)         a2=0000004e  a2:000000de  PA:000000de 
143870000: 14387: [[34m/soc/host/insn                   [0m] aes128_encrypt_block:0           M 000013f2 lbu                 a5, 0(a5)         a5=000000d1  a5:00000079  PA:00000079 
143880000: 14388: [[34m/soc/host/insn                   [0m] aes128_encrypt_block:0           M 000013f6 lbu                 a1, 0(t4)         a1=00000099  t4:00000121  PA:00000121 
143890000: 14389: [[34m/soc/host/insn                   [0m] aes128_encrypt_block:0           M 000013fa lbu                 s0, 0(t6)         s0=000000f0  t6:0000003f  PA:0000003f 
143900000: 14390: [[34m/soc/host/insn                   [0m] aes128_encrypt_block:0           M 000013fe lbu                 a4, 0(a4)         a4=0000009a  a4:0000005f  PA:0000005f 
144050000: 14405: [[34m/soc/host/insn                   [0m] aes128_encrypt_block:0           M 00001402 sb                  a5, 24(sp)        a5:000000d1  sp:000009d0  PA:000009e8 
144060000: 14406: [[34m/soc/host/insn                   [0m] aes128_encrypt_block:0           M 00001406 sb                  s9, 25(sp)        s9:000000f4  sp:000009d0  PA:000009e9 
144070000: 14407: [[34m/soc/host/insn                   [0m] aes128_encrypt_block:0           M 0000140a sb                  a0, 26(sp)        a0:00000000  sp:000009d0  PA:000009ea 
144080000: 14408: [[34m/soc/host/insn                   [0m] aes128_encrypt_block:0           M 0000140e sb                  a2, 27(sp)        a2:0000004e  sp:000009d0  PA:000009eb 
144090000: 14409: [[34m/soc/host/insn                   [0m] aes128_encrypt_block:0           M 00001412 sb                  a3, 20(sp)        a3:000000bd  sp:000009d0  PA:000009e4 
144100000: 14410: [[34m/soc/host/insn                   [0m] aes128_encrypt_block:0           M 00001416 sb                  a1, 21(sp)        a1:00000099  sp:000009d0  PA:000009e5 
144110000: 14411: [[34m/soc/host/insn                   [0m] aes128_encrypt_block:0           M 0000141a sb                  t3, 22(sp)        t3:00000074  sp:000009d0  PA:000009e6 
144120000: 14412: [[34m/soc/host/insn                   [0m] aes128_encrypt_block:0           M 0000141e sb                  s6, 23(sp)        s6:0000001d  sp:000009d0  PA:000009e7 
144130000: 14413: [[34m/soc/host/insn                   [0m] aes128_encrypt_block:0           M 00001422 sb                  t2, 16(sp)        t2:000000db  sp:000009d0  PA:000009e0 
144140000: 14414: [[34m/soc/host/insn                   [0m] aes128_encrypt_block:0           M 00001426 sb                  a6, 17(sp)        a6:0000005e  sp:000009d0  PA:000009e1 
144150000: 14415: [[34m/soc/host/insn                   [0m] aes128_encrypt_block:0           M 0000142a sb                  s0, 18(sp)        s0:000000f0  sp:000009d0  PA:000009e2 
144160000: 14416: [[34m/soc/host/insn                   [0m] aes128_encrypt_block:0           M 0000142e sb                  t1, 19(sp)        t1:00000003  sp:000009d0  PA:000009e3 
144170000: 14417: [[34m/soc/host/insn                   [0m] aes128_encrypt_block:0           M 00001432 sb                  s2, 12(sp)        s2:00000030  sp:000009d0  PA:000009dc 
144180000: 14418: [[34m/soc/host/insn                   [0m] aes128_encrypt_block:0           M 00001436 sb                  a7, 13(sp)        a7:00000014  sp:000009d0  PA:000009dd 
144190000: 14419: [[34m/soc/host/insn                   [0m] aes128_encrypt_block:0           M 0000143a sb                  t0, 14(sp)        t0:0000004b  sp:000009d0  PA:000009de 
144200000: 14420: [[34m/soc/host/insn                   [0m] aes128_encrypt_block:0           M 0000143e sb                  a4, 15(sp)        a4:0000009a  sp:000009d0  PA:000009df 
144370000: 14437: [[34m/soc/host/insn                   [0m] aes128_encrypt_block:0           M 00001442 c.addi4spn          a0, sp, 12        a0=000009dc  sp:000009d0 
144380000: 14438: [[34m/soc/host/insn                   [0m] aes128_encrypt_block:0           M 00001444 c.jal               ra, -1426         ra=00001446 
156930000: 15693: [[34m/soc/host/insn                   [0m] aes128_encrypt_block:0           M 00001446 lbu                 a6, -15(s1)       a6=00000021  s1:00000a93  PA:00000a84 
157030000: 15703: [[34m/soc/host/insn                   [0m] aes128_encrypt_block:0           M 0000144a lbu                 a7, -14(s1)       a7=00000000  s1:00000a93  PA:00000a85 
157040000: 15704: [[34m/soc/host/insn                   [0m] aes128_encrypt_block:0           M 0000144e lbu                 t0, -13(s1)       t0=000000d6  s1:00000a93  PA:00000a86 
157050000: 15705: [[34m/soc/host/insn                   [0m] aes128_encrypt_block:0           M 00001452 lbu                 t1, -12(s1)       t1=00000005  s1:00000a93  PA:00000a87 
157060000: 15706: [[34m/soc/host/insn                   [0m] aes128_encrypt_block:0           M 00001456 lbu                 s0, 12(sp)        s0=0000008d  sp:000009d0  PA:000009dc 
157070000: 15707: [[34m/soc/host/insn                   [0m] aes128_encrypt_block:0           M 0000145a lbu                 t2, 13(sp)        t2=0000005f  sp:000009d0  PA:000009dd 
157080000: 15708: [[34m/soc/host/insn                   [0m] aes128_encrypt_block:0           M 0000145e lbu                 t6, 14(sp)        t6=00000007  sp:000009d0  PA:000009de 
157090000: 15709: [[34m/soc/host/insn                   [0m] aes128_encrypt_block:0           M 00001462 lbu                 t5, 15(sp)        t5=00000020  sp:000009d0  PA:000009df 
157100000: 15710: [[34m/soc/host/insn                   [0m] aes128_encrypt_block:0           M 00001466 lbu                 t4, -11(s1)       t4=00000011  s1:00000a93  PA:00000a88 
157110000: 15711: [[34m/soc/host/insn                   [0m] aes128_encrypt_block:0           M 0000146a lbu                 s10, -10(s1)     s10=0000002f  s1:00000a93  PA:00000a89 
157120000: 15712: [[34m/soc/host/insn                   [0m] aes128_encrypt_block:0           M 0000146e lbu                 s9, -9(s1)        s9=000000ac  s1:00000a93  PA:00000a8a 
157130000: 15713: [[34m/soc/host/insn                   [0m] aes128_encrypt_block:0           M 00001472 lbu                 s7, -8(s1)        s7=00000090  s1:00000a93  PA:00000a8b 
157140000: 15714: [[34m/soc/host/insn                   [0m] aes128_encrypt_block:0           M 00001476 lbu                 a0, 16(sp)        a0=000000bc  sp:000009d0  PA:000009e0 
157150000: 15715: [[34m/soc/host/insn                   [0m] aes128_encrypt_block:0           M 0000147a lbu                 a4, 17(sp)        a4=0000006f  sp:000009d0  PA:000009e1 
157160000: 15716: [[34m/soc/host/insn                   [0m] aes128_encrypt_block:0           M 0000147e lbu                 a5, 18(sp)        a5=0000007b  sp:000009d0  PA:000009e2 
157330000: 15733: [[34m/soc/host/insn                   [0m] aes128_encrypt_block:0           M 00001482 lbu                 a2, 19(sp)        a2=000000de  sp:000009d0  PA:000009e3 
157340000: 15734: [[34m/soc/host/insn                   [0m] aes128_encrypt_block:0           M 00001486 lbu                 s6, -7(s1)        s6=00000094  s1:00000a93  PA:00000a8c 
157350000: 15735: [[34m/soc/host/insn                   [0m] aes128_encrypt_block:0           M 0000148a lbu                 s11, -6(s1)      s11=000000af  s1:00000a93  PA:00000a8d 
157360000: 15736: [[34m/soc/host/insn                   [0m] aes128_encrypt_block:0           M 0000148e lbu                 s8, -5(s1)        s8=00000042  s1:00000a93  PA:00000a8e 
157370000: 15737: [[34m/soc/host/insn                   [0m] aes128_encrypt_block:0           M 00001492 lbu                 ra, -4(s1)        ra=000000f2  s1:00000a93  PA:00000a8f 
157380000: 15738: [[34m/soc/host/insn                   [0m] aes128_encrypt_block:0           M 00001496 xor                 s2, s0, a6        s2=000000ac  s0:0000008d  a6:00000021 
157390000: 15739: [[34m/soc/host/insn                   [0m] aes128_encrypt_block:0           M 0000149a xor                 t3, t2, a7        t3=0000005f  t2:0000005f  a7:00000000 
157400000: 15740: [[34m/soc/host/insn                   [0m] aes128_encrypt_block:0           M 0000149e xor                 t2, t6, t0        t2=000000d1  t6:00000007  t0:000000d6 
157410000: 15741: [[34m/soc/host/insn                   [0m] aes128_encrypt_block:0           M 000014a2 xor                 t1, t5, t1        t1=00000025  t5:00000020  t1:00000005 
157420000: 15742: [[34m/soc/host/insn                   [0m] aes128_encrypt_block:0           M 000014a6 lbu                 s0, 20(sp)        s0=000000b8  sp:000009d0  PA:000009e4 
157430000: 15743: [[34m/soc/host/insn                   [0m] aes128_encrypt_block:0           M 000014aa lbu                 a1, 21(sp)        a1=00000015  sp:000009d0  PA:000009e5 
157440000: 15744: [[34m/soc/host/insn                   [0m] aes128_encrypt_block:0           M 000014ae lbu                 a3, 22(sp)        a3=000000eb  sp:000009d0  PA:000009e6 
157450000: 15745: [[34m/soc/host/insn                   [0m] aes128_encrypt_block:0           M 000014b2 lbu                 t6, 23(sp)        t6=0000000b  sp:000009d0  PA:000009e7 
157460000: 15746: [[34m/soc/host/insn                   [0m] aes128_encrypt_block:0           M 000014b6 xor                 s4, a0, t4        s4=000000ad  a0:000000bc  t4:00000011 
157470000: 15747: [[34m/soc/host/insn                   [0m] aes128_encrypt_block:0           M 000014ba xor                 a7, a4, s10       a7=00000040  a4:0000006f s10:0000002f 
157480000: 15748: [[34m/soc/host/insn                   [0m] aes128_encrypt_block:0           M 000014be xor                 t0, a5, s9        t0=000000d7  a5:0000007b  s9:000000ac 
157670000: 15767: [[34m/soc/host/insn                   [0m] aes128_encrypt_block:0           M 000014c2 xor                 a6, a2, s7        a6=0000004e  a2:000000de  s7:00000090 
157680000: 15768: [[34m/soc/host/insn                   [0m] aes128_encrypt_block:0           M 000014c6 lbu                 t4, -3(s1)        t4=0000004a  s1:00000a93  PA:00000a90 
157690000: 15769: [[34m/soc/host/insn                   [0m] aes128_encrypt_block:0           M 000014ca lbu                 a2, -2(s1)        a2=000000de  s1:00000a93  PA:00000a91 
157700000: 15770: [[34m/soc/host/insn                   [0m] aes128_encrypt_block:0           M 000014ce lbu                 a5, -1(s1)        a5=00000045  s1:00000a93  PA:00000a92 
157710000: 15771: [[34m/soc/host/insn                   [0m] aes128_encrypt_block:0           M 000014d2 lbu                 a0, 0(s1)         a0=000000af  s1:00000a93  PA:00000a93 
157720000: 15772: [[34m/soc/host/insn                   [0m] aes128_encrypt_block:0           M 000014d6 xor                 s7, s0, s6        s7=0000002c  s0:000000b8  s6:00000094 
157730000: 15773: [[34m/soc/host/insn                   [0m] aes128_encrypt_block:0           M 000014da xor                 s11, a1, s11     s11=000000ba  a1:00000015 s11:000000af 
157740000: 15774: [[34m/soc/host/insn                   [0m] aes128_encrypt_block:0           M 000014de xor                 t5, a3, s8        t5=000000a9  a3:000000eb  s8:00000042 
157750000: 15775: [[34m/soc/host/insn                   [0m] aes128_encrypt_block:0           M 000014e2 xor                 s10, t6, ra      s10=000000f9  t6:0000000b  ra:000000f2 
157760000: 15776: [[34m/soc/host/insn                   [0m] aes128_encrypt_block:0           M 000014e6 lbu                 a1, 24(sp)        a1=000000f0  sp:000009d0  PA:000009e8 
157770000: 15777: [[34m/soc/host/insn                   [0m] aes128_encrypt_block:0           M 000014ea lbu                 s0, 25(sp)        s0=0000006c  sp:000009d0  PA:000009e9 
157780000: 15778: [[34m/soc/host/insn                   [0m] aes128_encrypt_block:0           M 000014ee lbu                 a3, 26(sp)        a3=000000f7  sp:000009d0  PA:000009ea 
157790000: 15779: [[34m/soc/host/insn                   [0m] aes128_encrypt_block:0           M 000014f2 lbu                 a4, 27(sp)        a4=00000000  sp:000009d0  PA:000009eb 
157800000: 15780: [[34m/soc/host/insn                   [0m] aes128_encrypt_block:0           M 000014f6 xor                 a1, a1, t4        a1=000000ba  a1:000000f0  t4:0000004a 
157810000: 15781: [[34m/soc/host/insn                   [0m] aes128_encrypt_block:0           M 000014fa xor                 t4, s0, a2        t4=000000b2  s0:0000006c  a2:000000de 
157820000: 15782: [[34m/soc/host/insn                   [0m] aes128_encrypt_block:0           M 000014fe xor                 t6, a3, a5        t6=000000b2  a3:000000f7  a5:00000045 
157830000: 15783: [[34m/soc/host/insn                   [0m] aes128_encrypt_block:0           M 00001502 c.addi              s1, s1, 16        s1=00000aa3  s1:00000a93 
157840000: 15784: [[34m/soc/host/insn                   [0m] aes128_encrypt_block:0           M 00001504 c.xor               a4, a4, a0        a4=000000af  a4:00000000  a0:000000af 
157850000: 15785: [[34m/soc/host/insn                   [0m] aes128_encrypt_block:0           M 00001506 sb                  s2, 12(sp)        s2:000000ac  sp:000009d0  PA:000009dc 
157860000: 15786: [[34m/soc/host/insn                   [0m] aes128_encrypt_block:0           M 0000150a sb                  t3, 13(sp)        t3:0000005f  sp:000009d0  PA:000009dd 
157870000: 15787: [[34m/soc/host/insn                   [0m] aes128_encrypt_block:0           M 0000150e sb                  t2, 14(sp)        t2:000000d1  sp:000009d0  PA:000009de 
157880000: 15788: [[34m/soc/host/insn                   [0m] aes128_encrypt_block:0           M 00001512 sb                  t1, 15(sp)        t1:00000025  sp:000009d0  PA:000009df 
157890000: 15789: [[34m/soc/host/insn                   [0m] aes128_encrypt_block:0           M 00001516 sb                  s4, 16(sp)        s4:000000ad  sp:000009d0  PA:000009e0 
157900000: 15790: [[34m/soc/host/insn                   [0m] aes128_encrypt_block:0           M 0000151a sb                  a7, 17(sp)        a7:00000040  sp:000009d0  PA:000009e1 
157910000: 15791: [[34m/soc/host/insn                   [0m] aes128_encrypt_block:0           M 0000151e sb                  t0, 18(sp)        t0:000000d7  sp:000009d0  PA:000009e2 
157920000: 15792: [[34m/soc/host/insn                   [0m] aes128_encrypt_block:0           M 00001522 sb                  a6, 19(sp)        a6:0000004e  sp:000009d0  PA:000009e3 
157930000: 15793: [[34m/soc/host/insn                   [0m] aes128_encrypt_block:0           M 00001526 sb                  s7, 20(sp)        s7:0000002c  sp:000009d0  PA:000009e4 
157940000: 15794: [[34m/soc/host/insn                   [0m] aes128_encrypt_block:0           M 0000152a sb                  s11, 21(sp)      s11:000000ba  sp:000009d0  PA:000009e5 
157950000: 15795: [[34m/soc/host/insn                   [0m] aes128_encrypt_block:0           M 0000152e sb                  t5, 22(sp)        t5:000000a9  sp:000009d0  PA:000009e6 
157960000: 15796: [[34m/soc/host/insn                   [0m] aes128_encrypt_block:0           M 00001532 sb                  s10, 23(sp)      s10:000000f9  sp:000009d0  PA:000009e7 
157970000: 15797: [[34m/soc/host/insn                   [0m] aes128_encrypt_block:0           M 00001536 sb                  a1, 24(sp)        a1:000000ba  sp:000009d0  PA:000009e8 
157980000: 15798: [[34m/soc/host/insn                   [0m] aes128_encrypt_block:0           M 0000153a sb                  t4, 25(sp)        t4:000000b2  sp:000009d0  PA:000009e9 
157990000: 15799: [[34m/soc/host/insn                   [0m] aes128_encrypt_block:0           M 0000153e sb                  t6, 26(sp)        t6:000000b2  sp:000009d0  PA:000009ea 
158130000: 15813: [[34m/soc/host/insn                   [0m] aes128_encrypt_block:0           M 00001542 sb                  a4, 27(sp)        a4:000000af  sp:000009d0  PA:000009eb 
158140000: 15814: [[34m/soc/host/insn                   [0m] aes128_encrypt_block:0           M 00001546 addi                a0, s3, 175       a0=00000ae3  s3:00000a34 
158150000: 15815: [[34m/soc/host/insn                   [0m] aes128_encrypt_block:0           M 0000154a bne                 s1, a0, -434      s1:00000aa3  a0:00000ae3 
158180000: 15818: [[34m/soc/host/insn                   [0m] aes128_encrypt_block:0           M 00001398 add                 s0, s5, s2        s0=000000d4  s5:00000028  s2:000000ac 
158310000: 15831: [[34m/soc/host/insn                   [0m] aes128_encrypt_block:0           M 0000139c c.add               t3, t3, s5        t3=00000087  t3:0000005f  s5:00000028 
158320000: 15832: [[34m/soc/host/insn                   [0m] aes128_encrypt_block:0           M 0000139e c.add               t2, t2, s5        t2=000000f9  t2:000000d1  s5:00000028 
158330000: 15833: [[34m/soc/host/insn                   [0m] aes128_encrypt_block:0           M 000013a0 c.add               t1, t1, s5        t1=0000004d  t1:00000025  s5:00000028 
158340000: 15834: [[34m/soc/host/insn                   [0m] aes128_encrypt_block:0           M 000013a2 add                 s6, s5, s4        s6=000000d5  s5:00000028  s4:000000ad 
158350000: 15835: [[34m/soc/host/insn                   [0m] aes128_encrypt_block:0           M 000013a6 c.add               a7, a7, s5        a7=00000068  a7:00000040  s5:00000028 
158360000: 15836: [[34m/soc/host/insn                   [0m] aes128_encrypt_block:0           M 000013a8 c.add               t0, t0, s5        t0=000000ff  t0:000000d7  s5:00000028 
158370000: 15837: [[34m/soc/host/insn                   [0m] aes128_encrypt_block:0           M 000013aa c.add               a6, a6, s5        a6=00000076  a6:0000004e  s5:00000028 
158380000: 15838: [[34m/soc/host/insn                   [0m] aes128_encrypt_block:0           M 000013ac c.add               s7, s7, s5        s7=00000054  s7:0000002c  s5:00000028 
158390000: 15839: [[34m/soc/host/insn                   [0m] aes128_encrypt_block:0           M 000013ae add                 s8, s5, s11       s8=000000e2  s5:00000028 s11:000000ba 
158400000: 15840: [[34m/soc/host/insn                   [0m] aes128_encrypt_block:0           M 000013b2 c.add               t5, t5, s5        t5=000000d1  t5:000000a9  s5:00000028 
158410000: 15841: [[34m/soc/host/insn                   [0m] aes128_encrypt_block:0           M 000013b4 add                 a2, s5, s10       a2=00000121  s5:00000028 s10:000000f9 
158420000: 15842: [[34m/soc/host/insn                   [0m] aes128_encrypt_block:0           M 000013b8 add                 a5, s5, a1        a5=000000e2  s5:00000028  a1:000000ba 
158430000: 15843: [[34m/soc/host/insn                   [0m] aes128_encrypt_block:0           M 000013bc c.add               t4, t4, s5        t4=000000da  t4:000000b2  s5:00000028 
158440000: 15844: [[34m/soc/host/insn                   [0m] aes128_encrypt_block:0           M 000013be c.add               t6, t6, s5        t6=000000da  t6:000000b2  s5:00000028 
158470000: 15847: [[34m/soc/host/insn                   [0m] aes128_encrypt_block:0           M 000013c0 c.add               a4, a4, s5        a4=000000d7  a4:000000af  s5:00000028 
158480000: 15848: [[34m/soc/host/insn                   [0m] aes128_encrypt_block:0           M 000013c2 lbu                 s2, 0(s0)         s2=00000091  s0:000000d4  PA:000000d4 
158490000: 15849: [[34m/soc/host/insn                   [0m] aes128_encrypt_block:0           M 000013c6 lbu                 s9, 0(t3)         s9=000000cf  t3:00000087  PA:00000087 
158500000: 15850: [[34m/soc/host/insn                   [0m] aes128_encrypt_block:0           M 000013ca lbu                 t3, 0(t2)         t3=0000003e  t2:000000f9  PA:000000f9 
158510000: 15851: [[34m/soc/host/insn                   [0m] aes128_encrypt_block:0           M 000013ce lbu                 t1, 0(t1)         t1=0000003f  t1:0000004d  PA:0000004d 
158520000: 15852: [[34m/soc/host/insn                   [0m] aes128_encrypt_block:0           M 000013d2 lbu                 t2, 0(s6)         t2=00000095  s6:000000d5  PA:000000d5 
158530000: 15853: [[34m/soc/host/insn                   [0m] aes128_encrypt_block:0           M 000013d6 lbu                 a7, 0(a7)         a7=00000009  a7:00000068  PA:00000068 
158540000: 15854: [[34m/soc/host/insn                   [0m] aes128_encrypt_block:0           M 000013da lbu                 a0, 0(t0)         a0=0000000e  t0:000000ff  PA:000000ff 
158550000: 15855: [[34m/soc/host/insn                   [0m] aes128_encrypt_block:0           M 000013de lbu                 s6, 0(a6)         s6=0000002f  a6:00000076  PA:00000076 
158560000: 15856: [[34m/soc/host/insn                   [0m] aes128_encrypt_block:0           M 000013e2 lbu                 a3, 0(s7)         a3=00000071  s7:00000054  PA:00000054 
158570000: 15857: [[34m/soc/host/insn                   [0m] aes128_encrypt_block:0           M 000013e6 lbu                 a6, 0(s8)         a6=000000f4  s8:000000e2  PA:000000e2 
158580000: 15858: [[34m/soc/host/insn                   [0m] aes128_encrypt_block:0           M 000013ea lbu                 t0, 0(t5)         t0=000000d3  t5:000000d1  PA:000000d1 
158590000: 15859: [[34m/soc/host/insn                   [0m] aes128_encrypt_block:0           M 000013ee lbu                 a2, 0(a2)         a2=00000099  a2:00000121  PA:00000121 
158600000: 15860: [[34m/soc/host/insn                   [0m] aes128_encrypt_block:0           M 000013f2 lbu                 a5, 0(a5)         a5=000000f4  a5:000000e2  PA:000000e2 
158610000: 15861: [[34m/soc/host/insn                   [0m] aes128_encrypt_block:0           M 000013f6 lbu                 a1, 0(t4)         a1=00000037  t4:000000da  PA:000000da 
158620000: 15862: [[34m/soc/host/insn                   [0m] aes128_encrypt_block:0           M 000013fa lbu                 s0, 0(t6)         s0=00000037  t6:000000da  PA:000000da 
158630000: 15863: [[34m/soc/host/insn                   [0m] aes128_encrypt_block:0           M 000013fe lbu                 a4, 0(a4)         a4=00000079  a4:000000d7  PA:000000d7 
158780000: 15878: [[34m/soc/host/insn                   [0m] aes128_encrypt_block:0           M 00001402 sb                  a5, 24(sp)        a5:000000f4  sp:000009d0  PA:000009e8 
158790000: 15879: [[34m/soc/host/insn                   [0m] aes128_encrypt_block:0           M 00001406 sb                  s9, 25(sp)        s9:000000cf  sp:000009d0  PA:000009e9 
158800000: 15880: [[34m/soc/host/insn                   [0m] aes128_encrypt_block:0           M 0000140a sb                  a0, 26(sp)        a0:0000000e  sp:000009d0  PA:000009ea 
158810000: 15881: [[34m/soc/host/insn                   [0m] aes128_encrypt_block:0           M 0000140e sb                  a2, 27(sp)        a2:00000099  sp:000009d0  PA:000009eb 
158820000: 15882: [[34m/soc/host/insn                   [0m] aes128_encrypt_block:0           M 00001412 sb                  a3, 20(sp)        a3:00000071  sp:000009d0  PA:000009e4 
158830000: 15883: [[34m/soc/host/insn                   [0m] aes128_encrypt_block:0           M 00001416 sb                  a1, 21(sp)        a1:00000037  sp:000009d0  PA:000009e5 
158840000: 15884: [[34m/soc/host/insn                   [0m] aes128_encrypt_block:0           M 0000141a sb                  t3, 22(sp)        t3:0000003e  sp:000009d0  PA:000009e6 
158850000: 15885: [[34m/soc/host/insn                   [0m] aes128_encrypt_block:0           M 0000141e sb                  s6, 23(sp)        s6:0000002f  sp:000009d0  PA:000009e7 
158860000: 15886: [[34m/soc/host/insn                   [0m] aes128_encrypt_block:0           M 00001422 sb                  t2, 16(sp)        t2:00000095  sp:000009d0  PA:000009e0 
158870000: 15887: [[34m/soc/host/insn                   [0m] aes128_encrypt_block:0           M 00001426 sb                  a6, 17(sp)        a6:000000f4  sp:000009d0  PA:000009e1 
158880000: 15888: [[34m/soc/host/insn                   [0m] aes128_encrypt_block:0           M 0000142a sb                  s0, 18(sp)        s0:00000037  sp:000009d0  PA:000009e2 
158890000: 15889: [[34m/soc/host/insn                   [0m] aes128_encrypt_block:0           M 0000142e sb                  t1, 19(sp)        t1:0000003f  sp:000009d0  PA:000009e3 
158900000: 15890: [[34m/soc/host/insn                   [0m] aes128_encrypt_block:0           M 00001432 sb                  s2, 12(sp)        s2:00000091  sp:000009d0  PA:000009dc 
158910000: 15891: [[34m/soc/host/insn                   [0m] aes128_encrypt_block:0           M 00001436 sb                  a7, 13(sp)        a7:00000009  sp:000009d0  PA:000009dd 
158920000: 15892: [[34m/soc/host/insn                   [0m] aes128_encrypt_block:0           M 0000143a sb                  t0, 14(sp)        t0:000000d3  sp:000009d0  PA:000009de 
158930000: 15893: [[34m/soc/host/insn                   [0m] aes128_encrypt_block:0           M 0000143e sb                  a4, 15(sp)        a4:00000079  sp:000009d0  PA:000009df 
159100000: 15910: [[34m/soc/host/insn                   [0m] aes128_encrypt_block:0           M 00001442 c.addi4spn          a0, sp, 12        a0=000009dc  sp:000009d0 
159110000: 15911: [[34m/soc/host/insn                   [0m] aes128_encrypt_block:0           M 00001444 c.jal               ra, -1426         ra=00001446 
171660000: 17166: [[34m/soc/host/insn                   [0m] aes128_encrypt_block:0           M 00001446 lbu                 a6, -15(s1)       a6=0000001c  s1:00000aa3  PA:00000a94 
171760000: 17176: [[34m/soc/host/insn                   [0m] aes128_encrypt_block:0           M 0000144a lbu                 a7, -14(s1)       a7=0000006e  s1:00000aa3  PA:00000a95 
171770000: 17177: [[34m/soc/host/insn                   [0m] aes128_encrypt_block:0           M 0000144e lbu                 t0, -13(s1)       t0=000000af  s1:00000aa3  PA:00000a96 
171780000: 17178: [[34m/soc/host/insn                   [0m] aes128_encrypt_block:0           M 00001452 lbu                 t1, -12(s1)       t1=000000d3  s1:00000aa3  PA:00000a97 
171790000: 17179: [[34m/soc/host/insn                   [0m] aes128_encrypt_block:0           M 00001456 lbu                 s0, 12(sp)        s0=00000088  sp:000009d0  PA:000009dc 
171800000: 17180: [[34m/soc/host/insn                   [0m] aes128_encrypt_block:0           M 0000145a lbu                 t2, 13(sp)        t2=00000094  sp:000009d0  PA:000009dd 
171810000: 17181: [[34m/soc/host/insn                   [0m] aes128_encrypt_block:0           M 0000145e lbu                 t6, 14(sp)        t6=000000ae  sp:000009d0  PA:000009de 
171820000: 17182: [[34m/soc/host/insn                   [0m] aes128_encrypt_block:0           M 00001462 lbu                 t5, 15(sp)        t5=00000080  sp:000009d0  PA:000009df 
171830000: 17183: [[34m/soc/host/insn                   [0m] aes128_encrypt_block:0           M 00001466 lbu                 t4, -11(s1)       t4=0000000d  s1:00000aa3  PA:00000a98 
171840000: 17184: [[34m/soc/host/insn                   [0m] aes128_encrypt_block:0           M 0000146a lbu                 s10, -10(s1)     s10=00000041  s1:00000aa3  PA:00000a99 
171850000: 17185: [[34m/soc/host/insn                   [0m] aes128_encrypt_block:0           M 0000146e lbu                 s9, -9(s1)        s9=00000003  s1:00000aa3  PA:00000a9a 
171860000: 17186: [[34m/soc/host/insn                   [0m] aes128_encrypt_block:0           M 00001472 lbu                 s7, -8(s1)        s7=00000043  s1:00000aa3  PA:00000a9b 
171870000: 17187: [[34m/soc/host/insn                   [0m] aes128_encrypt_block:0           M 00001476 lbu                 a0, 16(sp)        a0=0000003e  sp:000009d0  PA:000009e0 
171880000: 17188: [[34m/soc/host/insn                   [0m] aes128_encrypt_block:0           M 0000147a lbu                 a4, 17(sp)        a4=00000000  sp:000009d0  PA:000009e1 
171890000: 17189: [[34m/soc/host/insn                   [0m] aes128_encrypt_block:0           M 0000147e lbu                 a5, 18(sp)        a5=0000004e  sp:000009d0  PA:000009e2 
172060000: 17206: [[34m/soc/host/insn                   [0m] aes128_encrypt_block:0           M 00001482 lbu                 a2, 19(sp)        a2=00000019  sp:000009d0  PA:000009e3 
172070000: 17207: [[34m/soc/host/insn                   [0m] aes128_encrypt_block:0           M 00001486 lbu                 s6, -7(s1)        s6=00000099  s1:00000aa3  PA:00000a9c 
172080000: 17208: [[34m/soc/host/insn                   [0m] aes128_encrypt_block:0           M 0000148a lbu                 s11, -6(s1)      s11=000000ee  s1:00000aa3  PA:00000a9d 
172090000: 17209: [[34m/soc/host/insn                   [0m] aes128_encrypt_block:0           M 0000148e lbu                 s8, -5(s1)        s8=00000041  s1:00000aa3  PA:00000a9e 
172100000: 17210: [[34m/soc/host/insn                   [0m] aes128_encrypt_block:0           M 00001492 lbu                 ra, -4(s1)        ra=000000b1  s1:00000aa3  PA:00000a9f 
172110000: 17211: [[34m/soc/host/insn                   [0m] aes128_encrypt_block:0           M 00001496 xor                 s2, s0, a6        s2=00000094  s0:00000088  a6:0000001c 
172120000: 17212: [[34m/soc/host/insn                   [0m] aes128_encrypt_block:0           M 0000149a xor                 t3, t2, a7        t3=000000fa  t2:00000094  a7:0000006e 
172130000: 17213: [[34m/soc/host/insn                   [0m] aes128_encrypt_block:0           M 0000149e xor                 t2, t6, t0        t2=00000001  t6:000000ae  t0:000000af 
172140000: 17214: [[34m/soc/host/insn                   [0m] aes128_encrypt_block:0           M 000014a2 xor                 t1, t5, t1        t1=00000053  t5:00000080  t1:000000d3 
172150000: 17215: [[34m/soc/host/insn                   [0m] aes128_encrypt_block:0           M 000014a6 lbu                 s0, 20(sp)        s0=000000aa  sp:000009d0  PA:000009e4 
172160000: 17216: [[34m/soc/host/insn                   [0m] aes128_encrypt_block:0           M 000014aa lbu                 a1, 21(sp)        a1=00000072  sp:000009d0  PA:000009e5 
172170000: 17217: [[34m/soc/host/insn                   [0m] aes128_encrypt_block:0           M 000014ae lbu                 a3, 22(sp)        a3=0000004b  sp:000009d0  PA:000009e6 
172180000: 17218: [[34m/soc/host/insn                   [0m] aes128_encrypt_block:0           M 000014b2 lbu                 t6, 23(sp)        t6=000000c4  sp:000009d0  PA:000009e7 
172190000: 17219: [[34m/soc/host/insn                   [0m] aes128_encrypt_block:0           M 000014b6 xor                 s4, a0, t4        s4=00000033  a0:0000003e  t4:0000000d 
172200000: 17220: [[34m/soc/host/insn                   [0m] aes128_encrypt_block:0           M 000014ba xor                 a7, a4, s10       a7=00000041  a4:00000000 s10:00000041 
172210000: 17221: [[34m/soc/host/insn                   [0m] aes128_encrypt_block:0           M 000014be xor                 t0, a5, s9        t0=0000004d  a5:0000004e  s9:00000003 
172400000: 17240: [[34m/soc/host/insn                   [0m] aes128_encrypt_block:0           M 000014c2 xor                 a6, a2, s7        a6=0000005a  a2:00000019  s7:00000043 
172410000: 17241: [[34m/soc/host/insn                   [0m] aes128_encrypt_block:0           M 000014c6 lbu                 t4, -3(s1)        t4=000000d3  s1:00000aa3  PA:00000aa0 
172420000: 17242: [[34m/soc/host/insn                   [0m] aes128_encrypt_block:0           M 000014ca lbu                 a2, -2(s1)        a2=00000030  s1:00000aa3  PA:00000aa1 
172430000: 17243: [[34m/soc/host/insn                   [0m] aes128_encrypt_block:0           M 000014ce lbu                 a5, -1(s1)        a5=00000004  s1:00000aa3  PA:00000aa2 
172440000: 17244: [[34m/soc/host/insn                   [0m] aes128_encrypt_block:0           M 000014d2 lbu                 a0, 0(s1)         a0=0000001e  s1:00000aa3  PA:00000aa3 
172450000: 17245: [[34m/soc/host/insn                   [0m] aes128_encrypt_block:0           M 000014d6 xor                 s7, s0, s6        s7=00000033  s0:000000aa  s6:00000099 
172460000: 17246: [[34m/soc/host/insn                   [0m] aes128_encrypt_block:0           M 000014da xor                 s11, a1, s11     s11=0000009c  a1:00000072 s11:000000ee 
172470000: 17247: [[34m/soc/host/insn                   [0m] aes128_encrypt_block:0           M 000014de xor                 t5, a3, s8        t5=0000000a  a3:0000004b  s8:00000041 
172480000: 17248: [[34m/soc/host/insn                   [0m] aes128_encrypt_block:0           M 000014e2 xor                 s10, t6, ra      s10=00000075  t6:000000c4  ra:000000b1 
172490000: 17249: [[34m/soc/host/insn                   [0m] aes128_encrypt_block:0           M 000014e6 lbu                 a1, 24(sp)        a1=0000002e  sp:000009d0  PA:000009e8 
172500000: 17250: [[34m/soc/host/insn                   [0m] aes128_encrypt_block:0           M 000014ea lbu                 s0, 25(sp)        s0=000000fa  sp:000009d0  PA:000009e9 
172510000: 17251: [[34m/soc/host/insn                   [0m] aes128_encrypt_block:0           M 000014ee lbu                 a3, 26(sp)        a3=00000097  sp:000009d0  PA:000009ea 
172520000: 17252: [[34m/soc/host/insn                   [0m] aes128_encrypt_block:0           M 000014f2 lbu                 a4, 27(sp)        a4=000000ef  sp:000009d0  PA:000009eb 
172530000: 17253: [[34m/soc/host/insn                   [0m] aes128_encrypt_block:0           M 000014f6 xor                 a1, a1, t4        a1=000000fd  a1:0000002e  t4:000000d3 
172540000: 17254: [[34m/soc/host/insn                   [0m] aes128_encrypt_block:0           M 000014fa xor                 t4, s0, a2        t4=000000ca  s0:000000fa  a2:00000030 
172550000: 17255: [[34m/soc/host/insn                   [0m] aes128_encrypt_block:0           M 000014fe xor                 t6, a3, a5        t6=00000093  a3:00000097  a5:00000004 
172560000: 17256: [[34m/soc/host/insn                   [0m] aes128_encrypt_block:0           M 00001502 c.addi              s1, s1, 16        s1=00000ab3  s1:00000aa3 
172570000: 17257: [[34m/soc/host/insn                   [0m] aes128_encrypt_block:0           M 00001504 c.xor               a4, a4, a0        a4=000000f1  a4:000000ef  a0:0000001e 
172580000: 17258: [[34m/soc/host/insn                   [0m] aes128_encrypt_block:0           M 00001506 sb                  s2, 12(sp)        s2:00000094  sp:000009d0  PA:000009dc 
172590000: 17259: [[34m/soc/host/insn                   [0m] aes128_encrypt_block:0           M 0000150a sb                  t3, 13(sp)        t3:000000fa  sp:000009d0  PA:000009dd 
172600000: 17260: [[34m/soc/host/insn                   [0m] aes128_encrypt_block:0           M 0000150e sb                  t2, 14(sp)        t2:00000001  sp:000009d0  PA:000009de 
172610000: 17261: [[34m/soc/host/insn                   [0m] aes128_encrypt_block:0           M 00001512 sb                  t1, 15(sp)        t1:00000053  sp:000009d0  PA:000009df 
172620000: 17262: [[34m/soc/host/insn                   [0m] aes128_encrypt_block:0           M 00001516 sb                  s4, 16(sp)        s4:00000033  sp:000009d0  PA:000009e0 
172630000: 17263: [[34m/soc/host/insn                   [0m] aes128_encrypt_block:0           M 0000151a sb                  a7, 17(sp)        a7:00000041  sp:000009d0  PA:000009e1 
172640000: 17264: [[34m/soc/host/insn                   [0m] aes128_encrypt_block:0           M 0000151e sb                  t0, 18(sp)        t0:0000004d  sp:000009d0  PA:000009e2 
172650000: 17265: [[34m/soc/host/insn                   [0m] aes128_encrypt_block:0           M 00001522 sb                  a6, 19(sp)        a6:0000005a  sp:000009d0  PA:000009e3 
172660000: 17266: [[34m/soc/host/insn                   [0m] aes128_encrypt_block:0           M 00001526 sb                  s7, 20(sp)        s7:00000033  sp:000009d0  PA:000009e4 
172670000: 17267: [[34m/soc/host/insn                   [0m] aes128_encrypt_block:0           M 0000152a sb                  s11, 21(sp)      s11:0000009c  sp:000009d0  PA:000009e5 
172680000: 17268: [[34m/soc/host/insn                   [0m] aes128_encrypt_block:0           M 0000152e sb                  t5, 22(sp)        t5:0000000a  sp:000009d0  PA:000009e6 
172690000: 17269: [[34m/soc/host/insn                   [0m] aes128_encrypt_block:0           M 00001532 sb                  s10, 23(sp)      s10:00000075  sp:000009d0  PA:000009e7 
172700000: 17270: [[34m/soc/host/insn                   [0m] aes128_encrypt_block:0           M 00001536 sb                  a1, 24(sp)        a1:000000fd  sp:000009d0  PA:000009e8 
172710000: 17271: [[34m/soc/host/insn                   [0m] aes128_encrypt_block:0           M 0000153a sb                  t4, 25(sp)        t4:000000ca  sp:000009d0  PA:000009e9 
172720000: 17272: [[34m/soc/host/insn                   [0m] aes128_encrypt_block:0           M 0000153e sb                  t6, 26(sp)        t6:00000093  sp:000009d0  PA:000009ea 
172860000: 17286: [[34m/soc/host/insn                   [0m] aes128_encrypt_block:0           M 00001542 sb                  a4, 27(sp)        a4:000000f1  sp:000009d0  PA:000009eb 
172870000: 17287: [[34m/soc/host/insn                   [0m] aes128_encrypt_block:0           M 00001546 addi                a0, s3, 175       a0=00000ae3  s3:00000a34 
172880000: 17288: [[34m/soc/host/insn                   [0m] aes128_encrypt_block:0           M 0000154a bne                 s1, a0, -434      s1:00000ab3  a0:00000ae3 
172910000: 17291: [[34m/soc/host/insn                   [0m] aes128_encrypt_block:0           M 00001398 add                 s0, s5, s2        s0=000000bc  s5:00000028  s2:00000094 
173040000: 17304: [[34m/soc/host/insn                   [0m] aes128_encrypt_block:0           M 0000139c c.add               t3, t3, s5        t3=00000122  t3:000000fa  s5:00000028 
173050000: 17305: [[34m/soc/host/insn                   [0m] aes128_encrypt_block:0           M 0000139e c.add               t2, t2, s5        t2=00000029  t2:00000001  s5:00000028 
173060000: 17306: [[34m/soc/host/insn                   [0m] aes128_encrypt_block:0           M 000013a0 c.add               t1, t1, s5        t1=0000007b  t1:00000053  s5:00000028 
173070000: 17307: [[34m/soc/host/insn                   [0m] aes128_encrypt_block:0           M 000013a2 add                 s6, s5, s4        s6=0000005b  s5:00000028  s4:00000033 
173080000: 17308: [[34m/soc/host/insn                   [0m] aes128_encrypt_block:0           M 000013a6 c.add               a7, a7, s5        a7=00000069  a7:00000041  s5:00000028 
173090000: 17309: [[34m/soc/host/insn                   [0m] aes128_encrypt_block:0           M 000013a8 c.add               t0, t0, s5        t0=00000075  t0:0000004d  s5:00000028 
173100000: 17310: [[34m/soc/host/insn                   [0m] aes128_encrypt_block:0           M 000013aa c.add               a6, a6, s5        a6=00000082  a6:0000005a  s5:00000028 
173110000: 17311: [[34m/soc/host/insn                   [0m] aes128_encrypt_block:0           M 000013ac c.add               s7, s7, s5        s7=0000005b  s7:00000033  s5:00000028 
173120000: 17312: [[34m/soc/host/insn                   [0m] aes128_encrypt_block:0           M 000013ae add                 s8, s5, s11       s8=000000c4  s5:00000028 s11:0000009c 
173130000: 17313: [[34m/soc/host/insn                   [0m] aes128_encrypt_block:0           M 000013b2 c.add               t5, t5, s5        t5=00000032  t5:0000000a  s5:00000028 
173140000: 17314: [[34m/soc/host/insn                   [0m] aes128_encrypt_block:0           M 000013b4 add                 a2, s5, s10       a2=0000009d  s5:00000028 s10:00000075 
173150000: 17315: [[34m/soc/host/insn                   [0m] aes128_encrypt_block:0           M 000013b8 add                 a5, s5, a1        a5=00000125  s5:00000028  a1:000000fd 
173160000: 17316: [[34m/soc/host/insn                   [0m] aes128_encrypt_block:0           M 000013bc c.add               t4, t4, s5        t4=000000f2  t4:000000ca  s5:00000028 
173170000: 17317: [[34m/soc/host/insn                   [0m] aes128_encrypt_block:0           M 000013be c.add               t6, t6, s5        t6=000000bb  t6:00000093  s5:00000028 
173200000: 17320: [[34m/soc/host/insn                   [0m] aes128_encrypt_block:0           M 000013c0 c.add               a4, a4, s5        a4=00000119  a4:000000f1  s5:00000028 
173210000: 17321: [[34m/soc/host/insn                   [0m] aes128_encrypt_block:0           M 000013c2 lbu                 s2, 0(s0)         s2=00000022  s0:000000bc  PA:000000bc 
173220000: 17322: [[34m/soc/host/insn                   [0m] aes128_encrypt_block:0           M 000013c6 lbu                 s9, 0(t3)         s9=0000002d  t3:00000122  PA:00000122 
173230000: 17323: [[34m/soc/host/insn                   [0m] aes128_encrypt_block:0           M 000013ca lbu                 t3, 0(t2)         t3=0000007c  t2:00000029  PA:00000029 
173240000: 17324: [[34m/soc/host/insn                   [0m] aes128_encrypt_block:0           M 000013ce lbu                 t1, 0(t1)         t1=000000ed  t1:0000007b  PA:0000007b 
173250000: 17325: [[34m/soc/host/insn                   [0m] aes128_encrypt_block:0           M 000013d2 lbu                 t2, 0(s6)         t2=000000c3  s6:0000005b  PA:0000005b 
173260000: 17326: [[34m/soc/host/insn                   [0m] aes128_encrypt_block:0           M 000013d6 lbu                 a7, 0(a7)         a7=00000083  a7:00000069  PA:00000069 
173270000: 17327: [[34m/soc/host/insn                   [0m] aes128_encrypt_block:0           M 000013da lbu                 a0, 0(t0)         a0=000000e3  t0:00000075  PA:00000075 
173280000: 17328: [[34m/soc/host/insn                   [0m] aes128_encrypt_block:0           M 000013de lbu                 s6, 0(a6)         s6=000000be  a6:00000082  PA:00000082 
173290000: 17329: [[34m/soc/host/insn                   [0m] aes128_encrypt_block:0           M 000013e2 lbu                 a3, 0(s7)         a3=000000c3  s7:0000005b  PA:0000005b 
173300000: 17330: [[34m/soc/host/insn                   [0m] aes128_encrypt_block:0           M 000013e6 lbu                 a6, 0(s8)         a6=000000de  s8:000000c4  PA:000000c4 
173310000: 17331: [[34m/soc/host/insn                   [0m] aes128_encrypt_block:0           M 000013ea lbu                 t0, 0(t5)         t0=00000067  t5:00000032  PA:00000032 
173320000: 17332: [[34m/soc/host/insn                   [0m] aes128_encrypt_block:0           M 000013ee lbu                 a2, 0(a2)         a2=0000009d  a2:0000009d  PA:0000009d 
173330000: 17333: [[34m/soc/host/insn                   [0m] aes128_encrypt_block:0           M 000013f2 lbu                 a5, 0(a5)         a5=00000054  a5:00000125  PA:00000125 
173340000: 17334: [[34m/soc/host/insn                   [0m] aes128_encrypt_block:0           M 000013f6 lbu                 a1, 0(t4)         a1=00000074  t4:000000f2  PA:000000f2 
173350000: 17335: [[34m/soc/host/insn                   [0m] aes128_encrypt_block:0           M 000013fa lbu                 s0, 0(t6)         s0=000000dc  t6:000000bb  PA:000000bb 
173360000: 17336: [[34m/soc/host/insn                   [0m] aes128_encrypt_block:0           M 000013fe lbu                 a4, 0(a4)         a4=000000a1  a4:00000119  PA:00000119 
173510000: 17351: [[34m/soc/host/insn                   [0m] aes128_encrypt_block:0           M 00001402 sb                  a5, 24(sp)        a5:00000054  sp:000009d0  PA:000009e8 
173520000: 17352: [[34m/soc/host/insn                   [0m] aes128_encrypt_block:0           M 00001406 sb                  s9, 25(sp)        s9:0000002d  sp:000009d0  PA:000009e9 
173530000: 17353: [[34m/soc/host/insn                   [0m] aes128_encrypt_block:0           M 0000140a sb                  a0, 26(sp)        a0:000000e3  sp:000009d0  PA:000009ea 
173540000: 17354: [[34m/soc/host/insn                   [0m] aes128_encrypt_block:0           M 0000140e sb                  a2, 27(sp)        a2:0000009d  sp:000009d0  PA:000009eb 
173550000: 17355: [[34m/soc/host/insn                   [0m] aes128_encrypt_block:0           M 00001412 sb                  a3, 20(sp)        a3:000000c3  sp:000009d0  PA:000009e4 
173560000: 17356: [[34m/soc/host/insn                   [0m] aes128_encrypt_block:0           M 00001416 sb                  a1, 21(sp)        a1:00000074  sp:000009d0  PA:000009e5 
173570000: 17357: [[34m/soc/host/insn                   [0m] aes128_encrypt_block:0           M 0000141a sb                  t3, 22(sp)        t3:0000007c  sp:000009d0  PA:000009e6 
173580000: 17358: [[34m/soc/host/insn                   [0m] aes128_encrypt_block:0           M 0000141e sb                  s6, 23(sp)        s6:000000be  sp:000009d0  PA:000009e7 
173590000: 17359: [[34m/soc/host/insn                   [0m] aes128_encrypt_block:0           M 00001422 sb                  t2, 16(sp)        t2:000000c3  sp:000009d0  PA:000009e0 
173600000: 17360: [[34m/soc/host/insn                   [0m] aes128_encrypt_block:0           M 00001426 sb                  a6, 17(sp)        a6:000000de  sp:000009d0  PA:000009e1 
173610000: 17361: [[34m/soc/host/insn                   [0m] aes128_encrypt_block:0           M 0000142a sb                  s0, 18(sp)        s0:000000dc  sp:000009d0  PA:000009e2 
173620000: 17362: [[34m/soc/host/insn                   [0m] aes128_encrypt_block:0           M 0000142e sb                  t1, 19(sp)        t1:000000ed  sp:000009d0  PA:000009e3 
173630000: 17363: [[34m/soc/host/insn                   [0m] aes128_encrypt_block:0           M 00001432 sb                  s2, 12(sp)        s2:00000022  sp:000009d0  PA:000009dc 
173640000: 17364: [[34m/soc/host/insn                   [0m] aes128_encrypt_block:0           M 00001436 sb                  a7, 13(sp)        a7:00000083  sp:000009d0  PA:000009dd 
173650000: 17365: [[34m/soc/host/insn                   [0m] aes128_encrypt_block:0           M 0000143a sb                  t0, 14(sp)        t0:00000067  sp:000009d0  PA:000009de 
173660000: 17366: [[34m/soc/host/insn                   [0m] aes128_encrypt_block:0           M 0000143e sb                  a4, 15(sp)        a4:000000a1  sp:000009d0  PA:000009df 
173830000: 17383: [[34m/soc/host/insn                   [0m] aes128_encrypt_block:0           M 00001442 c.addi4spn          a0, sp, 12        a0=000009dc  sp:000009d0 
173840000: 17384: [[34m/soc/host/insn                   [0m] aes128_encrypt_block:0           M 00001444 c.jal               ra, -1426         ra=00001446 
186390000: 18639: [[34m/soc/host/insn                   [0m] aes128_encrypt_block:0           M 00001446 lbu                 a6, -15(s1)       a6=00000058  s1:00000ab3  PA:00000aa4 
186490000: 18649: [[34m/soc/host/insn                   [0m] aes128_encrypt_block:0           M 0000144a lbu                 a7, -14(s1)       a7=0000009c  s1:00000ab3  PA:00000aa5 
186500000: 18650: [[34m/soc/host/insn                   [0m] aes128_encrypt_block:0           M 0000144e lbu                 t0, -13(s1)       t0=000000dd  s1:00000ab3  PA:00000aa6 
186510000: 18651: [[34m/soc/host/insn                   [0m] aes128_encrypt_block:0           M 00001452 lbu                 t1, -12(s1)       t1=000000b5  s1:00000ab3  PA:00000aa7 
186520000: 18652: [[34m/soc/host/insn                   [0m] aes128_encrypt_block:0           M 00001456 lbu                 s0, 12(sp)        s0=0000001c  sp:000009d0  PA:000009dc 
186530000: 18653: [[34m/soc/host/insn                   [0m] aes128_encrypt_block:0           M 0000145a lbu                 t2, 13(sp)        t2=00000037  sp:000009d0  PA:000009dd 
186540000: 18654: [[34m/soc/host/insn                   [0m] aes128_encrypt_block:0           M 0000145e lbu                 t6, 14(sp)        t6=00000097  sp:000009d0  PA:000009de 
186550000: 18655: [[34m/soc/host/insn                   [0m] aes128_encrypt_block:0           M 00001462 lbu                 t5, 15(sp)        t5=000000db  sp:000009d0  PA:000009df 
186560000: 18656: [[34m/soc/host/insn                   [0m] aes128_encrypt_block:0           M 00001466 lbu                 t4, -11(s1)       t4=00000055  s1:00000ab3  PA:00000aa8 
186570000: 18657: [[34m/soc/host/insn                   [0m] aes128_encrypt_block:0           M 0000146a lbu                 s10, -10(s1)     s10=000000dd  s1:00000ab3  PA:00000aa9 
186580000: 18658: [[34m/soc/host/insn                   [0m] aes128_encrypt_block:0           M 0000146e lbu                 s9, -9(s1)        s9=000000de  s1:00000ab3  PA:00000aaa 
186590000: 18659: [[34m/soc/host/insn                   [0m] aes128_encrypt_block:0           M 00001472 lbu                 s7, -8(s1)        s7=000000f6  s1:00000ab3  PA:00000aab 
186600000: 18660: [[34m/soc/host/insn                   [0m] aes128_encrypt_block:0           M 00001476 lbu                 a0, 16(sp)        a0=000000d5  sp:000009d0  PA:000009e0 
186610000: 18661: [[34m/soc/host/insn                   [0m] aes128_encrypt_block:0           M 0000147a lbu                 a4, 17(sp)        a4=000000f6  sp:000009d0  PA:000009e1 
186620000: 18662: [[34m/soc/host/insn                   [0m] aes128_encrypt_block:0           M 0000147e lbu                 a5, 18(sp)        a5=00000092  sp:000009d0  PA:000009e2 
186790000: 18679: [[34m/soc/host/insn                   [0m] aes128_encrypt_block:0           M 00001482 lbu                 a2, 19(sp)        a2=0000009d  sp:000009d0  PA:000009e3 
186800000: 18680: [[34m/soc/host/insn                   [0m] aes128_encrypt_block:0           M 00001486 lbu                 s6, -7(s1)        s6=000000cc  s1:00000ab3  PA:00000aac 
186810000: 18681: [[34m/soc/host/insn                   [0m] aes128_encrypt_block:0           M 0000148a lbu                 s11, -6(s1)      s11=00000033  s1:00000ab3  PA:00000aad 
186820000: 18682: [[34m/soc/host/insn                   [0m] aes128_encrypt_block:0           M 0000148e lbu                 s8, -5(s1)        s8=0000009f  s1:00000ab3  PA:00000aae 
186830000: 18683: [[34m/soc/host/insn                   [0m] aes128_encrypt_block:0           M 00001492 lbu                 ra, -4(s1)        ra=00000047  s1:00000ab3  PA:00000aaf 
186840000: 18684: [[34m/soc/host/insn                   [0m] aes128_encrypt_block:0           M 00001496 xor                 s2, s0, a6        s2=00000044  s0:0000001c  a6:00000058 
186850000: 18685: [[34m/soc/host/insn                   [0m] aes128_encrypt_block:0           M 0000149a xor                 t3, t2, a7        t3=000000ab  t2:00000037  a7:0000009c 
186860000: 18686: [[34m/soc/host/insn                   [0m] aes128_encrypt_block:0           M 0000149e xor                 t2, t6, t0        t2=0000004a  t6:00000097  t0:000000dd 
186870000: 18687: [[34m/soc/host/insn                   [0m] aes128_encrypt_block:0           M 000014a2 xor                 t1, t5, t1        t1=0000006e  t5:000000db  t1:000000b5 
186880000: 18688: [[34m/soc/host/insn                   [0m] aes128_encrypt_block:0           M 000014a6 lbu                 s0, 20(sp)        s0=000000c3  sp:000009d0  PA:000009e4 
186890000: 18689: [[34m/soc/host/insn                   [0m] aes128_encrypt_block:0           M 000014aa lbu                 a1, 21(sp)        a1=00000011  sp:000009d0  PA:000009e5 
186900000: 18690: [[34m/soc/host/insn                   [0m] aes128_encrypt_block:0           M 000014ae lbu                 a3, 22(sp)        a3=00000096  sp:000009d0  PA:000009e6 
186910000: 18691: [[34m/soc/host/insn                   [0m] aes128_encrypt_block:0           M 000014b2 lbu                 t6, 23(sp)        t6=00000031  sp:000009d0  PA:000009e7 
186920000: 18692: [[34m/soc/host/insn                   [0m] aes128_encrypt_block:0           M 000014b6 xor                 s4, a0, t4        s4=00000080  a0:000000d5  t4:00000055 
186930000: 18693: [[34m/soc/host/insn                   [0m] aes128_encrypt_block:0           M 000014ba xor                 a7, a4, s10       a7=0000002b  a4:000000f6 s10:000000dd 
186940000: 18694: [[34m/soc/host/insn                   [0m] aes128_encrypt_block:0           M 000014be xor                 t0, a5, s9        t0=0000004c  a5:00000092  s9:000000de 
187130000: 18713: [[34m/soc/host/insn                   [0m] aes128_encrypt_block:0           M 000014c2 xor                 a6, a2, s7        a6=0000006b  a2:0000009d  s7:000000f6 
187140000: 18714: [[34m/soc/host/insn                   [0m] aes128_encrypt_block:0           M 000014c6 lbu                 t4, -3(s1)        t4=0000001f  s1:00000ab3  PA:00000ab0 
187150000: 18715: [[34m/soc/host/insn                   [0m] aes128_encrypt_block:0           M 000014ca lbu                 a2, -2(s1)        a2=00000003  s1:00000ab3  PA:00000ab1 
187160000: 18716: [[34m/soc/host/insn                   [0m] aes128_encrypt_block:0           M 000014ce lbu                 a5, -1(s1)        a5=0000009b  s1:00000ab3  PA:00000ab2 
187170000: 18717: [[34m/soc/host/insn                   [0m] aes128_encrypt_block:0           M 000014d2 lbu                 a0, 0(s1)         a0=00000059  s1:00000ab3  PA:00000ab3 
187180000: 18718: [[34m/soc/host/insn                   [0m] aes128_encrypt_block:0           M 000014d6 xor                 s7, s0, s6        s7=0000000f  s0:000000c3  s6:000000cc 
187190000: 18719: [[34m/soc/host/insn                   [0m] aes128_encrypt_block:0           M 000014da xor                 s11, a1, s11     s11=00000022  a1:00000011 s11:00000033 
187200000: 18720: [[34m/soc/host/insn                   [0m] aes128_encrypt_block:0           M 000014de xor                 t5, a3, s8        t5=00000009  a3:00000096  s8:0000009f 
187210000: 18721: [[34m/soc/host/insn                   [0m] aes128_encrypt_block:0           M 000014e2 xor                 s10, t6, ra      s10=00000076  t6:00000031  ra:00000047 
187220000: 18722: [[34m/soc/host/insn                   [0m] aes128_encrypt_block:0           M 000014e6 lbu                 a1, 24(sp)        a1=000000a1  sp:000009d0  PA:000009e8 
187230000: 18723: [[34m/soc/host/insn                   [0m] aes128_encrypt_block:0           M 000014ea lbu                 s0, 25(sp)        s0=000000ad  sp:000009d0  PA:000009e9 
187240000: 18724: [[34m/soc/host/insn                   [0m] aes128_encrypt_block:0           M 000014ee lbu                 a3, 26(sp)        a3=00000018  sp:000009d0  PA:000009ea 
187250000: 18725: [[34m/soc/host/insn                   [0m] aes128_encrypt_block:0           M 000014f2 lbu                 a4, 27(sp)        a4=00000013  sp:000009d0  PA:000009eb 
187260000: 18726: [[34m/soc/host/insn                   [0m] aes128_encrypt_block:0           M 000014f6 xor                 a1, a1, t4        a1=000000be  a1:000000a1  t4:0000001f 
187270000: 18727: [[34m/soc/host/insn                   [0m] aes128_encrypt_block:0           M 000014fa xor                 t4, s0, a2        t4=000000ae  s0:000000ad  a2:00000003 
187280000: 18728: [[34m/soc/host/insn                   [0m] aes128_encrypt_block:0           M 000014fe xor                 t6, a3, a5        t6=00000083  a3:00000018  a5:0000009b 
187290000: 18729: [[34m/soc/host/insn                   [0m] aes128_encrypt_block:0           M 00001502 c.addi              s1, s1, 16        s1=00000ac3  s1:00000ab3 
187300000: 18730: [[34m/soc/host/insn                   [0m] aes128_encrypt_block:0           M 00001504 c.xor               a4, a4, a0        a4=0000004a  a4:00000013  a0:00000059 
187310000: 18731: [[34m/soc/host/insn                   [0m] aes128_encrypt_block:0           M 00001506 sb                  s2, 12(sp)        s2:00000044  sp:000009d0  PA:000009dc 
187320000: 18732: [[34m/soc/host/insn                   [0m] aes128_encrypt_block:0           M 0000150a sb                  t3, 13(sp)        t3:000000ab  sp:000009d0  PA:000009dd 
187330000: 18733: [[34m/soc/host/insn                   [0m] aes128_encrypt_block:0           M 0000150e sb                  t2, 14(sp)        t2:0000004a  sp:000009d0  PA:000009de 
187340000: 18734: [[34m/soc/host/insn                   [0m] aes128_encrypt_block:0           M 00001512 sb                  t1, 15(sp)        t1:0000006e  sp:000009d0  PA:000009df 
187350000: 18735: [[34m/soc/host/insn                   [0m] aes128_encrypt_block:0           M 00001516 sb                  s4, 16(sp)        s4:00000080  sp:000009d0  PA:000009e0 
187360000: 18736: [[34m/soc/host/insn                   [0m] aes128_encrypt_block:0           M 0000151a sb                  a7, 17(sp)        a7:0000002b  sp:000009d0  PA:000009e1 
187370000: 18737: [[34m/soc/host/insn                   [0m] aes128_encrypt_block:0           M 0000151e sb                  t0, 18(sp)        t0:0000004c  sp:000009d0  PA:000009e2 
187380000: 18738: [[34m/soc/host/insn                   [0m] aes128_encrypt_block:0           M 00001522 sb                  a6, 19(sp)        a6:0000006b  sp:000009d0  PA:000009e3 
187390000: 18739: [[34m/soc/host/insn                   [0m] aes128_encrypt_block:0           M 00001526 sb                  s7, 20(sp)        s7:0000000f  sp:000009d0  PA:000009e4 
187400000: 18740: [[34m/soc/host/insn                   [0m] aes128_encrypt_block:0           M 0000152a sb                  s11, 21(sp)      s11:00000022  sp:000009d0  PA:000009e5 
187410000: 18741: [[34m/soc/host/insn                   [0m] aes128_encrypt_block:0           M 0000152e sb                  t5, 22(sp)        t5:00000009  sp:000009d0  PA:000009e6 
187420000: 18742: [[34m/soc/host/insn                   [0m] aes128_encrypt_block:0           M 00001532 sb                  s10, 23(sp)      s10:00000076  sp:000009d0  PA:000009e7 
187430000: 18743: [[34m/soc/host/insn                   [0m] aes128_encrypt_block:0           M 00001536 sb                  a1, 24(sp)        a1:000000be  sp:000009d0  PA:000009e8 
187440000: 18744: [[34m/soc/host/insn                   [0m] aes128_encrypt_block:0           M 0000153a sb                  t4, 25(sp)        t4:000000ae  sp:000009d0  PA:000009e9 
187450000: 18745: [[34m/soc/host/insn                   [0m] aes128_encrypt_block:0           M 0000153e sb                  t6, 26(sp)        t6:00000083  sp:000009d0  PA:000009ea 
187590000: 18759: [[34m/soc/host/insn                   [0m] aes128_encrypt_block:0           M 00001542 sb                  a4, 27(sp)        a4:0000004a  sp:000009d0  PA:000009eb 
187600000: 18760: [[34m/soc/host/insn                   [0m] aes128_encrypt_block:0           M 00001546 addi                a0, s3, 175       a0=00000ae3  s3:00000a34 
187610000: 18761: [[34m/soc/host/insn                   [0m] aes128_encrypt_block:0           M 0000154a bne                 s1, a0, -434      s1:00000ac3  a0:00000ae3 
187640000: 18764: [[34m/soc/host/insn                   [0m] aes128_encrypt_block:0           M 00001398 add                 s0, s5, s2        s0=0000006c  s5:00000028  s2:00000044 
187770000: 18777: [[34m/soc/host/insn                   [0m] aes128_encrypt_block:0           M 0000139c c.add               t3, t3, s5        t3=000000d3  t3:000000ab  s5:00000028 
187780000: 18778: [[34m/soc/host/insn                   [0m] aes128_encrypt_block:0           M 0000139e c.add               t2, t2, s5        t2=00000072  t2:0000004a  s5:00000028 
187790000: 18779: [[34m/soc/host/insn                   [0m] aes128_encrypt_block:0           M 000013a0 c.add               t1, t1, s5        t1=00000096  t1:0000006e  s5:00000028 
187800000: 18780: [[34m/soc/host/insn                   [0m] aes128_encrypt_block:0           M 000013a2 add                 s6, s5, s4        s6=000000a8  s5:00000028  s4:00000080 
187810000: 18781: [[34m/soc/host/insn                   [0m] aes128_encrypt_block:0           M 000013a6 c.add               a7, a7, s5        a7=00000053  a7:0000002b  s5:00000028 
187820000: 18782: [[34m/soc/host/insn                   [0m] aes128_encrypt_block:0           M 000013a8 c.add               t0, t0, s5        t0=00000074  t0:0000004c  s5:00000028 
187830000: 18783: [[34m/soc/host/insn                   [0m] aes128_encrypt_block:0           M 000013aa c.add               a6, a6, s5        a6=00000093  a6:0000006b  s5:00000028 
187840000: 18784: [[34m/soc/host/insn                   [0m] aes128_encrypt_block:0           M 000013ac c.add               s7, s7, s5        s7=00000037  s7:0000000f  s5:00000028 
187850000: 18785: [[34m/soc/host/insn                   [0m] aes128_encrypt_block:0           M 000013ae add                 s8, s5, s11       s8=0000004a  s5:00000028 s11:00000022 
187860000: 18786: [[34m/soc/host/insn                   [0m] aes128_encrypt_block:0           M 000013b2 c.add               t5, t5, s5        t5=00000031  t5:00000009  s5:00000028 
187870000: 18787: [[34m/soc/host/insn                   [0m] aes128_encrypt_block:0           M 000013b4 add                 a2, s5, s10       a2=0000009e  s5:00000028 s10:00000076 
187880000: 18788: [[34m/soc/host/insn                   [0m] aes128_encrypt_block:0           M 000013b8 add                 a5, s5, a1        a5=000000e6  s5:00000028  a1:000000be 
187890000: 18789: [[34m/soc/host/insn                   [0m] aes128_encrypt_block:0           M 000013bc c.add               t4, t4, s5        t4=000000d6  t4:000000ae  s5:00000028 
187900000: 18790: [[34m/soc/host/insn                   [0m] aes128_encrypt_block:0           M 000013be c.add               t6, t6, s5        t6=000000ab  t6:00000083  s5:00000028 
187930000: 18793: [[34m/soc/host/insn                   [0m] aes128_encrypt_block:0           M 000013c0 c.add               a4, a4, s5        a4=00000072  a4:0000004a  s5:00000028 
187940000: 18794: [[34m/soc/host/insn                   [0m] aes128_encrypt_block:0           M 000013c2 lbu                 s2, 0(s0)         s2=0000001b  s0:0000006c  PA:0000006c 
187950000: 18795: [[34m/soc/host/insn                   [0m] aes128_encrypt_block:0           M 000013c6 lbu                 s9, 0(t3)         s9=00000062  t3:000000d3  PA:000000d3 
187960000: 18796: [[34m/soc/host/insn                   [0m] aes128_encrypt_block:0           M 000013ca lbu                 t3, 0(t2)         t3=000000d6  t2:00000072  PA:00000072 
187970000: 18797: [[34m/soc/host/insn                   [0m] aes128_encrypt_block:0           M 000013ce lbu                 t1, 0(t1)         t1=0000009f  t1:00000096  PA:00000096 
187980000: 18798: [[34m/soc/host/insn                   [0m] aes128_encrypt_block:0           M 000013d2 lbu                 t2, 0(s6)         t2=000000cd  s6:000000a8  PA:000000a8 
187990000: 18799: [[34m/soc/host/insn                   [0m] aes128_encrypt_block:0           M 000013d6 lbu                 a7, 0(a7)         a7=000000f1  a7:00000053  PA:00000053 
188000000: 18800: [[34m/soc/host/insn                   [0m] aes128_encrypt_block:0           M 000013da lbu                 a0, 0(t0)         a0=00000029  t0:00000074  PA:00000074 
188010000: 18801: [[34m/soc/host/insn                   [0m] aes128_encrypt_block:0           M 000013de lbu                 s6, 0(a6)         s6=0000007f  a6:00000093  PA:00000093 
188020000: 18802: [[34m/soc/host/insn                   [0m] aes128_encrypt_block:0           M 000013e2 lbu                 a3, 0(s7)         a3=00000076  s7:00000037  PA:00000037 
188030000: 18803: [[34m/soc/host/insn                   [0m] aes128_encrypt_block:0           M 000013e6 lbu                 a6, 0(s8)         a6=00000093  s8:0000004a  PA:0000004a 
188040000: 18804: [[34m/soc/host/insn                   [0m] aes128_encrypt_block:0           M 000013ea lbu                 t0, 0(t5)         t0=00000001  t5:00000031  PA:00000031 
188050000: 18805: [[34m/soc/host/insn                   [0m] aes128_encrypt_block:0           M 000013ee lbu                 a2, 0(a2)         a2=00000038  a2:0000009e  PA:0000009e 
188060000: 18806: [[34m/soc/host/insn                   [0m] aes128_encrypt_block:0           M 000013f2 lbu                 a5, 0(a5)         a5=000000ae  a5:000000e6  PA:000000e6 
188070000: 18807: [[34m/soc/host/insn                   [0m] aes128_encrypt_block:0           M 000013f6 lbu                 a1, 0(t4)         a1=000000e4  t4:000000d6  PA:000000d6 
188080000: 18808: [[34m/soc/host/insn                   [0m] aes128_encrypt_block:0           M 000013fa lbu                 s0, 0(t6)         s0=000000ec  t6:000000ab  PA:000000ab 
188090000: 18809: [[34m/soc/host/insn                   [0m] aes128_encrypt_block:0           M 000013fe lbu                 a4, 0(a4)         a4=000000d6  a4:00000072  PA:00000072 
188240000: 18824: [[34m/soc/host/insn                   [0m] aes128_encrypt_block:0           M 00001402 sb                  a5, 24(sp)        a5:000000ae  sp:000009d0  PA:000009e8 
188250000: 18825: [[34m/soc/host/insn                   [0m] aes128_encrypt_block:0           M 00001406 sb                  s9, 25(sp)        s9:00000062  sp:000009d0  PA:000009e9 
188260000: 18826: [[34m/soc/host/insn                   [0m] aes128_encrypt_block:0           M 0000140a sb                  a0, 26(sp)        a0:00000029  sp:000009d0  PA:000009ea 
188270000: 18827: [[34m/soc/host/insn                   [0m] aes128_encrypt_block:0           M 0000140e sb                  a2, 27(sp)        a2:00000038  sp:000009d0  PA:000009eb 
188280000: 18828: [[34m/soc/host/insn                   [0m] aes128_encrypt_block:0           M 00001412 sb                  a3, 20(sp)        a3:00000076  sp:000009d0  PA:000009e4 
188290000: 18829: [[34m/soc/host/insn                   [0m] aes128_encrypt_block:0           M 00001416 sb                  a1, 21(sp)        a1:000000e4  sp:000009d0  PA:000009e5 
188300000: 18830: [[34m/soc/host/insn                   [0m] aes128_encrypt_block:0           M 0000141a sb                  t3, 22(sp)        t3:000000d6  sp:000009d0  PA:000009e6 
188310000: 18831: [[34m/soc/host/insn                   [0m] aes128_encrypt_block:0           M 0000141e sb                  s6, 23(sp)        s6:0000007f  sp:000009d0  PA:000009e7 
188320000: 18832: [[34m/soc/host/insn                   [0m] aes128_encrypt_block:0           M 00001422 sb                  t2, 16(sp)        t2:000000cd  sp:000009d0  PA:000009e0 
188330000: 18833: [[34m/soc/host/insn                   [0m] aes128_encrypt_block:0           M 00001426 sb                  a6, 17(sp)        a6:00000093  sp:000009d0  PA:000009e1 
188340000: 18834: [[34m/soc/host/insn                   [0m] aes128_encrypt_block:0           M 0000142a sb                  s0, 18(sp)        s0:000000ec  sp:000009d0  PA:000009e2 
188350000: 18835: [[34m/soc/host/insn                   [0m] aes128_encrypt_block:0           M 0000142e sb                  t1, 19(sp)        t1:0000009f  sp:000009d0  PA:000009e3 
188360000: 18836: [[34m/soc/host/insn                   [0m] aes128_encrypt_block:0           M 00001432 sb                  s2, 12(sp)        s2:0000001b  sp:000009d0  PA:000009dc 
188370000: 18837: [[34m/soc/host/insn                   [0m] aes128_encrypt_block:0           M 00001436 sb                  a7, 13(sp)        a7:000000f1  sp:000009d0  PA:000009dd 
188380000: 18838: [[34m/soc/host/insn                   [0m] aes128_encrypt_block:0           M 0000143a sb                  t0, 14(sp)        t0:00000001  sp:000009d0  PA:000009de 
188390000: 18839: [[34m/soc/host/insn                   [0m] aes128_encrypt_block:0           M 0000143e sb                  a4, 15(sp)        a4:000000d6  sp:000009d0  PA:000009df 
188560000: 18856: [[34m/soc/host/insn                   [0m] aes128_encrypt_block:0           M 00001442 c.addi4spn          a0, sp, 12        a0=000009dc  sp:000009d0 
188570000: 18857: [[34m/soc/host/insn                   [0m] aes128_encrypt_block:0           M 00001444 c.jal               ra, -1426         ra=00001446 
201120000: 20112: [[34m/soc/host/insn                   [0m] aes128_encrypt_block:0           M 00001446 lbu                 a6, -15(s1)       a6=000000a3  s1:00000ac3  PA:00000ab4 
201220000: 20122: [[34m/soc/host/insn                   [0m] aes128_encrypt_block:0           M 0000144a lbu                 a7, -14(s1)       a7=00000088  s1:00000ac3  PA:00000ab5 
201230000: 20123: [[34m/soc/host/insn                   [0m] aes128_encrypt_block:0           M 0000144e lbu                 t0, -13(s1)       t0=00000016  s1:00000ac3  PA:00000ab6 
201240000: 20124: [[34m/soc/host/insn                   [0m] aes128_encrypt_block:0           M 00001452 lbu                 t1, -12(s1)       t1=00000075  s1:00000ac3  PA:00000ab7 
201250000: 20125: [[34m/soc/host/insn                   [0m] aes128_encrypt_block:0           M 00001456 lbu                 s0, 12(sp)        s0=000000e9  sp:000009d0  PA:000009dc 
201260000: 20126: [[34m/soc/host/insn                   [0m] aes128_encrypt_block:0           M 0000145a lbu                 t2, 13(sp)        t2=00000037  sp:000009d0  PA:000009dd 
201270000: 20127: [[34m/soc/host/insn                   [0m] aes128_encrypt_block:0           M 0000145e lbu                 t6, 14(sp)        t6=00000089  sp:000009d0  PA:000009de 
201280000: 20128: [[34m/soc/host/insn                   [0m] aes128_encrypt_block:0           M 00001462 lbu                 t5, 15(sp)        t5=0000006a  sp:000009d0  PA:000009df 
201290000: 20129: [[34m/soc/host/insn                   [0m] aes128_encrypt_block:0           M 00001466 lbu                 t4, -11(s1)       t4=000000f6  s1:00000ac3  PA:00000ab8 
201300000: 20130: [[34m/soc/host/insn                   [0m] aes128_encrypt_block:0           M 0000146a lbu                 s10, -10(s1)     s10=00000055  s1:00000ac3  PA:00000ab9 
201310000: 20131: [[34m/soc/host/insn                   [0m] aes128_encrypt_block:0           M 0000146e lbu                 s9, -9(s1)        s9=000000c8  s1:00000ac3  PA:00000aba 
201320000: 20132: [[34m/soc/host/insn                   [0m] aes128_encrypt_block:0           M 00001472 lbu                 s7, -8(s1)        s7=00000083  s1:00000ac3  PA:00000abb 
201330000: 20133: [[34m/soc/host/insn                   [0m] aes128_encrypt_block:0           M 00001476 lbu                 a0, 16(sp)        a0=0000005c  sp:000009d0  PA:000009e0 
201340000: 20134: [[34m/soc/host/insn                   [0m] aes128_encrypt_block:0           M 0000147a lbu                 a4, 17(sp)        a4=00000040  sp:000009d0  PA:000009e1 
201350000: 20135: [[34m/soc/host/insn                   [0m] aes128_encrypt_block:0           M 0000147e lbu                 a5, 18(sp)        a5=00000027  sp:000009d0  PA:000009e2 
201520000: 20152: [[34m/soc/host/insn                   [0m] aes128_encrypt_block:0           M 00001482 lbu                 a2, 19(sp)        a2=00000016  sp:000009d0  PA:000009e3 
201530000: 20153: [[34m/soc/host/insn                   [0m] aes128_encrypt_block:0           M 00001486 lbu                 s6, -7(s1)        s6=0000003a  s1:00000ac3  PA:00000abc 
201540000: 20154: [[34m/soc/host/insn                   [0m] aes128_encrypt_block:0           M 0000148a lbu                 s11, -6(s1)      s11=00000066  s1:00000ac3  PA:00000abd 
201550000: 20155: [[34m/soc/host/insn                   [0m] aes128_encrypt_block:0           M 0000148e lbu                 s8, -5(s1)        s8=00000057  s1:00000ac3  PA:00000abe 
201560000: 20156: [[34m/soc/host/insn                   [0m] aes128_encrypt_block:0           M 00001492 lbu                 ra, -4(s1)        ra=000000c4  s1:00000ac3  PA:00000abf 
201570000: 20157: [[34m/soc/host/insn                   [0m] aes128_encrypt_block:0           M 00001496 xor                 s2, s0, a6        s2=0000004a  s0:000000e9  a6:000000a3 
201580000: 20158: [[34m/soc/host/insn                   [0m] aes128_encrypt_block:0           M 0000149a xor                 t3, t2, a7        t3=000000bf  t2:00000037  a7:00000088 
201590000: 20159: [[34m/soc/host/insn                   [0m] aes128_encrypt_block:0           M 0000149e xor                 t2, t6, t0        t2=0000009f  t6:00000089  t0:00000016 
201600000: 20160: [[34m/soc/host/insn                   [0m] aes128_encrypt_block:0           M 000014a2 xor                 t1, t5, t1        t1=0000001f  t5:0000006a  t1:00000075 
201610000: 20161: [[34m/soc/host/insn                   [0m] aes128_encrypt_block:0           M 000014a6 lbu                 s0, 20(sp)        s0=00000072  sp:000009d0  PA:000009e4 
201620000: 20162: [[34m/soc/host/insn                   [0m] aes128_encrypt_block:0           M 000014aa lbu                 a1, 21(sp)        a1=000000bb  sp:000009d0  PA:000009e5 
201630000: 20163: [[34m/soc/host/insn                   [0m] aes128_encrypt_block:0           M 000014ae lbu                 a3, 22(sp)        a3=000000a4  sp:000009d0  PA:000009e6 
201640000: 20164: [[34m/soc/host/insn                   [0m] aes128_encrypt_block:0           M 000014b2 lbu                 t6, 23(sp)        t6=00000056  sp:000009d0  PA:000009e7 
201650000: 20165: [[34m/soc/host/insn                   [0m] aes128_encrypt_block:0           M 000014b6 xor                 s4, a0, t4        s4=000000aa  a0:0000005c  t4:000000f6 
201660000: 20166: [[34m/soc/host/insn                   [0m] aes128_encrypt_block:0           M 000014ba xor                 a7, a4, s10       a7=00000015  a4:00000040 s10:00000055 
201670000: 20167: [[34m/soc/host/insn                   [0m] aes128_encrypt_block:0           M 000014be xor                 t0, a5, s9        t0=000000ef  a5:00000027  s9:000000c8 
201860000: 20186: [[34m/soc/host/insn                   [0m] aes128_encrypt_block:0           M 000014c2 xor                 a6, a2, s7        a6=00000095  a2:00000016  s7:00000083 
201870000: 20187: [[34m/soc/host/insn                   [0m] aes128_encrypt_block:0           M 000014c6 lbu                 t4, -3(s1)        t4=00000025  s1:00000ac3  PA:00000ac0 
201880000: 20188: [[34m/soc/host/insn                   [0m] aes128_encrypt_block:0           M 000014ca lbu                 a2, -2(s1)        a2=00000065  s1:00000ac3  PA:00000ac1 
201890000: 20189: [[34m/soc/host/insn                   [0m] aes128_encrypt_block:0           M 000014ce lbu                 a5, -1(s1)        a5=000000cc  s1:00000ac3  PA:00000ac2 
201900000: 20190: [[34m/soc/host/insn                   [0m] aes128_encrypt_block:0           M 000014d2 lbu                 a0, 0(s1)         a0=0000009d  s1:00000ac3  PA:00000ac3 
201910000: 20191: [[34m/soc/host/insn                   [0m] aes128_encrypt_block:0           M 000014d6 xor                 s7, s0, s6        s7=00000048  s0:00000072  s6:0000003a 
201920000: 20192: [[34m/soc/host/insn                   [0m] aes128_encrypt_block:0           M 000014da xor                 s11, a1, s11     s11=000000dd  a1:000000bb s11:00000066 
201930000: 20193: [[34m/soc/host/insn                   [0m] aes128_encrypt_block:0           M 000014de xor                 t5, a3, s8        t5=000000f3  a3:000000a4  s8:00000057 
201940000: 20194: [[34m/soc/host/insn                   [0m] aes128_encrypt_block:0           M 000014e2 xor                 s10, t6, ra      s10=00000092  t6:00000056  ra:000000c4 
201950000: 20195: [[34m/soc/host/insn                   [0m] aes128_encrypt_block:0           M 000014e6 lbu                 a1, 24(sp)        a1=000000f0  sp:000009d0  PA:000009e8 
201960000: 20196: [[34m/soc/host/insn                   [0m] aes128_encrypt_block:0           M 000014ea lbu                 s0, 25(sp)        s0=00000029  sp:000009d0  PA:000009e9 
201970000: 20197: [[34m/soc/host/insn                   [0m] aes128_encrypt_block:0           M 000014ee lbu                 a3, 26(sp)        a3=000000d6  sp:000009d0  PA:000009ea 
201980000: 20198: [[34m/soc/host/insn                   [0m] aes128_encrypt_block:0           M 000014f2 lbu                 a4, 27(sp)        a4=000000d2  sp:000009d0  PA:000009eb 
201990000: 20199: [[34m/soc/host/insn                   [0m] aes128_encrypt_block:0           M 000014f6 xor                 a1, a1, t4        a1=000000d5  a1:000000f0  t4:00000025 
202000000: 20200: [[34m/soc/host/insn                   [0m] aes128_encrypt_block:0           M 000014fa xor                 t4, s0, a2        t4=0000004c  s0:00000029  a2:00000065 
202010000: 20201: [[34m/soc/host/insn                   [0m] aes128_encrypt_block:0           M 000014fe xor                 t6, a3, a5        t6=0000001a  a3:000000d6  a5:000000cc 
202020000: 20202: [[34m/soc/host/insn                   [0m] aes128_encrypt_block:0           M 00001502 c.addi              s1, s1, 16        s1=00000ad3  s1:00000ac3 
202030000: 20203: [[34m/soc/host/insn                   [0m] aes128_encrypt_block:0           M 00001504 c.xor               a4, a4, a0        a4=0000004f  a4:000000d2  a0:0000009d 
202040000: 20204: [[34m/soc/host/insn                   [0m] aes128_encrypt_block:0           M 00001506 sb                  s2, 12(sp)        s2:0000004a  sp:000009d0  PA:000009dc 
202050000: 20205: [[34m/soc/host/insn                   [0m] aes128_encrypt_block:0           M 0000150a sb                  t3, 13(sp)        t3:000000bf  sp:000009d0  PA:000009dd 
202060000: 20206: [[34m/soc/host/insn                   [0m] aes128_encrypt_block:0           M 0000150e sb                  t2, 14(sp)        t2:0000009f  sp:000009d0  PA:000009de 
202070000: 20207: [[34m/soc/host/insn                   [0m] aes128_encrypt_block:0           M 00001512 sb                  t1, 15(sp)        t1:0000001f  sp:000009d0  PA:000009df 
202080000: 20208: [[34m/soc/host/insn                   [0m] aes128_encrypt_block:0           M 00001516 sb                  s4, 16(sp)        s4:000000aa  sp:000009d0  PA:000009e0 
202090000: 20209: [[34m/soc/host/insn                   [0m] aes128_encrypt_block:0           M 0000151a sb                  a7, 17(sp)        a7:00000015  sp:000009d0  PA:000009e1 
202100000: 20210: [[34m/soc/host/insn                   [0m] aes128_encrypt_block:0           M 0000151e sb                  t0, 18(sp)        t0:000000ef  sp:000009d0  PA:000009e2 
202110000: 20211: [[34m/soc/host/insn                   [0m] aes128_encrypt_block:0           M 00001522 sb                  a6, 19(sp)        a6:00000095  sp:000009d0  PA:000009e3 
202120000: 20212: [[34m/soc/host/insn                   [0m] aes128_encrypt_block:0           M 00001526 sb                  s7, 20(sp)        s7:00000048  sp:000009d0  PA:000009e4 
202130000: 20213: [[34m/soc/host/insn                   [0m] aes128_encrypt_block:0           M 0000152a sb                  s11, 21(sp)      s11:000000dd  sp:000009d0  PA:000009e5 
202140000: 20214: [[34m/soc/host/insn                   [0m] aes128_encrypt_block:0           M 0000152e sb                  t5, 22(sp)        t5:000000f3  sp:000009d0  PA:000009e6 
202150000: 20215: [[34m/soc/host/insn                   [0m] aes128_encrypt_block:0           M 00001532 sb                  s10, 23(sp)      s10:00000092  sp:000009d0  PA:000009e7 
202160000: 20216: [[34m/soc/host/insn                   [0m] aes128_encrypt_block:0           M 00001536 sb                  a1, 24(sp)        a1:000000d5  sp:000009d0  PA:000009e8 
202170000: 20217: [[34m/soc/host/insn                   [0m] aes128_encrypt_block:0           M 0000153a sb                  t4, 25(sp)        t4:0000004c  sp:000009d0  PA:000009e9 
202180000: 20218: [[34m/soc/host/insn                   [0m] aes128_encrypt_block:0           M 0000153e sb                  t6, 26(sp)        t6:0000001a  sp:000009d0  PA:000009ea 
202320000: 20232: [[34m/soc/host/insn                   [0m] aes128_encrypt_block:0           M 00001542 sb                  a4, 27(sp)        a4:0000004f  sp:000009d0  PA:000009eb 
202330000: 20233: [[34m/soc/host/insn                   [0m] aes128_encrypt_block:0           M 00001546 addi                a0, s3, 175       a0=00000ae3  s3:00000a34 
202340000: 20234: [[34m/soc/host/insn                   [0m] aes128_encrypt_block:0           M 0000154a bne                 s1, a0, -434      s1:00000ad3  a0:00000ae3 
202370000: 20237: [[34m/soc/host/insn                   [0m] aes128_encrypt_block:0           M 00001398 add                 s0, s5, s2        s0=00000072  s5:00000028  s2:0000004a 
202500000: 20250: [[34m/soc/host/insn                   [0m] aes128_encrypt_block:0           M 0000139c c.add               t3, t3, s5        t3=000000e7  t3:000000bf  s5:00000028 
202510000: 20251: [[34m/soc/host/insn                   [0m] aes128_encrypt_block:0           M 0000139e c.add               t2, t2, s5        t2=000000c7  t2:0000009f  s5:00000028 
202520000: 20252: [[34m/soc/host/insn                   [0m] aes128_encrypt_block:0           M 000013a0 c.add               t1, t1, s5        t1=00000047  t1:0000001f  s5:00000028 
202530000: 20253: [[34m/soc/host/insn                   [0m] aes128_encrypt_block:0           M 000013a2 add                 s6, s5, s4        s6=000000d2  s5:00000028  s4:000000aa 
202540000: 20254: [[34m/soc/host/insn                   [0m] aes128_encrypt_block:0           M 000013a6 c.add               a7, a7, s5        a7=0000003d  a7:00000015  s5:00000028 
202550000: 20255: [[34m/soc/host/insn                   [0m] aes128_encrypt_block:0           M 000013a8 c.add               t0, t0, s5        t0=00000117  t0:000000ef  s5:00000028 
202560000: 20256: [[34m/soc/host/insn                   [0m] aes128_encrypt_block:0           M 000013aa c.add               a6, a6, s5        a6=000000bd  a6:00000095  s5:00000028 
202570000: 20257: [[34m/soc/host/insn                   [0m] aes128_encrypt_block:0           M 000013ac c.add               s7, s7, s5        s7=00000070  s7:00000048  s5:00000028 
202580000: 20258: [[34m/soc/host/insn                   [0m] aes128_encrypt_block:0           M 000013ae add                 s8, s5, s11       s8=00000105  s5:00000028 s11:000000dd 
202590000: 20259: [[34m/soc/host/insn                   [0m] aes128_encrypt_block:0           M 000013b2 c.add               t5, t5, s5        t5=0000011b  t5:000000f3  s5:00000028 
202600000: 20260: [[34m/soc/host/insn                   [0m] aes128_encrypt_block:0           M 000013b4 add                 a2, s5, s10       a2=000000ba  s5:00000028 s10:00000092 
202610000: 20261: [[34m/soc/host/insn                   [0m] aes128_encrypt_block:0           M 000013b8 add                 a5, s5, a1        a5=000000fd  s5:00000028  a1:000000d5 
202620000: 20262: [[34m/soc/host/insn                   [0m] aes128_encrypt_block:0           M 000013bc c.add               t4, t4, s5        t4=00000074  t4:0000004c  s5:00000028 
202630000: 20263: [[34m/soc/host/insn                   [0m] aes128_encrypt_block:0           M 000013be c.add               t6, t6, s5        t6=00000042  t6:0000001a  s5:00000028 
202660000: 20266: [[34m/soc/host/insn                   [0m] aes128_encrypt_block:0           M 000013c0 c.add               a4, a4, s5        a4=00000077  a4:0000004f  s5:00000028 
202670000: 20267: [[34m/soc/host/insn                   [0m] aes128_encrypt_block:0           M 000013c2 lbu                 s2, 0(s0)         s2=000000d6  s0:00000072  PA:00000072 
202680000: 20268: [[34m/soc/host/insn                   [0m] aes128_encrypt_block:0           M 000013c6 lbu                 s9, 0(t3)         s9=00000008  t3:000000e7  PA:000000e7 
202690000: 20269: [[34m/soc/host/insn                   [0m] aes128_encrypt_block:0           M 000013ca lbu                 t3, 0(t2)         t3=000000db  t2:000000c7  PA:000000c7 
202700000: 20270: [[34m/soc/host/insn                   [0m] aes128_encrypt_block:0           M 000013ce lbu                 t1, 0(t1)         t1=000000c0  t1:00000047  PA:00000047 
202710000: 20271: [[34m/soc/host/insn                   [0m] aes128_encrypt_block:0           M 000013d2 lbu                 t2, 0(s6)         t2=000000ac  s6:000000d2  PA:000000d2 
202720000: 20272: [[34m/soc/host/insn                   [0m] aes128_encrypt_block:0           M 000013d6 lbu                 a7, 0(a7)         a7=00000059  a7:0000003d  PA:0000003d 
202730000: 20273: [[34m/soc/host/insn                   [0m] aes128_encrypt_block:0           M 000013da lbu                 a0, 0(t0)         a0=000000df  t0:00000117  PA:00000117 
202740000: 20274: [[34m/soc/host/insn                   [0m] aes128_encrypt_block:0           M 000013de lbu                 s6, 0(a6)         s6=0000002a  a6:000000bd  PA:000000bd 
202750000: 20275: [[34m/soc/host/insn                   [0m] aes128_encrypt_block:0           M 000013e2 lbu                 a3, 0(s7)         a3=00000052  s7:00000070  PA:00000070 
202760000: 20276: [[34m/soc/host/insn                   [0m] aes128_encrypt_block:0           M 000013e6 lbu                 a6, 0(s8)         a6=000000c1  s8:00000105  PA:00000105 
202770000: 20277: [[34m/soc/host/insn                   [0m] aes128_encrypt_block:0           M 000013ea lbu                 t0, 0(t5)         t0=0000000d  t5:0000011b  PA:0000011b 
202780000: 20278: [[34m/soc/host/insn                   [0m] aes128_encrypt_block:0           M 000013ee lbu                 a2, 0(a2)         a2=0000004f  a2:000000ba  PA:000000ba 
202790000: 20279: [[34m/soc/host/insn                   [0m] aes128_encrypt_block:0           M 000013f2 lbu                 a5, 0(a5)         a5=00000003  a5:000000fd  PA:000000fd 
202800000: 20280: [[34m/soc/host/insn                   [0m] aes128_encrypt_block:0           M 000013f6 lbu                 a1, 0(t4)         a1=00000029  t4:00000074  PA:00000074 
202810000: 20281: [[34m/soc/host/insn                   [0m] aes128_encrypt_block:0           M 000013fa lbu                 s0, 0(t6)         s0=000000a2  t6:00000042  PA:00000042 
202820000: 20282: [[34m/soc/host/insn                   [0m] aes128_encrypt_block:0           M 000013fe lbu                 a4, 0(a4)         a4=00000084  a4:00000077  PA:00000077 
202970000: 20297: [[34m/soc/host/insn                   [0m] aes128_encrypt_block:0           M 00001402 sb                  a5, 24(sp)        a5:00000003  sp:000009d0  PA:000009e8 
202980000: 20298: [[34m/soc/host/insn                   [0m] aes128_encrypt_block:0           M 00001406 sb                  s9, 25(sp)        s9:00000008  sp:000009d0  PA:000009e9 
202990000: 20299: [[34m/soc/host/insn                   [0m] aes128_encrypt_block:0           M 0000140a sb                  a0, 26(sp)        a0:000000df  sp:000009d0  PA:000009ea 
203000000: 20300: [[34m/soc/host/insn                   [0m] aes128_encrypt_block:0           M 0000140e sb                  a2, 27(sp)        a2:0000004f  sp:000009d0  PA:000009eb 
203010000: 20301: [[34m/soc/host/insn                   [0m] aes128_encrypt_block:0           M 00001412 sb                  a3, 20(sp)        a3:00000052  sp:000009d0  PA:000009e4 
203020000: 20302: [[34m/soc/host/insn                   [0m] aes128_encrypt_block:0           M 00001416 sb                  a1, 21(sp)        a1:00000029  sp:000009d0  PA:000009e5 
203030000: 20303: [[34m/soc/host/insn                   [0m] aes128_encrypt_block:0           M 0000141a sb                  t3, 22(sp)        t3:000000db  sp:000009d0  PA:000009e6 
203040000: 20304: [[34m/soc/host/insn                   [0m] aes128_encrypt_block:0           M 0000141e sb                  s6, 23(sp)        s6:0000002a  sp:000009d0  PA:000009e7 
203050000: 20305: [[34m/soc/host/insn                   [0m] aes128_encrypt_block:0           M 00001422 sb                  t2, 16(sp)        t2:000000ac  sp:000009d0  PA:000009e0 
203060000: 20306: [[34m/soc/host/insn                   [0m] aes128_encrypt_block:0           M 00001426 sb                  a6, 17(sp)        a6:000000c1  sp:000009d0  PA:000009e1 
203070000: 20307: [[34m/soc/host/insn                   [0m] aes128_encrypt_block:0           M 0000142a sb                  s0, 18(sp)        s0:000000a2  sp:000009d0  PA:000009e2 
203080000: 20308: [[34m/soc/host/insn                   [0m] aes128_encrypt_block:0           M 0000142e sb                  t1, 19(sp)        t1:000000c0  sp:000009d0  PA:000009e3 
203090000: 20309: [[34m/soc/host/insn                   [0m] aes128_encrypt_block:0           M 00001432 sb                  s2, 12(sp)        s2:000000d6  sp:000009d0  PA:000009dc 
203100000: 20310: [[34m/soc/host/insn                   [0m] aes128_encrypt_block:0           M 00001436 sb                  a7, 13(sp)        a7:00000059  sp:000009d0  PA:000009dd 
203110000: 20311: [[34m/soc/host/insn                   [0m] aes128_encrypt_block:0           M 0000143a sb                  t0, 14(sp)        t0:0000000d  sp:000009d0  PA:000009de 
203120000: 20312: [[34m/soc/host/insn                   [0m] aes128_encrypt_block:0           M 0000143e sb                  a4, 15(sp)        a4:00000084  sp:000009d0  PA:000009df 
203290000: 20329: [[34m/soc/host/insn                   [0m] aes128_encrypt_block:0           M 00001442 c.addi4spn          a0, sp, 12        a0=000009dc  sp:000009d0 
203300000: 20330: [[34m/soc/host/insn                   [0m] aes128_encrypt_block:0           M 00001444 c.jal               ra, -1426         ra=00001446 
215850000: 21585: [[34m/soc/host/insn                   [0m] aes128_encrypt_block:0           M 00001446 lbu                 a6, -15(s1)       a6=000000f5  s1:00000ad3  PA:00000ac4 
215950000: 21595: [[34m/soc/host/insn                   [0m] aes128_encrypt_block:0           M 0000144a lbu                 a7, -14(s1)       a7=000000c3  s1:00000ad3  PA:00000ac5 
215960000: 21596: [[34m/soc/host/insn                   [0m] aes128_encrypt_block:0           M 0000144e lbu                 t0, -13(s1)       t0=00000048  s1:00000ad3  PA:00000ac6 
215970000: 21597: [[34m/soc/host/insn                   [0m] aes128_encrypt_block:0           M 00001452 lbu                 t1, -12(s1)       t1=0000004a  s1:00000ad3  PA:00000ac7 
215980000: 21598: [[34m/soc/host/insn                   [0m] aes128_encrypt_block:0           M 00001456 lbu                 s0, 12(sp)        s0=000000d5  sp:000009d0  PA:000009dc 
215990000: 21599: [[34m/soc/host/insn                   [0m] aes128_encrypt_block:0           M 0000145a lbu                 t2, 13(sp)        t2=000000f7  sp:000009d0  PA:000009dd 
216000000: 21600: [[34m/soc/host/insn                   [0m] aes128_encrypt_block:0           M 0000145e lbu                 t6, 14(sp)        t6=00000002  sp:000009d0  PA:000009de 
216010000: 21601: [[34m/soc/host/insn                   [0m] aes128_encrypt_block:0           M 00001462 lbu                 t5, 15(sp)        t5=00000026  sp:000009d0  PA:000009df 
216020000: 21602: [[34m/soc/host/insn                   [0m] aes128_encrypt_block:0           M 00001466 lbu                 t4, -11(s1)       t4=00000003  s1:00000ad3  PA:00000ac8 
216030000: 21603: [[34m/soc/host/insn                   [0m] aes128_encrypt_block:0           M 0000146a lbu                 s10, -10(s1)     s10=00000096  s1:00000ad3  PA:00000ac9 
216040000: 21604: [[34m/soc/host/insn                   [0m] aes128_encrypt_block:0           M 0000146e lbu                 s9, -9(s1)        s9=00000080  s1:00000ad3  PA:00000aca 
216050000: 21605: [[34m/soc/host/insn                   [0m] aes128_encrypt_block:0           M 00001472 lbu                 s7, -8(s1)        s7=000000c9  s1:00000ad3  PA:00000acb 
216060000: 21606: [[34m/soc/host/insn                   [0m] aes128_encrypt_block:0           M 00001476 lbu                 a0, 16(sp)        a0=00000079  sp:000009d0  PA:000009e0 
216070000: 21607: [[34m/soc/host/insn                   [0m] aes128_encrypt_block:0           M 0000147a lbu                 a4, 17(sp)        a4=00000008  sp:000009d0  PA:000009e1 
216080000: 21608: [[34m/soc/host/insn                   [0m] aes128_encrypt_block:0           M 0000147e lbu                 a5, 18(sp)        a5=00000069  sp:000009d0  PA:000009e2 
216250000: 21625: [[34m/soc/host/insn                   [0m] aes128_encrypt_block:0           M 00001482 lbu                 a2, 19(sp)        a2=00000017  sp:000009d0  PA:000009e3 
216260000: 21626: [[34m/soc/host/insn                   [0m] aes128_encrypt_block:0           M 00001486 lbu                 s6, -7(s1)        s6=00000039  s1:00000ad3  PA:00000acc 
216270000: 21627: [[34m/soc/host/insn                   [0m] aes128_encrypt_block:0           M 0000148a lbu                 s11, -6(s1)      s11=000000f0  s1:00000ad3  PA:00000acd 
216280000: 21628: [[34m/soc/host/insn                   [0m] aes128_encrypt_block:0           M 0000148e lbu                 s8, -5(s1)        s8=000000d7  s1:00000ad3  PA:00000ace 
216290000: 21629: [[34m/soc/host/insn                   [0m] aes128_encrypt_block:0           M 00001492 lbu                 ra, -4(s1)        ra=0000000d  s1:00000ad3  PA:00000acf 
216300000: 21630: [[34m/soc/host/insn                   [0m] aes128_encrypt_block:0           M 00001496 xor                 s2, s0, a6        s2=00000020  s0:000000d5  a6:000000f5 
216310000: 21631: [[34m/soc/host/insn                   [0m] aes128_encrypt_block:0           M 0000149a xor                 t3, t2, a7        t3=00000034  t2:000000f7  a7:000000c3 
216320000: 21632: [[34m/soc/host/insn                   [0m] aes128_encrypt_block:0           M 0000149e xor                 t2, t6, t0        t2=0000004a  t6:00000002  t0:00000048 
216330000: 21633: [[34m/soc/host/insn                   [0m] aes128_encrypt_block:0           M 000014a2 xor                 t1, t5, t1        t1=0000006c  t5:00000026  t1:0000004a 
216340000: 21634: [[34m/soc/host/insn                   [0m] aes128_encrypt_block:0           M 000014a6 lbu                 s0, 20(sp)        s0=0000002e  sp:000009d0  PA:000009e4 
216350000: 21635: [[34m/soc/host/insn                   [0m] aes128_encrypt_block:0           M 000014aa lbu                 a1, 21(sp)        a1=0000005c  sp:000009d0  PA:000009e5 
216360000: 21636: [[34m/soc/host/insn                   [0m] aes128_encrypt_block:0           M 000014ae lbu                 a3, 22(sp)        a3=000000a8  sp:000009d0  PA:000009e6 
216370000: 21637: [[34m/soc/host/insn                   [0m] aes128_encrypt_block:0           M 000014b2 lbu                 t6, 23(sp)        t6=00000050  sp:000009d0  PA:000009e7 
216380000: 21638: [[34m/soc/host/insn                   [0m] aes128_encrypt_block:0           M 000014b6 xor                 s4, a0, t4        s4=0000007a  a0:00000079  t4:00000003 
216390000: 21639: [[34m/soc/host/insn                   [0m] aes128_encrypt_block:0           M 000014ba xor                 a7, a4, s10       a7=0000009e  a4:00000008 s10:00000096 
216400000: 21640: [[34m/soc/host/insn                   [0m] aes128_encrypt_block:0           M 000014be xor                 t0, a5, s9        t0=000000e9  a5:00000069  s9:00000080 
216590000: 21659: [[34m/soc/host/insn                   [0m] aes128_encrypt_block:0           M 000014c2 xor                 a6, a2, s7        a6=000000de  a2:00000017  s7:000000c9 
216600000: 21660: [[34m/soc/host/insn                   [0m] aes128_encrypt_block:0           M 000014c6 lbu                 t4, -3(s1)        t4=0000001c  s1:00000ad3  PA:00000ad0 
216610000: 21661: [[34m/soc/host/insn                   [0m] aes128_encrypt_block:0           M 000014ca lbu                 a2, -2(s1)        a2=00000095  s1:00000ad3  PA:00000ad1 
216620000: 21662: [[34m/soc/host/insn                   [0m] aes128_encrypt_block:0           M 000014ce lbu                 a5, -1(s1)        a5=0000001b  s1:00000ad3  PA:00000ad2 
216630000: 21663: [[34m/soc/host/insn                   [0m] aes128_encrypt_block:0           M 000014d2 lbu                 a0, 0(s1)         a0=00000090  s1:00000ad3  PA:00000ad3 
216640000: 21664: [[34m/soc/host/insn                   [0m] aes128_encrypt_block:0           M 000014d6 xor                 s7, s0, s6        s7=00000017  s0:0000002e  s6:00000039 
216650000: 21665: [[34m/soc/host/insn                   [0m] aes128_encrypt_block:0           M 000014da xor                 s11, a1, s11     s11=000000ac  a1:0000005c s11:000000f0 
216660000: 21666: [[34m/soc/host/insn                   [0m] aes128_encrypt_block:0           M 000014de xor                 t5, a3, s8        t5=0000007f  a3:000000a8  s8:000000d7 
216670000: 21667: [[34m/soc/host/insn                   [0m] aes128_encrypt_block:0           M 000014e2 xor                 s10, t6, ra      s10=0000005d  t6:00000050  ra:0000000d 
216680000: 21668: [[34m/soc/host/insn                   [0m] aes128_encrypt_block:0           M 000014e6 lbu                 a1, 24(sp)        a1=0000008e  sp:000009d0  PA:000009e8 
216690000: 21669: [[34m/soc/host/insn                   [0m] aes128_encrypt_block:0           M 000014ea lbu                 s0, 25(sp)        s0=00000026  sp:000009d0  PA:000009e9 
216700000: 21670: [[34m/soc/host/insn                   [0m] aes128_encrypt_block:0           M 000014ee lbu                 a3, 26(sp)        a3=0000007f  sp:000009d0  PA:000009ea 
216710000: 21671: [[34m/soc/host/insn                   [0m] aes128_encrypt_block:0           M 000014f2 lbu                 a4, 27(sp)        a4=0000004c  sp:000009d0  PA:000009eb 
216720000: 21672: [[34m/soc/host/insn                   [0m] aes128_encrypt_block:0           M 000014f6 xor                 a1, a1, t4        a1=00000092  a1:0000008e  t4:0000001c 
216730000: 21673: [[34m/soc/host/insn                   [0m] aes128_encrypt_block:0           M 000014fa xor                 t4, s0, a2        t4=000000b3  s0:00000026  a2:00000095 
216740000: 21674: [[34m/soc/host/insn                   [0m] aes128_encrypt_block:0           M 000014fe xor                 t6, a3, a5        t6=00000064  a3:0000007f  a5:0000001b 
216750000: 21675: [[34m/soc/host/insn                   [0m] aes128_encrypt_block:0           M 00001502 c.addi              s1, s1, 16        s1=00000ae3  s1:00000ad3 
216760000: 21676: [[34m/soc/host/insn                   [0m] aes128_encrypt_block:0           M 00001504 c.xor               a4, a4, a0        a4=000000dc  a4:0000004c  a0:00000090 
216770000: 21677: [[34m/soc/host/insn                   [0m] aes128_encrypt_block:0           M 00001506 sb                  s2, 12(sp)        s2:00000020  sp:000009d0  PA:000009dc 
216780000: 21678: [[34m/soc/host/insn                   [0m] aes128_encrypt_block:0           M 0000150a sb                  t3, 13(sp)        t3:00000034  sp:000009d0  PA:000009dd 
216790000: 21679: [[34m/soc/host/insn                   [0m] aes128_encrypt_block:0           M 0000150e sb                  t2, 14(sp)        t2:0000004a  sp:000009d0  PA:000009de 
216800000: 21680: [[34m/soc/host/insn                   [0m] aes128_encrypt_block:0           M 00001512 sb                  t1, 15(sp)        t1:0000006c  sp:000009d0  PA:000009df 
216810000: 21681: [[34m/soc/host/insn                   [0m] aes128_encrypt_block:0           M 00001516 sb                  s4, 16(sp)        s4:0000007a  sp:000009d0  PA:000009e0 
216820000: 21682: [[34m/soc/host/insn                   [0m] aes128_encrypt_block:0           M 0000151a sb                  a7, 17(sp)        a7:0000009e  sp:000009d0  PA:000009e1 
216830000: 21683: [[34m/soc/host/insn                   [0m] aes128_encrypt_block:0           M 0000151e sb                  t0, 18(sp)        t0:000000e9  sp:000009d0  PA:000009e2 
216840000: 21684: [[34m/soc/host/insn                   [0m] aes128_encrypt_block:0           M 00001522 sb                  a6, 19(sp)        a6:000000de  sp:000009d0  PA:000009e3 
216850000: 21685: [[34m/soc/host/insn                   [0m] aes128_encrypt_block:0           M 00001526 sb                  s7, 20(sp)        s7:00000017  sp:000009d0  PA:000009e4 
216860000: 21686: [[34m/soc/host/insn                   [0m] aes128_encrypt_block:0           M 0000152a sb                  s11, 21(sp)      s11:000000ac  sp:000009d0  PA:000009e5 
216870000: 21687: [[34m/soc/host/insn                   [0m] aes128_encrypt_block:0           M 0000152e sb                  t5, 22(sp)        t5:0000007f  sp:000009d0  PA:000009e6 
216880000: 21688: [[34m/soc/host/insn                   [0m] aes128_encrypt_block:0           M 00001532 sb                  s10, 23(sp)      s10:0000005d  sp:000009d0  PA:000009e7 
216890000: 21689: [[34m/soc/host/insn                   [0m] aes128_encrypt_block:0           M 00001536 sb                  a1, 24(sp)        a1:00000092  sp:000009d0  PA:000009e8 
216900000: 21690: [[34m/soc/host/insn                   [0m] aes128_encrypt_block:0           M 0000153a sb                  t4, 25(sp)        t4:000000b3  sp:000009d0  PA:000009e9 
216910000: 21691: [[34m/soc/host/insn                   [0m] aes128_encrypt_block:0           M 0000153e sb                  t6, 26(sp)        t6:00000064  sp:000009d0  PA:000009ea 
217050000: 21705: [[34m/soc/host/insn                   [0m] aes128_encrypt_block:0           M 00001542 sb                  a4, 27(sp)        a4:000000dc  sp:000009d0  PA:000009eb 
217060000: 21706: [[34m/soc/host/insn                   [0m] aes128_encrypt_block:0           M 00001546 addi                a0, s3, 175       a0=00000ae3  s3:00000a34 
217070000: 21707: [[34m/soc/host/insn                   [0m] aes128_encrypt_block:0           M 0000154a bne                 s1, a0, -434      s1:00000ae3  a0:00000ae3 
217080000: 21708: [[34m/soc/host/insn                   [0m] aes128_encrypt_block:0           M 0000154e c.add               s2, s2, s5        s2=00000048  s2:00000020  s5:00000028 
217090000: 21709: [[34m/soc/host/insn                   [0m] aes128_encrypt_block:0           M 00001550 c.add               t3, t3, s5        t3=0000005c  t3:00000034  s5:00000028 
217100000: 21710: [[34m/soc/host/insn                   [0m] aes128_encrypt_block:0           M 00001552 c.add               t2, t2, s5        t2=00000072  t2:0000004a  s5:00000028 
217110000: 21711: [[34m/soc/host/insn                   [0m] aes128_encrypt_block:0           M 00001554 c.add               t1, t1, s5        t1=00000094  t1:0000006c  s5:00000028 
217120000: 21712: [[34m/soc/host/insn                   [0m] aes128_encrypt_block:0           M 00001556 c.add               s4, s4, s5        s4=000000a2  s4:0000007a  s5:00000028 
217130000: 21713: [[34m/soc/host/insn                   [0m] aes128_encrypt_block:0           M 00001558 c.add               a7, a7, s5        a7=000000c6  a7:0000009e  s5:00000028 
217140000: 21714: [[34m/soc/host/insn                   [0m] aes128_encrypt_block:0           M 0000155a c.add               t0, t0, s5        t0=00000111  t0:000000e9  s5:00000028 
217150000: 21715: [[34m/soc/host/insn                   [0m] aes128_encrypt_block:0           M 0000155c c.add               a6, a6, s5        a6=00000106  a6:000000de  s5:00000028 
217160000: 21716: [[34m/soc/host/insn                   [0m] aes128_encrypt_block:0           M 0000155e add                 s6, s5, s7        s6=0000003f  s5:00000028  s7:00000017 
217170000: 21717: [[34m/soc/host/insn                   [0m] aes128_encrypt_block:0           M 00001562 add                 s7, s5, s11       s7=000000d4  s5:00000028 s11:000000ac 
217180000: 21718: [[34m/soc/host/insn                   [0m] aes128_encrypt_block:0           M 00001566 c.add               t5, t5, s5        t5=000000a7  t5:0000007f  s5:00000028 
217190000: 21719: [[34m/soc/host/insn                   [0m] aes128_encrypt_block:0           M 00001568 add                 s8, s5, s10       s8=00000085  s5:00000028 s10:0000005d 
217200000: 21720: [[34m/soc/host/insn                   [0m] aes128_encrypt_block:0           M 0000156c add                 s9, s5, a1        s9=000000ba  s5:00000028  a1:00000092 
217210000: 21721: [[34m/soc/host/insn                   [0m] aes128_encrypt_block:0           M 00001570 c.add               t4, t4, s5        t4=000000db  t4:000000b3  s5:00000028 
217220000: 21722: [[34m/soc/host/insn                   [0m] aes128_encrypt_block:0           M 00001572 c.add               t6, t6, s5        t6=0000008c  t6:00000064  s5:00000028 
217230000: 21723: [[34m/soc/host/insn                   [0m] aes128_encrypt_block:0           M 00001574 c.add               s5, s5, a4        s5=00000104  s5:00000028  a4:000000dc 
217240000: 21724: [[34m/soc/host/insn                   [0m] aes128_encrypt_block:0           M 00001576 lbu                 s10, 160(s3)     s10=000000e9  s3:00000a34  PA:00000ad4 
217250000: 21725: [[34m/soc/host/insn                   [0m] aes128_encrypt_block:0           M 0000157a lbu                 s11, 161(s3)     s11=0000006c  s3:00000a34  PA:00000ad5 
217260000: 21726: [[34m/soc/host/insn                   [0m] aes128_encrypt_block:0           M 0000157e lbu                 s0, 162(s3)       s0=00000028  s3:00000a34  PA:00000ad6 
217270000: 21727: [[34m/soc/host/insn                   [0m] aes128_encrypt_block:0           M 00001582 lbu                 s1, 163(s3)       s1=000000d6  s3:00000a34  PA:00000ad7 
217280000: 21728: [[34m/soc/host/insn                   [0m] aes128_encrypt_block:0           M 00001586 lbu                 a1, 0(s2)         a1=000000b7  s2:00000048  PA:00000048 
217290000: 21729: [[34m/soc/host/insn                   [0m] aes128_encrypt_block:0           M 0000158a lbu                 t3, 0(t3)         t3=00000018  t3:0000005c  PA:0000005c 
217300000: 21730: [[34m/soc/host/insn                   [0m] aes128_encrypt_block:0           M 0000158e lbu                 t2, 0(t2)         t2=000000d6  t2:00000072  PA:00000072 
217310000: 21731: [[34m/soc/host/insn                   [0m] aes128_encrypt_block:0           M 00001592 lbu                 t1, 0(t1)         t1=00000050  t1:00000094  PA:00000094 
217320000: 21732: [[34m/soc/host/insn                   [0m] aes128_encrypt_block:0           M 00001596 lbu                 s2, 0(s4)         s2=000000da  s4:000000a2  PA:000000a2 
217330000: 21733: [[34m/soc/host/insn                   [0m] aes128_encrypt_block:0           M 0000159a lbu                 a3, 0(a7)         a3=0000000b  a7:000000c6  PA:000000c6 
217340000: 21734: [[34m/soc/host/insn                   [0m] aes128_encrypt_block:0           M 0000159e lbu                 a7, 0(t0)         a7=0000001e  t0:00000111  PA:00000111 
217350000: 21735: [[34m/soc/host/insn                   [0m] aes128_encrypt_block:0           M 000015a2 lbu                 a6, 0(a6)         a6=0000001d  a6:00000106  PA:00000106 
217360000: 21736: [[34m/soc/host/insn                   [0m] aes128_encrypt_block:0           M 000015a6 lbu                 t0, 0(s6)         t0=000000f0  s6:0000003f  PA:0000003f 
217370000: 21737: [[34m/soc/host/insn                   [0m] aes128_encrypt_block:0           M 000015aa lbu                 a5, 0(s7)         a5=00000091  s7:000000d4  PA:000000d4 
217380000: 21738: [[34m/soc/host/insn                   [0m] aes128_encrypt_block:0           M 000015ae lbu                 a2, 0(t5)         a2=000000d2  t5:000000a7  PA:000000a7 
217390000: 21739: [[34m/soc/host/insn                   [0m] aes128_encrypt_block:0           M 000015b2 lbu                 t5, 0(s8)         t5=0000004c  s8:00000085  PA:00000085 
217400000: 21740: [[34m/soc/host/insn                   [0m] aes128_encrypt_block:0           M 000015b6 lbu                 s4, 0(s9)         s4=0000004f  s9:000000ba  PA:000000ba 
217410000: 21741: [[34m/soc/host/insn                   [0m] aes128_encrypt_block:0           M 000015ba lbu                 t4, 0(t4)         t4=0000006d  t4:000000db  PA:000000db 
217420000: 21742: [[34m/soc/host/insn                   [0m] aes128_encrypt_block:0           M 000015be lbu                 a0, 0(t6)         a0=00000043  t6:0000008c  PA:0000008c 
217590000: 21759: [[34m/soc/host/insn                   [0m] aes128_encrypt_block:0           M 000015c2 lbu                 a4, 0(s5)         a4=00000086  s5:00000104  PA:00000104 
217600000: 21760: [[34m/soc/host/insn                   [0m] aes128_encrypt_block:0           M 000015c6 xor                 t6, s10, a1       t6=0000005e s10:000000e9  a1:000000b7 
217610000: 21761: [[34m/soc/host/insn                   [0m] aes128_encrypt_block:0           M 000015ca xor                 s6, s11, a3       s6=00000067 s11:0000006c  a3:0000000b 
217620000: 21762: [[34m/soc/host/insn                   [0m] aes128_encrypt_block:0           M 000015ce xor                 s5, s0, a2        s5=000000fa  s0:00000028  a2:000000d2 
217630000: 21763: [[34m/soc/host/insn                   [0m] aes128_encrypt_block:0           M 000015d2 xor                 s7, s1, a4        s7=00000050  s1:000000d6  a4:00000086 
217780000: 21778: [[34m/soc/host/insn                   [0m] aes128_encrypt_block:0           M 000015d6 lbu                 s1, 164(s3)       s1=000000ea  s3:00000a34  PA:00000ad8 
217790000: 21779: [[34m/soc/host/insn                   [0m] aes128_encrypt_block:0           M 000015da lbu                 s0, 165(s3)       s0=000000fa  s3:00000a34  PA:00000ad9 
217800000: 21780: [[34m/soc/host/insn                   [0m] aes128_encrypt_block:0           M 000015de lbu                 a1, 166(s3)       a1=000000a8  s3:00000a34  PA:00000ada 
217810000: 21781: [[34m/soc/host/insn                   [0m] aes128_encrypt_block:0           M 000015e2 lbu                 a2, 167(s3)       a2=0000001f  s3:00000a34  PA:00000adb 
217820000: 21782: [[34m/soc/host/insn                   [0m] aes128_encrypt_block:0           M 000015e6 xor                 s9, s1, s2        s9=00000030  s1:000000ea  s2:000000da 
217830000: 21783: [[34m/soc/host/insn                   [0m] aes128_encrypt_block:0           M 000015ea xor                 s8, s0, a5        s8=0000006b  s0:000000fa  a5:00000091 
217840000: 21784: [[34m/soc/host/insn                   [0m] aes128_encrypt_block:0           M 000015ee xor                 s2, a1, a0        s2=000000eb  a1:000000a8  a0:00000043 
217930000: 21793: [[34m/soc/host/insn                   [0m] aes128_encrypt_block:0           M 000015f2 xor                 t1, a2, t1        t1=0000004f  a2:0000001f  t1:00000050 
217940000: 21794: [[34m/soc/host/insn                   [0m] aes128_encrypt_block:0           M 000015f6 lbu                 a2, 168(s3)       a2=000000d3  s3:00000a34  PA:00000adc 
217950000: 21795: [[34m/soc/host/insn                   [0m] aes128_encrypt_block:0           M 000015fa lbu                 s0, 169(s3)       s0=0000000a  s3:00000a34  PA:00000add 
217960000: 21796: [[34m/soc/host/insn                   [0m] aes128_encrypt_block:0           M 000015fe lbu                 a3, 170(s3)       a3=0000007f  s3:00000a34  PA:00000ade 
217970000: 21797: [[34m/soc/host/insn                   [0m] aes128_encrypt_block:0           M 00001602 lbu                 a4, 171(s3)       a4=00000012  s3:00000a34  PA:00000adf 
217980000: 21798: [[34m/soc/host/insn                   [0m] aes128_encrypt_block:0           M 00001606 xor                 a2, a2, t0        a2=00000023  a2:000000d3  t0:000000f0 
217990000: 21799: [[34m/soc/host/insn                   [0m] aes128_encrypt_block:0           M 0000160a xor                 s0, s0, t4        s0=00000067  s0:0000000a  t4:0000006d 
218000000: 21800: [[34m/soc/host/insn                   [0m] aes128_encrypt_block:0           M 0000160e xor                 a3, a3, t2        a3=000000a9  a3:0000007f  t2:000000d6 
218150000: 21815: [[34m/soc/host/insn                   [0m] aes128_encrypt_block:0           M 00001612 xor                 a4, a4, a6        a4=0000000f  a4:00000012  a6:0000001d 
218160000: 21816: [[34m/soc/host/insn                   [0m] aes128_encrypt_block:0           M 00001616 lbu                 a0, 172(s3)       a0=000000cf  s3:00000a34  PA:00000ae0 
218170000: 21817: [[34m/soc/host/insn                   [0m] aes128_encrypt_block:0           M 0000161a lbu                 a1, 173(s3)       a1=0000009f  s3:00000a34  PA:00000ae1 
218180000: 21818: [[34m/soc/host/insn                   [0m] aes128_encrypt_block:0           M 0000161e lbu                 a5, 174(s3)       a5=00000064  s3:00000a34  PA:00000ae2 
218190000: 21819: [[34m/soc/host/insn                   [0m] aes128_encrypt_block:0           M 00001622 lbu                 s1, 175(s3)       s1=00000082  s3:00000a34  PA:00000ae3 
218200000: 21820: [[34m/soc/host/insn                   [0m] aes128_encrypt_block:0           M 00001626 xor                 a0, a0, s4        a0=00000080  a0:000000cf  s4:0000004f 
218210000: 21821: [[34m/soc/host/insn                   [0m] aes128_encrypt_block:0           M 0000162a xor                 a1, a1, t3        a1=00000087  a1:0000009f  t3:00000018 
218220000: 21822: [[34m/soc/host/insn                   [0m] aes128_encrypt_block:0           M 0000162e xor                 a5, a5, a7        a5=0000007a  a5:00000064  a7:0000001e 
218230000: 21823: [[34m/soc/host/insn                   [0m] aes128_encrypt_block:0           M 00001632 xor                 s1, s1, t5        s1=000000ce  s1:00000082  t5:0000004c 
218240000: 21824: [[34m/soc/host/insn                   [0m] aes128_encrypt_block:0           M 00001636 sb                  t6, 12(sp)        t6:0000005e  sp:000009d0  PA:000009dc 
218250000: 21825: [[34m/soc/host/insn                   [0m] aes128_encrypt_block:0           M 0000163a sb                  s6, 13(sp)        s6:00000067  sp:000009d0  PA:000009dd 
218260000: 21826: [[34m/soc/host/insn                   [0m] aes128_encrypt_block:0           M 0000163e sb                  s5, 14(sp)        s5:000000fa  sp:000009d0  PA:000009de 
218270000: 21827: [[34m/soc/host/insn                   [0m] aes128_encrypt_block:0           M 00001642 sb                  s7, 15(sp)        s7:00000050  sp:000009d0  PA:000009df 
218280000: 21828: [[34m/soc/host/insn                   [0m] aes128_encrypt_block:0           M 00001646 sb                  s9, 16(sp)        s9:00000030  sp:000009d0  PA:000009e0 
218290000: 21829: [[34m/soc/host/insn                   [0m] aes128_encrypt_block:0           M 0000164a sb                  s8, 17(sp)        s8:0000006b  sp:000009d0  PA:000009e1 
218300000: 21830: [[34m/soc/host/insn                   [0m] aes128_encrypt_block:0           M 0000164e sb                  s2, 18(sp)        s2:000000eb  sp:000009d0  PA:000009e2 
218310000: 21831: [[34m/soc/host/insn                   [0m] aes128_encrypt_block:0           M 00001652 sb                  t1, 19(sp)        t1:0000004f  sp:000009d0  PA:000009e3 
218320000: 21832: [[34m/soc/host/insn                   [0m] aes128_encrypt_block:0           M 00001656 sb                  a2, 20(sp)        a2:00000023  sp:000009d0  PA:000009e4 
218330000: 21833: [[34m/soc/host/insn                   [0m] aes128_encrypt_block:0           M 0000165a sb                  s0, 21(sp)        s0:00000067  sp:000009d0  PA:000009e5 
218340000: 21834: [[34m/soc/host/insn                   [0m] aes128_encrypt_block:0           M 0000165e sb                  a3, 22(sp)        a3:000000a9  sp:000009d0  PA:000009e6 
218350000: 21835: [[34m/soc/host/insn                   [0m] aes128_encrypt_block:0           M 00001662 sb                  a4, 23(sp)        a4:0000000f  sp:000009d0  PA:000009e7 
218360000: 21836: [[34m/soc/host/insn                   [0m] aes128_encrypt_block:0           M 00001666 sb                  a0, 24(sp)        a0:00000080  sp:000009d0  PA:000009e8 
218370000: 21837: [[34m/soc/host/insn                   [0m] aes128_encrypt_block:0           M 0000166a sb                  a1, 25(sp)        a1:00000087  sp:000009d0  PA:000009e9 
218380000: 21838: [[34m/soc/host/insn                   [0m] aes128_encrypt_block:0           M 0000166e sb                  a5, 26(sp)        a5:0000007a  sp:000009d0  PA:000009ea 
218390000: 21839: [[34m/soc/host/insn                   [0m] aes128_encrypt_block:0           M 00001672 sb                  s1, 27(sp)        s1:000000ce  sp:000009d0  PA:000009eb 
218400000: 21840: [[34m/soc/host/insn                   [0m] aes128_encrypt_block:0           M 00001676 c.addi4spn          a1, sp, 12        a1=000009dc  sp:000009d0 
218410000: 21841: [[34m/soc/host/insn                   [0m] aes128_encrypt_block:0           M 00001678 c.li                a2, 0, 16         a2=00000010 
218420000: 21842: [[34m/soc/host/insn                   [0m] aes128_encrypt_block:0           M 0000167a c.lwsp              a0, 8(sp)         a0=00000a24  sp:000009d0  PA:000009d8 
218430000: 21843: [[34m/soc/host/insn                   [0m] aes128_encrypt_block:0           M 0000167c jal                 ra, 10726         ra=00001680 
221990000: 22199: [[34m/soc/host/insn                   [0m] aes128_encrypt_block:0           M 00001680 c.lwsp              ra, 76(sp)        ra=00001846  sp:000009d0  PA:00000a1c 
222000000: 22200: [[34m/soc/host/insn                   [0m] aes128_encrypt_block:0           M 00001682 c.lwsp              s0, 72(sp)        s0=00000090  sp:000009d0  PA:00000a18 
222010000: 22201: [[34m/soc/host/insn                   [0m] aes128_encrypt_block:0           M 00001684 c.lwsp              s1, 68(sp)        s1=0000001b  sp:000009d0  PA:00000a14 
222020000: 22202: [[34m/soc/host/insn                   [0m] aes128_encrypt_block:0           M 00001686 c.lwsp              s2, 64(sp)        s2=57575757  sp:000009d0  PA:00000a10 
222030000: 22203: [[34m/soc/host/insn                   [0m] aes128_encrypt_block:0           M 00001688 c.lwsp              s3, 60(sp)        s3=57575757  sp:000009d0  PA:00000a0c 
222040000: 22204: [[34m/soc/host/insn                   [0m] aes128_encrypt_block:0           M 0000168a c.lwsp              s4, 56(sp)        s4=57575757  sp:000009d0  PA:00000a08 
222050000: 22205: [[34m/soc/host/insn                   [0m] aes128_encrypt_block:0           M 0000168c c.lwsp              s5, 52(sp)        s5=57575757  sp:000009d0  PA:00000a04 
222060000: 22206: [[34m/soc/host/insn                   [0m] aes128_encrypt_block:0           M 0000168e c.lwsp              s6, 48(sp)        s6=57575757  sp:000009d0  PA:00000a00 
222070000: 22207: [[34m/soc/host/insn                   [0m] aes128_encrypt_block:0           M 00001690 c.lwsp              s7, 44(sp)        s7=57575757  sp:000009d0  PA:000009fc 
222080000: 22208: [[34m/soc/host/insn                   [0m] aes128_encrypt_block:0           M 00001692 c.lwsp              s8, 40(sp)        s8=57575757  sp:000009d0  PA:000009f8 
222090000: 22209: [[34m/soc/host/insn                   [0m] aes128_encrypt_block:0           M 00001694 c.lwsp              s9, 36(sp)        s9=57575757  sp:000009d0  PA:000009f4 
222100000: 22210: [[34m/soc/host/insn                   [0m] aes128_encrypt_block:0           M 00001696 c.lwsp              s10, 32(sp)      s10=57575757  sp:000009d0  PA:000009f0 
222110000: 22211: [[34m/soc/host/insn                   [0m] aes128_encrypt_block:0           M 00001698 c.lwsp              s11, 28(sp)      s11=57575757  sp:000009d0  PA:000009ec 
222120000: 22212: [[34m/soc/host/insn                   [0m] aes128_encrypt_block:0           M 0000169a c.addi16sp          sp, sp, 80        sp=00000a20  sp:000009d0 
222130000: 22213: [[34m/soc/host/insn                   [0m] aes128_encrypt_block:0           M 0000169c c.jr                0, ra, 0, 0       ra:00001846 
