92480000: 9248: [[34m/soc/host/insn                   [0m] aes128_encrypt_block:0           M 00001224 c.addi16sp          sp, sp, -64       sp=000009e0  sp:00000a20 
92600000: 9260: [[34m/soc/host/insn                   [0m] aes128_encrypt_block:0           M 00001226 c.swsp              ra, 60(sp)        ra:00001722  sp:000009e0  PA:00000a1c 
92610000: 9261: [[34m/soc/host/insn                   [0m] aes128_encrypt_block:0           M 00001228 c.swsp              s0, 56(sp)        s0:00000090  sp:000009e0  PA:00000a18 
92620000: 9262: [[34m/soc/host/insn                   [0m] aes128_encrypt_block:0           M 0000122a c.swsp              s1, 52(sp)        s1:0000001b  sp:000009e0  PA:00000a14 
92630000: 9263: [[34m/soc/host/insn                   [0m] aes128_encrypt_block:0           M 0000122c c.swsp              s2, 48(sp)        s2:57575757  sp:000009e0  PA:00000a10 
92640000: 9264: [[34m/soc/host/insn                   [0m] aes128_encrypt_block:0           M 0000122e c.swsp              s3, 44(sp)        s3:57575757  sp:000009e0  PA:00000a0c 
92650000: 9265: [[34m/soc/host/insn                   [0m] aes128_encrypt_block:0           M 00001230 c.swsp              s4, 40(sp)        s4:57575757  sp:000009e0  PA:00000a08 
92660000: 9266: [[34m/soc/host/insn                   [0m] aes128_encrypt_block:0           M 00001232 c.swsp              s5, 36(sp)        s5:57575757  sp:000009e0  PA:00000a04 
92670000: 9267: [[34m/soc/host/insn                   [0m] aes128_encrypt_block:0           M 00001234 c.swsp              s6, 32(sp)        s6:57575757  sp:000009e0  PA:00000a00 
92680000: 9268: [[34m/soc/host/insn                   [0m] aes128_encrypt_block:0           M 00001236 c.swsp              s7, 28(sp)        s7:57575757  sp:000009e0  PA:000009fc 
92690000: 9269: [[34m/soc/host/insn                   [0m] aes128_encrypt_block:0           M 00001238 c.swsp              s8, 24(sp)        s8:57575757  sp:000009e0  PA:000009f8 
92700000: 9270: [[34m/soc/host/insn                   [0m] aes128_encrypt_block:0           M 0000123a c.swsp              s9, 20(sp)        s9:57575757  sp:000009e0  PA:000009f4 
92710000: 9271: [[34m/soc/host/insn                   [0m] aes128_encrypt_block:0           M 0000123c c.swsp              s10, 16(sp)      s10:57575757  sp:000009e0  PA:000009f0 
92720000: 9272: [[34m/soc/host/insn                   [0m] aes128_encrypt_block:0           M 0000123e c.swsp              s11, 12(sp)      s11:57575757  sp:000009e0  PA:000009ec 
92880000: 9288: [[34m/soc/host/insn                   [0m] aes128_encrypt_block:0           M 00001240 lbu                 a6, 0(a0)         a6=00000048  a0:000002a5  PA:000002a5 
92890000: 9289: [[34m/soc/host/insn                   [0m] aes128_encrypt_block:0           M 00001244 lbu                 t2, 1(a0)         t2=00000065  a0:000002a5  PA:000002a6 
92900000: 9290: [[34m/soc/host/insn                   [0m] aes128_encrypt_block:0           M 00001248 lbu                 a5, 2(a0)         a5=0000006c  a0:000002a5  PA:000002a7 
92910000: 9291: [[34m/soc/host/insn                   [0m] aes128_encrypt_block:0           M 0000124c lbu                 s1, 3(a0)         s1=0000006c  a0:000002a5  PA:000002a8 
92920000: 9292: [[34m/soc/host/insn                   [0m] aes128_encrypt_block:0           M 00001250 lbu                 t4, 4(a0)         t4=0000006f  a0:000002a5  PA:000002a9 
92930000: 9293: [[34m/soc/host/insn                   [0m] aes128_encrypt_block:0           M 00001254 lbu                 a7, 5(a0)         a7=0000002c  a0:000002a5  PA:000002aa 
92940000: 9294: [[34m/soc/host/insn                   [0m] aes128_encrypt_block:0           M 00001258 lbu                 t0, 6(a0)         t0=00000020  a0:000002a5  PA:000002ab 
92950000: 9295: [[34m/soc/host/insn                   [0m] aes128_encrypt_block:0           M 0000125c lbu                 t1, 7(a0)         t1=00000057  a0:000002a5  PA:000002ac 
92960000: 9296: [[34m/soc/host/insn                   [0m] aes128_encrypt_block:0           M 00001260 lbu                 t5, 8(a0)         t5=0000006f  a0:000002a5  PA:000002ad 
92970000: 9297: [[34m/soc/host/insn                   [0m] aes128_encrypt_block:0           M 00001264 lbu                 s2, 9(a0)         s2=00000072  a0:000002a5  PA:000002ae 
92980000: 9298: [[34m/soc/host/insn                   [0m] aes128_encrypt_block:0           M 00001268 lbu                 s4, 10(a0)        s4=0000006c  a0:000002a5  PA:000002af 
92990000: 9299: [[34m/soc/host/insn                   [0m] aes128_encrypt_block:0           M 0000126c lbu                 s5, 11(a0)        s5=00000064  a0:000002a5  PA:000002b0 
93000000: 9300: [[34m/soc/host/insn                   [0m] aes128_encrypt_block:0           M 00001270 lbu                 s6, 12(a0)        s6=00000021  a0:000002a5  PA:000002b1 
93010000: 9301: [[34m/soc/host/insn                   [0m] aes128_encrypt_block:0           M 00001274 lbu                 s7, 13(a0)        s7=00000030  a0:000002a5  PA:000002b2 
93020000: 9302: [[34m/soc/host/insn                   [0m] aes128_encrypt_block:0           M 00001278 lbu                 s8, 14(a0)        s8=00000030  a0:000002a5  PA:000002b3 
93030000: 9303: [[34m/soc/host/insn                   [0m] aes128_encrypt_block:0           M 0000127c lbu                 s9, 15(a0)        s9=00000030  a0:000002a5  PA:000002b4 
93040000: 9304: [[34m/soc/host/insn                   [0m] aes128_encrypt_block:0           M 00001280 lbu                 a0, 0(a1)         a0=00000063  a1:00000a34  PA:00000a34 
93210000: 9321: [[34m/soc/host/insn                   [0m] aes128_encrypt_block:0           M 00001284 lbu                 s0, 1(a1)         s0=00000065  a1:00000a34  PA:00000a35 
93220000: 9322: [[34m/soc/host/insn                   [0m] aes128_encrypt_block:0           M 00001288 lbu                 a3, 2(a1)         a3=00000073  a1:00000a34  PA:00000a36 
93230000: 9323: [[34m/soc/host/insn                   [0m] aes128_encrypt_block:0           M 0000128c lbu                 a4, 3(a1)         a4=00000065  a1:00000a34  PA:00000a37 
93240000: 9324: [[34m/soc/host/insn                   [0m] aes128_encrypt_block:0           M 00001290 xor                 s10, a0, a6      s10=0000002b  a0:00000063  a6:00000048 
93550000: 9355: [[34m/soc/host/insn                   [0m] aes128_encrypt_block:0           M 00001294 xor                 t2, s0, t2        t2=00000000  s0:00000065  t2:00000065 
93560000: 9356: [[34m/soc/host/insn                   [0m] aes128_encrypt_block:0           M 00001298 xor                 t3, a3, a5        t3=0000001f  a3:00000073  a5:0000006c 
93570000: 9357: [[34m/soc/host/insn                   [0m] aes128_encrypt_block:0           M 0000129c xor                 a6, a4, s1        a6=00000009  a4:00000065  s1:0000006c 
93580000: 9358: [[34m/soc/host/insn                   [0m] aes128_encrypt_block:0           M 000012a0 lbu                 a0, 4(a1)         a0=00000034  a1:00000a34  PA:00000a38 
93590000: 9359: [[34m/soc/host/insn                   [0m] aes128_encrypt_block:0           M 000012a4 lbu                 a3, 5(a1)         a3=00000030  a1:00000a34  PA:00000a39 
93600000: 9360: [[34m/soc/host/insn                   [0m] aes128_encrypt_block:0           M 000012a8 lbu                 a4, 6(a1)         a4=00000038  a1:00000a34  PA:00000a3a 
93610000: 9361: [[34m/soc/host/insn                   [0m] aes128_encrypt_block:0           M 000012ac lbu                 a5, 7(a1)         a5=00000035  a1:00000a34  PA:00000a3b 
93620000: 9362: [[34m/soc/host/insn                   [0m] aes128_encrypt_block:0           M 000012b0 xor                 s11, a0, t4      s11=0000005b  a0:00000034  t4:0000006f 
93630000: 9363: [[34m/soc/host/insn                   [0m] aes128_encrypt_block:0           M 000012b4 xor                 t4, a3, a7        t4=0000001c  a3:00000030  a7:0000002c 
93640000: 9364: [[34m/soc/host/insn                   [0m] aes128_encrypt_block:0           M 000012b8 xor                 t6, a4, t0        t6=00000018  a4:00000038  t0:00000020 
93650000: 9365: [[34m/soc/host/insn                   [0m] aes128_encrypt_block:0           M 000012bc xor                 t0, a5, t1        t0=00000062  a5:00000035  t1:00000057 
93660000: 9366: [[34m/soc/host/insn                   [0m] aes128_encrypt_block:0           M 000012c0 lbu                 a0, 8(a1)         a0=00000070  a1:00000a34  PA:00000a3c 
93670000: 9367: [[34m/soc/host/insn                   [0m] aes128_encrypt_block:0           M 000012c4 lbu                 a3, 9(a1)         a3=00000061  a1:00000a34  PA:00000a3d 
93680000: 9368: [[34m/soc/host/insn                   [0m] aes128_encrypt_block:0           M 000012c8 lbu                 a4, 10(a1)        a4=00000073  a1:00000a34  PA:00000a3e 
93690000: 9369: [[34m/soc/host/insn                   [0m] aes128_encrypt_block:0           M 000012cc lbu                 a5, 11(a1)        a5=00000073  a1:00000a34  PA:00000a3f 
93700000: 9370: [[34m/soc/host/insn                   [0m] aes128_encrypt_block:0           M 000012d0 xor                 a7, a0, t5        a7=0000001f  a0:00000070  t5:0000006f 
93850000: 9385: [[34m/soc/host/insn                   [0m] aes128_encrypt_block:0           M 000012d4 xor                 s3, a3, s2        s3=00000013  a3:00000061  s2:00000072 
93860000: 9386: [[34m/soc/host/insn                   [0m] aes128_encrypt_block:0           M 000012d8 xor                 s0, a4, s4        s0=0000001f  a4:00000073  s4:0000006c 
93870000: 9387: [[34m/soc/host/insn                   [0m] aes128_encrypt_block:0           M 000012dc xor                 t1, a5, s5        t1=00000017  a5:00000073  s5:00000064 
93880000: 9388: [[34m/soc/host/insn                   [0m] aes128_encrypt_block:0           M 000012e0 lbu                 a0, 12(a1)        a0=00000077  a1:00000a34  PA:00000a40 
93890000: 9389: [[34m/soc/host/insn                   [0m] aes128_encrypt_block:0           M 000012e4 lbu                 a3, 13(a1)        a3=0000006f  a1:00000a34  PA:00000a41 
93900000: 9390: [[34m/soc/host/insn                   [0m] aes128_encrypt_block:0           M 000012e8 lbu                 a4, 14(a1)        a4=00000072  a1:00000a34  PA:00000a42 
93910000: 9391: [[34m/soc/host/insn                   [0m] aes128_encrypt_block:0           M 000012ec lbu                 a5, 15(a1)        a5=00000064  a1:00000a34  PA:00000a43 
93920000: 9392: [[34m/soc/host/insn                   [0m] aes128_encrypt_block:0           M 000012f0 xor                 s1, a0, s6        s1=00000056  a0:00000077  s6:00000021 
93930000: 9393: [[34m/soc/host/insn                   [0m] aes128_encrypt_block:0           M 000012f4 xor                 a3, a3, s7        a3=0000005f  a3:0000006f  s7:00000030 
93940000: 9394: [[34m/soc/host/insn                   [0m] aes128_encrypt_block:0           M 000012f8 xor                 a4, a4, s8        a4=00000042  a4:00000072  s8:00000030 
93950000: 9395: [[34m/soc/host/insn                   [0m] aes128_encrypt_block:0           M 000012fc xor                 a5, a5, s9        a5=00000054  a5:00000064  s9:00000030 
93960000: 9396: [[34m/soc/host/insn                   [0m] aes128_encrypt_block:0           M 00001300 addi                ra, a1, 28        ra=00000a50  a1:00000a34 
93970000: 9397: [[34m/soc/host/insn                   [0m] aes128_encrypt_block:0           M 00001304 andi                t5, s10, 255      t5=0000002b s10:0000002b 
93980000: 9398: [[34m/soc/host/insn                   [0m] aes128_encrypt_block:0           M 00001308 andi                s2, s11, 255      s2=0000005b s11:0000005b 
93990000: 9399: [[34m/soc/host/insn                   [0m] aes128_encrypt_block:0           M 0000130c andi                s5, a7, 255       s5=0000001f  a7:0000001f 
94000000: 9400: [[34m/soc/host/insn                   [0m] aes128_encrypt_block:0           M 00001310 andi                s1, s1, 255       s1=00000056  s1:00000056 
94010000: 9401: [[34m/soc/host/insn                   [0m] aes128_encrypt_block:0           M 00001314 c.slli              a3, a3, 0x8       a3=00005f00  a3:0000005f 
94020000: 9402: [[34m/soc/host/insn                   [0m] aes128_encrypt_block:0           M 00001316 c.slli              a4, a4, 0x10      a4=00420000  a4:00000042 
94030000: 9403: [[34m/soc/host/insn                   [0m] aes128_encrypt_block:0           M 00001318 c.slli              a5, a5, 0x18      a5=54000000  a5:00000054 
94040000: 9404: [[34m/soc/host/insn                   [0m] aes128_encrypt_block:0           M 0000131a c.or                a3, a3, s1        a3=00005f56  a3:00005f00  s1:00000056 
94050000: 9405: [[34m/soc/host/insn                   [0m] aes128_encrypt_block:0           M 0000131c c.or                a4, a4, a5        a4=54420000  a4:00420000  a5:54000000 
94060000: 9406: [[34m/soc/host/insn                   [0m] aes128_encrypt_block:0           M 0000131e or                  s4, a3, a4        s4=54425f56  a3:00005f56  a4:54420000 
94070000: 9407: [[34m/soc/host/insn                   [0m] aes128_encrypt_block:0           M 00001322 addi                a7, a1, 172       a7=00000ae0  a1:00000a34 
94080000: 9408: [[34m/soc/host/insn                   [0m] aes128_encrypt_block:0           M 00001326 c.slli              a6, a6, 0x18      a6=09000000  a6:00000009 
94090000: 9409: [[34m/soc/host/insn                   [0m] aes128_encrypt_block:0           M 00001328 c.slli              t3, t3, 0x10      t3=001f0000  t3:0000001f 
94100000: 9410: [[34m/soc/host/insn                   [0m] aes128_encrypt_block:0           M 0000132a c.slli              t2, t2, 0x8       t2=00000000  t2:00000000 
94110000: 9411: [[34m/soc/host/insn                   [0m] aes128_encrypt_block:0           M 0000132c c.slli              t0, t0, 0x18      t0=62000000  t0:00000062 
94120000: 9412: [[34m/soc/host/insn                   [0m] aes128_encrypt_block:0           M 0000132e c.slli              t6, t6, 0x10      t6=00180000  t6:00000018 
94130000: 9413: [[34m/soc/host/insn                   [0m] aes128_encrypt_block:0           M 00001330 c.slli              t4, t4, 0x8       t4=00001c00  t4:0000001c 
94140000: 9414: [[34m/soc/host/insn                   [0m] aes128_encrypt_block:0           M 00001332 c.slli              t1, t1, 0x18      t1=17000000  t1:00000017 
94150000: 9415: [[34m/soc/host/insn                   [0m] aes128_encrypt_block:0           M 00001334 slli                a4, s0, 0x10      a4=001f0000  s0:0000001f 
94160000: 9416: [[34m/soc/host/insn                   [0m] aes128_encrypt_block:0           M 00001338 c.slli              s3, s3, 0x8       s3=00001300  s3:00000013 
94170000: 9417: [[34m/soc/host/insn                   [0m] aes128_encrypt_block:0           M 0000133a lw                  s6, -12(ra)       s6=903025ca  ra:00000a50  PA:00000a44 
94180000: 9418: [[34m/soc/host/insn                   [0m] aes128_encrypt_block:0           M 0000133e or                  a3, t3, a6        a3=091f0000  t3:001f0000  a6:09000000 
94190000: 9419: [[34m/soc/host/insn                   [0m] aes128_encrypt_block:0           M 00001342 or                  a5, t2, t5        a5=0000002b  t2:00000000  t5:0000002b 
94200000: 9420: [[34m/soc/host/insn                   [0m] aes128_encrypt_block:0           M 00001346 or                  s1, t6, t0        s1=62180000  t6:00180000  t0:62000000 
94210000: 9421: [[34m/soc/host/insn                   [0m] aes128_encrypt_block:0           M 0000134a or                  s0, t4, s2        s0=00001c5b  t4:00001c00  s2:0000005b 
94220000: 9422: [[34m/soc/host/insn                   [0m] aes128_encrypt_block:0           M 0000134e or                  a4, a4, t1        a4=171f0000  a4:001f0000  t1:17000000 
94230000: 9423: [[34m/soc/host/insn                   [0m] aes128_encrypt_block:0           M 00001352 or                  a0, s3, s5        a0=0000131f  s3:00001300  s5:0000001f 
94240000: 9424: [[34m/soc/host/insn                   [0m] aes128_encrypt_block:0           M 00001356 c.or                a3, a3, a5        a3=091f002b  a3:091f0000  a5:0000002b 
94250000: 9425: [[34m/soc/host/insn                   [0m] aes128_encrypt_block:0           M 00001358 c.or                s0, s0, s1        s0=62181c5b  s0:00001c5b  s1:62180000 
94260000: 9426: [[34m/soc/host/insn                   [0m] aes128_encrypt_block:0           M 0000135a or                  t1, a4, a0        t1=171f131f  a4:171f0000  a0:0000131f 
94270000: 9427: [[34m/soc/host/insn                   [0m] aes128_encrypt_block:0           M 0000135e aes32esmi_custom    a0, s6, a3, 0x0   a0=69c1d433  s6:903025ca  a3:091f002b 
94280000: 9428: [[34m/soc/host/insn                   [0m] aes128_encrypt_block:0           M 00001362 aes32esmi_custom    a0, a0, s0, 0x1   a0=f55df710  a0:69c1d433  s0:62181c5b 
94300000: 9430: [[34m/soc/host/insn                   [0m] aes128_encrypt_block:0           M 00001366 aes32esmi_custom    a0, a0, t1, 0x0   a0=35c66cd0  a0:f55df710  t1:171f131f 
94320000: 9432: [[34m/soc/host/insn                   [0m] aes128_encrypt_block:0           M 0000136a aes32esmi_custom    a4, a0, s4, 0x1   a4=75864cf0  a0:35c66cd0  s4:54425f56 
94340000: 9434: [[34m/soc/host/insn                   [0m] aes128_encrypt_block:0           M 0000136e lw                  a0, -8(ra)        a0=a50815fe  ra:00000a50  PA:00000a48 
94350000: 9435: [[34m/soc/host/insn                   [0m] aes128_encrypt_block:0           M 00001372 andi                t5, a4, 255       t5=000000f0  a4:75864cf0 
94360000: 9436: [[34m/soc/host/insn                   [0m] aes128_encrypt_block:0           M 00001376 srli                s7, a4, 0x8       s7=0075864c  a4:75864cf0 
94370000: 9437: [[34m/soc/host/insn                   [0m] aes128_encrypt_block:0           M 0000137a srli                s6, a4, 0x10      s6=00007586  a4:75864cf0 
94380000: 9438: [[34m/soc/host/insn                   [0m] aes128_encrypt_block:0           M 0000137e srli                a6, a4, 0x18      a6=00000075  a4:75864cf0 
94390000: 9439: [[34m/soc/host/insn                   [0m] aes128_encrypt_block:0           M 00001382 andi                t2, s7, 255       t2=0000004c  s7:0075864c 
94400000: 9440: [[34m/soc/host/insn                   [0m] aes128_encrypt_block:0           M 00001386 andi                t3, s6, 255       t3=00000086  s6:00007586 
94410000: 9441: [[34m/soc/host/insn                   [0m] aes128_encrypt_block:0           M 0000138a aes32esmi_custom    a0, a0, s0, 0x0   a0=d7312c8c  a0:a50815fe  s0:62181c5b 
94420000: 9442: [[34m/soc/host/insn                   [0m] aes128_encrypt_block:0           M 0000138e aes32esmi_custom    a0, a0, t1, 0x1   a0=aa4cd676  a0:d7312c8c  t1:171f131f 
94440000: 9444: [[34m/soc/host/insn                   [0m] aes128_encrypt_block:0           M 00001392 aes32esmi_custom    a0, a0, s4, 0x0   a0=86148e5a  a0:aa4cd676  s4:54425f56 
94460000: 9446: [[34m/soc/host/insn                   [0m] aes128_encrypt_block:0           M 00001396 aes32esmi_custom    s1, a0, a3, 0x1   s1=84168f5b  a0:86148e5a  a3:091f002b 
94480000: 9448: [[34m/soc/host/insn                   [0m] aes128_encrypt_block:0           M 0000139a lw                  a0, -4(ra)        a0=d67b748e  ra:00000a50  PA:00000a4c 
94490000: 9449: [[34m/soc/host/insn                   [0m] aes128_encrypt_block:0           M 0000139e andi                s2, s1, 255       s2=0000005b  s1:84168f5b 
94500000: 9450: [[34m/soc/host/insn                   [0m] aes128_encrypt_block:0           M 000013a2 srli                s9, s1, 0x8       s9=0084168f  s1:84168f5b 
94510000: 9451: [[34m/soc/host/insn                   [0m] aes128_encrypt_block:0           M 000013a6 srli                s8, s1, 0x10      s8=00008416  s1:84168f5b 
94520000: 9452: [[34m/soc/host/insn                   [0m] aes128_encrypt_block:0           M 000013aa srli                t0, s1, 0x18      t0=00000084  s1:84168f5b 
94530000: 9453: [[34m/soc/host/insn                   [0m] aes128_encrypt_block:0           M 000013ae andi                t4, s9, 255       t4=0000008f  s9:0084168f 
94540000: 9454: [[34m/soc/host/insn                   [0m] aes128_encrypt_block:0           M 000013b2 andi                t6, s8, 255       t6=00000016  s8:00008416 
94550000: 9455: [[34m/soc/host/insn                   [0m] aes128_encrypt_block:0           M 000013b6 aes32esmi_custom    a0, a0, t1, 0x0   a0=4dbbb415  a0:d67b748e  t1:171f131f 
94570000: 9457: [[34m/soc/host/insn                   [0m] aes128_encrypt_block:0           M 000013ba aes32esmi_custom    a0, a0, s4, 0x1   a0=82743190  a0:4dbbb415  s4:54425f56 
94590000: 9459: [[34m/soc/host/insn                   [0m] aes128_encrypt_block:0           M 000013be aes32esmi_custom    a0, a0, a3, 0x0   a0=42efaa50  a0:82743190  a3:091f002b 
94610000: 9461: [[34m/soc/host/insn                   [0m] aes128_encrypt_block:0           M 000013c2 aes32esmi_custom    a5, a0, s0, 0x1   a5=0da000fa  a0:42efaa50  s0:62181c5b 
94630000: 9463: [[34m/soc/host/insn                   [0m] aes128_encrypt_block:0           M 000013c6 lw                  a0, 0(ra)         a0=b2091bf9  ra:00000a50  PA:00000a50 
94640000: 9464: [[34m/soc/host/insn                   [0m] aes128_encrypt_block:0           M 000013ca c.addi              ra, ra, 16        ra=00000a60  ra:00000a50 
94650000: 9465: [[34m/soc/host/insn                   [0m] aes128_encrypt_block:0           M 000013cc andi                s5, a5, 255       s5=000000fa  a5:0da000fa 
94660000: 9466: [[34m/soc/host/insn                   [0m] aes128_encrypt_block:0           M 000013d0 srli                s11, a5, 0x8     s11=000da000  a5:0da000fa 
94670000: 9467: [[34m/soc/host/insn                   [0m] aes128_encrypt_block:0           M 000013d4 aes32esmi_custom    a0, a0, s4, 0x0   a0=cbb8aa80  a0:b2091bf9  s4:54425f56 
94780000: 9478: [[34m/soc/host/insn                   [0m] aes128_encrypt_block:0           M 000013d8 srli                s10, a5, 0x10    s10=00000da0  a5:0da000fa 
94790000: 9479: [[34m/soc/host/insn                   [0m] aes128_encrypt_block:0           M 000013dc aes32esmi_custom    a0, a0, a3, 0x1   a0=a8db6c46  a0:cbb8aa80  a3:091f002b 
94800000: 9480: [[34m/soc/host/insn                   [0m] aes128_encrypt_block:0           M 000013e0 andi                s3, s11, 255      s3=00000000 s11:000da000 
94810000: 9481: [[34m/soc/host/insn                   [0m] aes128_encrypt_block:0           M 000013e4 aes32esmi_custom    a0, a0, s0, 0x0   a0=059a2deb  a0:a8db6c46  s0:62181c5b 
94820000: 9482: [[34m/soc/host/insn                   [0m] aes128_encrypt_block:0           M 000013e8 andi                s0, s10, 255      s0=000000a0 s10:00000da0 
94830000: 9483: [[34m/soc/host/insn                   [0m] aes128_encrypt_block:0           M 000013ec aes32esmi_custom    s4, a0, t1, 0x1   s4=fe61dd1b  a0:059a2deb  t1:171f131f 
94840000: 9484: [[34m/soc/host/insn                   [0m] aes128_encrypt_block:0           M 000013f0 srli                t1, a5, 0x18      t1=0000000d  a5:0da000fa 
94850000: 9485: [[34m/soc/host/insn                   [0m] aes128_encrypt_block:0           M 000013f4 bne                 ra, a7, -206      ra:00000a60  a7:00000ae0 
94880000: 9488: [[34m/soc/host/insn                   [0m] aes128_encrypt_block:0           M 00001326 c.slli              a6, a6, 0x18      a6=75000000  a6:00000075 
94890000: 9489: [[34m/soc/host/insn                   [0m] aes128_encrypt_block:0           M 00001328 c.slli              t3, t3, 0x10      t3=00860000  t3:00000086 
94900000: 9490: [[34m/soc/host/insn                   [0m] aes128_encrypt_block:0           M 0000132a c.slli              t2, t2, 0x8       t2=00004c00  t2:0000004c 
94910000: 9491: [[34m/soc/host/insn                   [0m] aes128_encrypt_block:0           M 0000132c c.slli              t0, t0, 0x18      t0=84000000  t0:00000084 
94920000: 9492: [[34m/soc/host/insn                   [0m] aes128_encrypt_block:0           M 0000132e c.slli              t6, t6, 0x10      t6=00160000  t6:00000016 
94930000: 9493: [[34m/soc/host/insn                   [0m] aes128_encrypt_block:0           M 00001330 c.slli              t4, t4, 0x8       t4=00008f00  t4:0000008f 
94940000: 9494: [[34m/soc/host/insn                   [0m] aes128_encrypt_block:0           M 00001332 c.slli              t1, t1, 0x18      t1=0d000000  t1:0000000d 
94950000: 9495: [[34m/soc/host/insn                   [0m] aes128_encrypt_block:0           M 00001334 slli                a4, s0, 0x10      a4=00a00000  s0:000000a0 
94960000: 9496: [[34m/soc/host/insn                   [0m] aes128_encrypt_block:0           M 00001338 c.slli              s3, s3, 0x8       s3=00000000  s3:00000000 
94970000: 9497: [[34m/soc/host/insn                   [0m] aes128_encrypt_block:0           M 0000133a lw                  s6, -12(ra)       s6=09072467  ra:00000a60  PA:00000a54 
94980000: 9498: [[34m/soc/host/insn                   [0m] aes128_encrypt_block:0           M 0000133e or                  a3, t3, a6        a3=75860000  t3:00860000  a6:75000000 
95060000: 9506: [[34m/soc/host/insn                   [0m] aes128_encrypt_block:0           M 00001342 or                  a5, t2, t5        a5=00004cf0  t2:00004c00  t5:000000f0 
95070000: 9507: [[34m/soc/host/insn                   [0m] aes128_encrypt_block:0           M 00001346 or                  s1, t6, t0        s1=84160000  t6:00160000  t0:84000000 
95080000: 9508: [[34m/soc/host/insn                   [0m] aes128_encrypt_block:0           M 0000134a or                  s0, t4, s2        s0=00008f5b  t4:00008f00  s2:0000005b 
95090000: 9509: [[34m/soc/host/insn                   [0m] aes128_encrypt_block:0           M 0000134e or                  a4, a4, t1        a4=0da00000  a4:00a00000  t1:0d000000 
95100000: 9510: [[34m/soc/host/insn                   [0m] aes128_encrypt_block:0           M 00001352 or                  a0, s3, s5        a0=000000fa  s3:00000000  s5:000000fa 
95110000: 9511: [[34m/soc/host/insn                   [0m] aes128_encrypt_block:0           M 00001356 c.or                a3, a3, a5        a3=75864cf0  a3:75860000  a5:00004cf0 
95120000: 9512: [[34m/soc/host/insn                   [0m] aes128_encrypt_block:0           M 00001358 c.or                s0, s0, s1        s0=84168f5b  s0:00008f5b  s1:84160000 
95130000: 9513: [[34m/soc/host/insn                   [0m] aes128_encrypt_block:0           M 0000135a or                  t1, a4, a0        t1=0da000fa  a4:0da00000  a0:000000fa 
95140000: 9514: [[34m/soc/host/insn                   [0m] aes128_encrypt_block:0           M 0000135e aes32esmi_custom    a0, s6, a3, 0x0   a0=0a8ba864  s6:09072467  a3:75864cf0 
95150000: 9515: [[34m/soc/host/insn                   [0m] aes128_encrypt_block:0           M 00001362 aes32esmi_custom    a0, a0, s0, 0x1   a0=79f84e82  a0:0a8ba864  s0:84168f5b 
95170000: 9517: [[34m/soc/host/insn                   [0m] aes128_encrypt_block:0           M 00001366 aes32esmi_custom    a0, a0, t1, 0x0   a0=99239562  a0:79f84e82  t1:0da000fa 
95190000: 9519: [[34m/soc/host/insn                   [0m] aes128_encrypt_block:0           M 0000136a aes32esmi_custom    a4, a0, s4, 0x1   a4=f44e2ed9  a0:99239562  s4:fe61dd1b 
95210000: 9521: [[34m/soc/host/insn                   [0m] aes128_encrypt_block:0           M 0000136e lw                  a0, -8(ra)        a0=ac0f3199  ra:00000a60  PA:00000a58 
95220000: 9522: [[34m/soc/host/insn                   [0m] aes128_encrypt_block:0           M 00001372 andi                t5, a4, 255       t5=000000d9  a4:f44e2ed9 
95230000: 9523: [[34m/soc/host/insn                   [0m] aes128_encrypt_block:0           M 00001376 srli                s7, a4, 0x8       s7=00f44e2e  a4:f44e2ed9 
95240000: 9524: [[34m/soc/host/insn                   [0m] aes128_encrypt_block:0           M 0000137a srli                s6, a4, 0x10      s6=0000f44e  a4:f44e2ed9 
95250000: 9525: [[34m/soc/host/insn                   [0m] aes128_encrypt_block:0           M 0000137e srli                a6, a4, 0x18      a6=000000f4  a4:f44e2ed9 
95260000: 9526: [[34m/soc/host/insn                   [0m] aes128_encrypt_block:0           M 00001382 andi                t2, s7, 255       t2=0000002e  s7:00f44e2e 
95270000: 9527: [[34m/soc/host/insn                   [0m] aes128_encrypt_block:0           M 00001386 andi                t3, s6, 255       t3=0000004e  s6:0000f44e 
95280000: 9528: [[34m/soc/host/insn                   [0m] aes128_encrypt_block:0           M 0000138a aes32esmi_custom    a0, a0, s0, 0x0   a0=de3608eb  a0:ac0f3199  s0:84168f5b 
95290000: 9529: [[34m/soc/host/insn                   [0m] aes128_encrypt_block:0           M 0000138e aes32esmi_custom    a0, a0, t1, 0x1   a0=bd55ce2d  a0:de3608eb  t1:0da000fa 
95310000: 9531: [[34m/soc/host/insn                   [0m] aes128_encrypt_block:0           M 00001392 aes32esmi_custom    a0, a0, s4, 0x0   a0=52900bc2  a0:bd55ce2d  s4:fe61dd1b 
95330000: 9533: [[34m/soc/host/insn                   [0m] aes128_encrypt_block:0           M 00001396 aes32esmi_custom    s1, a0, a3, 0x1   s1=73b1965f  a0:52900bc2  a3:75864cf0 
95350000: 9535: [[34m/soc/host/insn                   [0m] aes128_encrypt_block:0           M 0000139a lw                  a0, -4(ra)        a0=7a744517  ra:00000a60  PA:00000a5c 
95360000: 9536: [[34m/soc/host/insn                   [0m] aes128_encrypt_block:0           M 0000139e andi                s2, s1, 255       s2=0000005f  s1:73b1965f 
95370000: 9537: [[34m/soc/host/insn                   [0m] aes128_encrypt_block:0           M 000013a2 srli                s9, s1, 0x8       s9=0073b196  s1:73b1965f 
95380000: 9538: [[34m/soc/host/insn                   [0m] aes128_encrypt_block:0           M 000013a6 srli                s8, s1, 0x10      s8=000073b1  s1:73b1965f 
95390000: 9539: [[34m/soc/host/insn                   [0m] aes128_encrypt_block:0           M 000013aa srli                t0, s1, 0x18      t0=00000073  s1:73b1965f 
95400000: 9540: [[34m/soc/host/insn                   [0m] aes128_encrypt_block:0           M 000013ae andi                t4, s9, 255       t4=00000096  s9:0073b196 
95410000: 9541: [[34m/soc/host/insn                   [0m] aes128_encrypt_block:0           M 000013b2 andi                t6, s8, 255       t6=000000b1  s8:000073b1 
95420000: 9542: [[34m/soc/host/insn                   [0m] aes128_encrypt_block:0           M 000013b6 aes32esmi_custom    a0, a0, t1, 0x0   a0=2059684d  a0:7a744517  t1:0da000fa 
95440000: 9544: [[34m/soc/host/insn                   [0m] aes128_encrypt_block:0           M 000013ba aes32esmi_custom    a0, a0, s4, 0x1   a0=e198f1d4  a0:2059684d  s4:fe61dd1b 
95460000: 9546: [[34m/soc/host/insn                   [0m] aes128_encrypt_block:0           M 000013be aes32esmi_custom    a0, a0, a3, 0x0   a0=a5107990  a0:e198f1d4  a3:75864cf0 
95480000: 9548: [[34m/soc/host/insn                   [0m] aes128_encrypt_block:0           M 000013c2 aes32esmi_custom    a5, a0, s0, 0x1   a5=1bae26cf  a0:a5107990  s0:84168f5b 
95500000: 9550: [[34m/soc/host/insn                   [0m] aes128_encrypt_block:0           M 000013c6 lw                  a0, 0(ra)         a0=c87d5eee  ra:00000a60  PA:00000a60 
95510000: 9551: [[34m/soc/host/insn                   [0m] aes128_encrypt_block:0           M 000013ca c.addi              ra, ra, 16        ra=00000a70  ra:00000a60 
95520000: 9552: [[34m/soc/host/insn                   [0m] aes128_encrypt_block:0           M 000013cc andi                s5, a5, 255       s5=000000cf  a5:1bae26cf 
95530000: 9553: [[34m/soc/host/insn                   [0m] aes128_encrypt_block:0           M 000013d0 srli                s11, a5, 0x8     s11=001bae26  a5:1bae26cf 
95540000: 9554: [[34m/soc/host/insn                   [0m] aes128_encrypt_block:0           M 000013d4 aes32esmi_custom    a0, a0, s4, 0x0   a0=8dd2f1ab  a0:c87d5eee  s4:fe61dd1b 
95650000: 9565: [[34m/soc/host/insn                   [0m] aes128_encrypt_block:0           M 000013d8 srli                s10, a5, 0x10    s10=00001bae  a5:1bae26cf 
95660000: 9566: [[34m/soc/host/insn                   [0m] aes128_encrypt_block:0           M 000013dc aes32esmi_custom    a0, a0, a3, 0x1   a0=a4fba3f9  a0:8dd2f1ab  a3:75864cf0 
95670000: 9567: [[34m/soc/host/insn                   [0m] aes128_encrypt_block:0           M 000013e0 andi                s3, s11, 255      s3=00000026 s11:001bae26 
95680000: 9568: [[34m/soc/host/insn                   [0m] aes128_encrypt_block:0           M 000013e4 aes32esmi_custom    a0, a0, s0, 0x0   a0=e3752dbe  a0:a4fba3f9  s0:84168f5b 
95690000: 9569: [[34m/soc/host/insn                   [0m] aes128_encrypt_block:0           M 000013e8 andi                s0, s10, 255      s0=000000ae s10:00001bae 
95700000: 9570: [[34m/soc/host/insn                   [0m] aes128_encrypt_block:0           M 000013ec aes32esmi_custom    s4, a0, t1, 0x1   s4=56c0fa69  a0:e3752dbe  t1:0da000fa 
95710000: 9571: [[34m/soc/host/insn                   [0m] aes128_encrypt_block:0           M 000013f0 srli                t1, a5, 0x18      t1=0000001b  a5:1bae26cf 
95720000: 9572: [[34m/soc/host/insn                   [0m] aes128_encrypt_block:0           M 000013f4 bne                 ra, a7, -206      ra:00000a70  a7:00000ae0 
95750000: 9575: [[34m/soc/host/insn                   [0m] aes128_encrypt_block:0           M 00001326 c.slli              a6, a6, 0x18      a6=f4000000  a6:000000f4 
95760000: 9576: [[34m/soc/host/insn                   [0m] aes128_encrypt_block:0           M 00001328 c.slli              t3, t3, 0x10      t3=004e0000  t3:0000004e 
95770000: 9577: [[34m/soc/host/insn                   [0m] aes128_encrypt_block:0           M 0000132a c.slli              t2, t2, 0x8       t2=00002e00  t2:0000002e 
95780000: 9578: [[34m/soc/host/insn                   [0m] aes128_encrypt_block:0           M 0000132c c.slli              t0, t0, 0x18      t0=73000000  t0:00000073 
95790000: 9579: [[34m/soc/host/insn                   [0m] aes128_encrypt_block:0           M 0000132e c.slli              t6, t6, 0x10      t6=00b10000  t6:000000b1 
95800000: 9580: [[34m/soc/host/insn                   [0m] aes128_encrypt_block:0           M 00001330 c.slli              t4, t4, 0x8       t4=00009600  t4:00000096 
95810000: 9581: [[34m/soc/host/insn                   [0m] aes128_encrypt_block:0           M 00001332 c.slli              t1, t1, 0x18      t1=1b000000  t1:0000001b 
95820000: 9582: [[34m/soc/host/insn                   [0m] aes128_encrypt_block:0           M 00001334 slli                a4, s0, 0x10      a4=00ae0000  s0:000000ae 
95830000: 9583: [[34m/soc/host/insn                   [0m] aes128_encrypt_block:0           M 00001338 c.slli              s3, s3, 0x8       s3=00002600  s3:00000026 
95840000: 9584: [[34m/soc/host/insn                   [0m] aes128_encrypt_block:0           M 0000133a lw                  s6, -12(ra)       s6=21efdb3b  ra:00000a70  PA:00000a64 
95850000: 9585: [[34m/soc/host/insn                   [0m] aes128_encrypt_block:0           M 0000133e or                  a3, t3, a6        a3=f44e0000  t3:004e0000  a6:f4000000 
95930000: 9593: [[34m/soc/host/insn                   [0m] aes128_encrypt_block:0           M 00001342 or                  a5, t2, t5        a5=00002ed9  t2:00002e00  t5:000000d9 
95940000: 9594: [[34m/soc/host/insn                   [0m] aes128_encrypt_block:0           M 00001346 or                  s1, t6, t0        s1=73b10000  t6:00b10000  t0:73000000 
95950000: 9595: [[34m/soc/host/insn                   [0m] aes128_encrypt_block:0           M 0000134a or                  s0, t4, s2        s0=0000965f  t4:00009600  s2:0000005f 
95960000: 9596: [[34m/soc/host/insn                   [0m] aes128_encrypt_block:0           M 0000134e or                  a4, a4, t1        a4=1bae0000  a4:00ae0000  t1:1b000000 
95970000: 9597: [[34m/soc/host/insn                   [0m] aes128_encrypt_block:0           M 00001352 or                  a0, s3, s5        a0=000026cf  s3:00002600  s5:000000cf 
95980000: 9598: [[34m/soc/host/insn                   [0m] aes128_encrypt_block:0           M 00001356 c.or                a3, a3, a5        a3=f44e2ed9  a3:f44e0000  a5:00002ed9 
95990000: 9599: [[34m/soc/host/insn                   [0m] aes128_encrypt_block:0           M 00001358 c.or                s0, s0, s1        s0=73b1965f  s0:0000965f  s1:73b10000 
96000000: 9600: [[34m/soc/host/insn                   [0m] aes128_encrypt_block:0           M 0000135a or                  t1, a4, a0        t1=1bae26cf  a4:1bae0000  a0:000026cf 
96010000: 9601: [[34m/soc/host/insn                   [0m] aes128_encrypt_block:0           M 0000135e aes32esmi_custom    a0, s6, a3, 0x0   a0=4bdaee51  s6:21efdb3b  a3:f44e2ed9 
96020000: 9602: [[34m/soc/host/insn                   [0m] aes128_encrypt_block:0           M 00001362 aes32esmi_custom    a0, a0, s0, 0x1   a0=db4ad56a  a0:4bdaee51  s0:73b1965f 
96040000: 9604: [[34m/soc/host/insn                   [0m] aes128_encrypt_block:0           M 00001366 aes32esmi_custom    a0, a0, t1, 0x0   a0=3f99068e  a0:db4ad56a  t1:1bae26cf 
96060000: 9606: [[34m/soc/host/insn                   [0m] aes128_encrypt_block:0           M 0000136a aes32esmi_custom    a4, a0, s4, 0x1   a4=46e0b73f  a0:3f99068e  s4:56c0fa69 
96080000: 9608: [[34m/soc/host/insn                   [0m] aes128_encrypt_block:0           M 0000136e lw                  a0, -8(ra)        a0=8de0eaa2  ra:00000a70  PA:00000a68 
96090000: 9609: [[34m/soc/host/insn                   [0m] aes128_encrypt_block:0           M 00001372 andi                t5, a4, 255       t5=0000003f  a4:46e0b73f 
96100000: 9610: [[34m/soc/host/insn                   [0m] aes128_encrypt_block:0           M 00001376 srli                s7, a4, 0x8       s7=0046e0b7  a4:46e0b73f 
96110000: 9611: [[34m/soc/host/insn                   [0m] aes128_encrypt_block:0           M 0000137a srli                s6, a4, 0x10      s6=000046e0  a4:46e0b73f 
96120000: 9612: [[34m/soc/host/insn                   [0m] aes128_encrypt_block:0           M 0000137e srli                a6, a4, 0x18      a6=00000046  a4:46e0b73f 
96130000: 9613: [[34m/soc/host/insn                   [0m] aes128_encrypt_block:0           M 00001382 andi                t2, s7, 255       t2=000000b7  s7:0046e0b7 
96140000: 9614: [[34m/soc/host/insn                   [0m] aes128_encrypt_block:0           M 00001386 andi                t3, s6, 255       t3=000000e0  s6:000046e0 
96150000: 9615: [[34m/soc/host/insn                   [0m] aes128_encrypt_block:0           M 0000138a aes32esmi_custom    a0, a0, s0, 0x0   a0=082f2527  a0:8de0eaa2  s0:73b1965f 
96160000: 9616: [[34m/soc/host/insn                   [0m] aes128_encrypt_block:0           M 0000138e aes32esmi_custom    a0, a0, t1, 0x1   a0=ffd8d0d2  a0:082f2527  t1:1bae26cf 
96180000: 9618: [[34m/soc/host/insn                   [0m] aes128_encrypt_block:0           M 00001392 aes32esmi_custom    a0, a0, s4, 0x0   a0=45b7bf68  a0:ffd8d0d2  s4:56c0fa69 
96200000: 9620: [[34m/soc/host/insn                   [0m] aes128_encrypt_block:0           M 00001396 aes32esmi_custom    s1, a0, a3, 0x1   s1=20d200d7  a0:45b7bf68  a3:f44e2ed9 
96220000: 9622: [[34m/soc/host/insn                   [0m] aes128_encrypt_block:0           M 0000139a lw                  a0, -4(ra)        a0=f794afb5  ra:00000a70  PA:00000a6c 
96230000: 9623: [[34m/soc/host/insn                   [0m] aes128_encrypt_block:0           M 0000139e andi                s2, s1, 255       s2=000000d7  s1:20d200d7 
96240000: 9624: [[34m/soc/host/insn                   [0m] aes128_encrypt_block:0           M 000013a2 srli                s9, s1, 0x8       s9=0020d200  s1:20d200d7 
96250000: 9625: [[34m/soc/host/insn                   [0m] aes128_encrypt_block:0           M 000013a6 srli                s8, s1, 0x10      s8=000020d2  s1:20d200d7 
96260000: 9626: [[34m/soc/host/insn                   [0m] aes128_encrypt_block:0           M 000013aa srli                t0, s1, 0x18      t0=00000020  s1:20d200d7 
96270000: 9627: [[34m/soc/host/insn                   [0m] aes128_encrypt_block:0           M 000013ae andi                t4, s9, 255       t4=00000000  s9:0020d200 
96280000: 9628: [[34m/soc/host/insn                   [0m] aes128_encrypt_block:0           M 000013b2 andi                t6, s8, 255       t6=000000d2  s8:000020d2 
96290000: 9629: [[34m/soc/host/insn                   [0m] aes128_encrypt_block:0           M 000013b6 aes32esmi_custom    a0, a0, t1, 0x0   a0=f81e25ba  a0:f794afb5  t1:1bae26cf 
96310000: 9631: [[34m/soc/host/insn                   [0m] aes128_encrypt_block:0           M 000013ba aes32esmi_custom    a0, a0, s4, 0x1   a0=d5337fe0  a0:f81e25ba  s4:56c0fa69 
96330000: 9633: [[34m/soc/host/insn                   [0m] aes128_encrypt_block:0           M 000013be aes32esmi_custom    a0, a0, a3, 0x0   a0=fa6d21cf  a0:d5337fe0  a3:f44e2ed9 
96350000: 9635: [[34m/soc/host/insn                   [0m] aes128_encrypt_block:0           M 000013c2 aes32esmi_custom    a5, a0, s0, 0x1   a5=ff68ae40  a0:fa6d21cf  s0:73b1965f 
96370000: 9637: [[34m/soc/host/insn                   [0m] aes128_encrypt_block:0           M 000013c6 lw                  a0, 0(ra)         a0=3fe9f15b  ra:00000a70  PA:00000a70 
96380000: 9638: [[34m/soc/host/insn                   [0m] aes128_encrypt_block:0           M 000013ca c.addi              ra, ra, 16        ra=00000a80  ra:00000a70 
96390000: 9639: [[34m/soc/host/insn                   [0m] aes128_encrypt_block:0           M 000013cc andi                s5, a5, 255       s5=00000040  a5:ff68ae40 
96400000: 9640: [[34m/soc/host/insn                   [0m] aes128_encrypt_block:0           M 000013d0 srli                s11, a5, 0x8     s11=00ff68ae  a5:ff68ae40 
96410000: 9641: [[34m/soc/host/insn                   [0m] aes128_encrypt_block:0           M 000013d4 aes32esmi_custom    a0, a0, s4, 0x0   a0=d61008b2  a0:3fe9f15b  s4:56c0fa69 
96520000: 9652: [[34m/soc/host/insn                   [0m] aes128_encrypt_block:0           M 000013d8 srli                s10, a5, 0x10    s10=0000ff68  a5:ff68ae40 
96530000: 9653: [[34m/soc/host/insn                   [0m] aes128_encrypt_block:0           M 000013dc aes32esmi_custom    a0, a0, a3, 0x1   a0=e7216ad0  a0:d61008b2  a3:f44e2ed9 
96540000: 9654: [[34m/soc/host/insn                   [0m] aes128_encrypt_block:0           M 000013e0 andi                s3, s11, 255      s3=000000ae s11:00ff68ae 
96550000: 9655: [[34m/soc/host/insn                   [0m] aes128_encrypt_block:0           M 000013e4 aes32esmi_custom    a0, a0, s0, 0x0   a0=2faae118  a0:e7216ad0  s0:73b1965f 
96560000: 9656: [[34m/soc/host/insn                   [0m] aes128_encrypt_block:0           M 000013e8 andi                s0, s10, 255      s0=00000068 s10:0000ff68 
96570000: 9657: [[34m/soc/host/insn                   [0m] aes128_encrypt_block:0           M 000013ec aes32esmi_custom    s4, a0, t1, 0x1   s4=6aef4eb7  a0:2faae118  t1:1bae26cf 
96580000: 9658: [[34m/soc/host/insn                   [0m] aes128_encrypt_block:0           M 000013f0 srli                t1, a5, 0x18      t1=000000ff  a5:ff68ae40 
96590000: 9659: [[34m/soc/host/insn                   [0m] aes128_encrypt_block:0           M 000013f4 bne                 ra, a7, -206      ra:00000a80  a7:00000ae0 
96620000: 9662: [[34m/soc/host/insn                   [0m] aes128_encrypt_block:0           M 00001326 c.slli              a6, a6, 0x18      a6=46000000  a6:00000046 
96630000: 9663: [[34m/soc/host/insn                   [0m] aes128_encrypt_block:0           M 00001328 c.slli              t3, t3, 0x10      t3=00e00000  t3:000000e0 
96640000: 9664: [[34m/soc/host/insn                   [0m] aes128_encrypt_block:0           M 0000132a c.slli              t2, t2, 0x8       t2=0000b700  t2:000000b7 
96650000: 9665: [[34m/soc/host/insn                   [0m] aes128_encrypt_block:0           M 0000132c c.slli              t0, t0, 0x18      t0=20000000  t0:00000020 
96660000: 9666: [[34m/soc/host/insn                   [0m] aes128_encrypt_block:0           M 0000132e c.slli              t6, t6, 0x10      t6=00d20000  t6:000000d2 
96670000: 9667: [[34m/soc/host/insn                   [0m] aes128_encrypt_block:0           M 00001330 c.slli              t4, t4, 0x8       t4=00000000  t4:00000000 
96680000: 9668: [[34m/soc/host/insn                   [0m] aes128_encrypt_block:0           M 00001332 c.slli              t1, t1, 0x18      t1=ff000000  t1:000000ff 
96690000: 9669: [[34m/soc/host/insn                   [0m] aes128_encrypt_block:0           M 00001334 slli                a4, s0, 0x10      a4=00680000  s0:00000068 
96700000: 9670: [[34m/soc/host/insn                   [0m] aes128_encrypt_block:0           M 00001338 c.slli              s3, s3, 0x8       s3=0000ae00  s3:000000ae 
96710000: 9671: [[34m/soc/host/insn                   [0m] aes128_encrypt_block:0           M 0000133a lw                  s6, -12(ra)       s6=189ac592  ra:00000a80  PA:00000a74 
96720000: 9672: [[34m/soc/host/insn                   [0m] aes128_encrypt_block:0           M 0000133e or                  a3, t3, a6        a3=46e00000  t3:00e00000  a6:46000000 
96800000: 9680: [[34m/soc/host/insn                   [0m] aes128_encrypt_block:0           M 00001342 or                  a5, t2, t5        a5=0000b73f  t2:0000b700  t5:0000003f 
96810000: 9681: [[34m/soc/host/insn                   [0m] aes128_encrypt_block:0           M 00001346 or                  s1, t6, t0        s1=20d20000  t6:00d20000  t0:20000000 
96820000: 9682: [[34m/soc/host/insn                   [0m] aes128_encrypt_block:0           M 0000134a or                  s0, t4, s2        s0=000000d7  t4:00000000  s2:000000d7 
96830000: 9683: [[34m/soc/host/insn                   [0m] aes128_encrypt_block:0           M 0000134e or                  a4, a4, t1        a4=ff680000  a4:00680000  t1:ff000000 
96840000: 9684: [[34m/soc/host/insn                   [0m] aes128_encrypt_block:0           M 00001352 or                  a0, s3, s5        a0=0000ae40  s3:0000ae00  s5:00000040 
96850000: 9685: [[34m/soc/host/insn                   [0m] aes128_encrypt_block:0           M 00001356 c.or                a3, a3, a5        a3=46e0b73f  a3:46e00000  a5:0000b73f 
96860000: 9686: [[34m/soc/host/insn                   [0m] aes128_encrypt_block:0           M 00001358 c.or                s0, s0, s1        s0=20d200d7  s0:000000d7  s1:20d20000 
96870000: 9687: [[34m/soc/host/insn                   [0m] aes128_encrypt_block:0           M 0000135a or                  t1, a4, a0        t1=ff68ae40  a4:ff680000  a0:0000ae40 
96880000: 9688: [[34m/soc/host/insn                   [0m] aes128_encrypt_block:0           M 0000135e aes32esmi_custom    a0, s6, a3, 0x0   a0=f2efb078  s6:189ac592  a3:46e0b73f 
96890000: 9689: [[34m/soc/host/insn                   [0m] aes128_encrypt_block:0           M 00001362 aes32esmi_custom    a0, a0, s0, 0x1   a0=918c76be  a0:f2efb078  s0:20d200d7 
96910000: 9691: [[34m/soc/host/insn                   [0m] aes128_encrypt_block:0           M 00001366 aes32esmi_custom    a0, a0, t1, 0x0   a0=d406fcfb  a0:918c76be  t1:ff68ae40 
96930000: 9693: [[34m/soc/host/insn                   [0m] aes128_encrypt_block:0           M 0000136a aes32esmi_custom    a4, a0, s4, 0x1   a4=d002fef9  a0:d406fcfb  s4:6aef4eb7 
96950000: 9695: [[34m/soc/host/insn                   [0m] aes128_encrypt_block:0           M 0000136e lw                  a0, -8(ra)        a0=957a2f30  ra:00000a80  PA:00000a78 
96960000: 9696: [[34m/soc/host/insn                   [0m] aes128_encrypt_block:0           M 00001372 andi                t5, a4, 255       t5=000000f9  a4:d002fef9 
96970000: 9697: [[34m/soc/host/insn                   [0m] aes128_encrypt_block:0           M 00001376 srli                s7, a4, 0x8       s7=00d002fe  a4:d002fef9 
96980000: 9698: [[34m/soc/host/insn                   [0m] aes128_encrypt_block:0           M 0000137a srli                s6, a4, 0x10      s6=0000d002  a4:d002fef9 
96990000: 9699: [[34m/soc/host/insn                   [0m] aes128_encrypt_block:0           M 0000137e srli                a6, a4, 0x18      a6=000000d0  a4:d002fef9 
97000000: 9700: [[34m/soc/host/insn                   [0m] aes128_encrypt_block:0           M 00001382 andi                t2, s7, 255       t2=000000fe  s7:00d002fe 
97010000: 9701: [[34m/soc/host/insn                   [0m] aes128_encrypt_block:0           M 00001386 andi                t3, s6, 255       t3=00000002  s6:0000d002 
97020000: 9702: [[34m/soc/host/insn                   [0m] aes128_encrypt_block:0           M 0000138a aes32esmi_custom    a0, a0, s0, 0x0   a0=8974212c  a0:957a2f30  s0:20d200d7 
97030000: 9703: [[34m/soc/host/insn                   [0m] aes128_encrypt_block:0           M 0000138e aes32esmi_custom    a0, a0, t1, 0x1   a0=6d90f2ff  a0:8974212c  t1:ff68ae40 
97050000: 9705: [[34m/soc/host/insn                   [0m] aes128_encrypt_block:0           M 00001392 aes32esmi_custom    a0, a0, s4, 0x0   a0=b2355720  a0:6d90f2ff  s4:6aef4eb7 
97070000: 9707: [[34m/soc/host/insn                   [0m] aes128_encrypt_block:0           M 00001396 aes32esmi_custom    s1, a0, a3, 0x1   s1=06810d7a  a0:b2355720  a3:46e0b73f 
97090000: 9709: [[34m/soc/host/insn                   [0m] aes128_encrypt_block:0           M 0000139a lw                  a0, -4(ra)        a0=62ee8085  ra:00000a80  PA:00000a7c 
97100000: 9710: [[34m/soc/host/insn                   [0m] aes128_encrypt_block:0           M 0000139e andi                s2, s1, 255       s2=0000007a  s1:06810d7a 
97110000: 9711: [[34m/soc/host/insn                   [0m] aes128_encrypt_block:0           M 000013a2 srli                s9, s1, 0x8       s9=0006810d  s1:06810d7a 
97120000: 9712: [[34m/soc/host/insn                   [0m] aes128_encrypt_block:0           M 000013a6 srli                s8, s1, 0x10      s8=00000681  s1:06810d7a 
97130000: 9713: [[34m/soc/host/insn                   [0m] aes128_encrypt_block:0           M 000013aa srli                t0, s1, 0x18      t0=00000006  s1:06810d7a 
97140000: 9714: [[34m/soc/host/insn                   [0m] aes128_encrypt_block:0           M 000013ae andi                t4, s9, 255       t4=0000000d  s9:0006810d 
97150000: 9715: [[34m/soc/host/insn                   [0m] aes128_encrypt_block:0           M 000013b2 andi                t6, s8, 255       t6=00000081  s8:00000681 
97160000: 9716: [[34m/soc/host/insn                   [0m] aes128_encrypt_block:0           M 000013b6 aes32esmi_custom    a0, a0, t1, 0x0   a0=70e78997  a0:62ee8085  t1:ff68ae40 
97180000: 9718: [[34m/soc/host/insn                   [0m] aes128_encrypt_block:0           M 000013ba aes32esmi_custom    a0, a0, s4, 0x1   a0=5fc8d7c9  a0:70e78997  s4:6aef4eb7 
97200000: 9720: [[34m/soc/host/insn                   [0m] aes128_encrypt_block:0           M 000013be aes32esmi_custom    a0, a0, a3, 0x0   a0=be110e28  a0:5fc8d7c9  a3:46e0b73f 
97220000: 9722: [[34m/soc/host/insn                   [0m] aes128_encrypt_block:0           M 000013c2 aes32esmi_custom    a5, a0, s0, 0x1   a5=cb64b99f  a0:be110e28  s0:20d200d7 
97240000: 9724: [[34m/soc/host/insn                   [0m] aes128_encrypt_block:0           M 000013c6 lw                  a0, 0(ra)         a0=5d0771de  ra:00000a80  PA:00000a80 
97250000: 9725: [[34m/soc/host/insn                   [0m] aes128_encrypt_block:0           M 000013ca c.addi              ra, ra, 16        ra=00000a90  ra:00000a80 
97260000: 9726: [[34m/soc/host/insn                   [0m] aes128_encrypt_block:0           M 000013cc andi                s5, a5, 255       s5=0000009f  a5:cb64b99f 
97270000: 9727: [[34m/soc/host/insn                   [0m] aes128_encrypt_block:0           M 000013d0 srli                s11, a5, 0x8     s11=00cb64b9  a5:cb64b99f 
97280000: 9728: [[34m/soc/host/insn                   [0m] aes128_encrypt_block:0           M 000013d4 aes32esmi_custom    a0, a0, s4, 0x0   a0=14aed897  a0:5d0771de  s4:6aef4eb7 
97390000: 9739: [[34m/soc/host/insn                   [0m] aes128_encrypt_block:0           M 000013d8 srli                s10, a5, 0x10    s10=0000cb64  a5:cb64b99f 
97400000: 9740: [[34m/soc/host/insn                   [0m] aes128_encrypt_block:0           M 000013dc aes32esmi_custom    a0, a0, a3, 0x1   a0=bd0791de  a0:14aed897  a3:46e0b73f 
97410000: 9741: [[34m/soc/host/insn                   [0m] aes128_encrypt_block:0           M 000013e0 andi                s3, s11, 255      s3=000000b9 s11:00cb64b9 
97420000: 9742: [[34m/soc/host/insn                   [0m] aes128_encrypt_block:0           M 000013e4 aes32esmi_custom    a0, a0, s0, 0x0   a0=0876e06b  a0:bd0791de  s0:20d200d7 
97430000: 9743: [[34m/soc/host/insn                   [0m] aes128_encrypt_block:0           M 000013e8 andi                s0, s10, 255      s0=00000064 s10:0000cb64 
97440000: 9744: [[34m/soc/host/insn                   [0m] aes128_encrypt_block:0           M 000013ec aes32esmi_custom    s4, a0, t1, 0x1   s4=245af67d  a0:0876e06b  t1:ff68ae40 
97450000: 9745: [[34m/soc/host/insn                   [0m] aes128_encrypt_block:0           M 000013f0 srli                t1, a5, 0x18      t1=000000cb  a5:cb64b99f 
97460000: 9746: [[34m/soc/host/insn                   [0m] aes128_encrypt_block:0           M 000013f4 bne                 ra, a7, -206      ra:00000a90  a7:00000ae0 
97490000: 9749: [[34m/soc/host/insn                   [0m] aes128_encrypt_block:0           M 00001326 c.slli              a6, a6, 0x18      a6=d0000000  a6:000000d0 
97500000: 9750: [[34m/soc/host/insn                   [0m] aes128_encrypt_block:0           M 00001328 c.slli              t3, t3, 0x10      t3=00020000  t3:00000002 
97510000: 9751: [[34m/soc/host/insn                   [0m] aes128_encrypt_block:0           M 0000132a c.slli              t2, t2, 0x8       t2=0000fe00  t2:000000fe 
97520000: 9752: [[34m/soc/host/insn                   [0m] aes128_encrypt_block:0           M 0000132c c.slli              t0, t0, 0x18      t0=06000000  t0:00000006 
97530000: 9753: [[34m/soc/host/insn                   [0m] aes128_encrypt_block:0           M 0000132e c.slli              t6, t6, 0x10      t6=00810000  t6:00000081 
97540000: 9754: [[34m/soc/host/insn                   [0m] aes128_encrypt_block:0           M 00001330 c.slli              t4, t4, 0x8       t4=00000d00  t4:0000000d 
97550000: 9755: [[34m/soc/host/insn                   [0m] aes128_encrypt_block:0           M 00001332 c.slli              t1, t1, 0x18      t1=cb000000  t1:000000cb 
97560000: 9756: [[34m/soc/host/insn                   [0m] aes128_encrypt_block:0           M 00001334 slli                a4, s0, 0x10      a4=00640000  s0:00000064 
97570000: 9757: [[34m/soc/host/insn                   [0m] aes128_encrypt_block:0           M 00001338 c.slli              s3, s3, 0x8       s3=0000b900  s3:000000b9 
97580000: 9758: [[34m/soc/host/insn                   [0m] aes128_encrypt_block:0           M 0000133a lw                  s6, -12(ra)       s6=05d60021  ra:00000a90  PA:00000a84 
97590000: 9759: [[34m/soc/host/insn                   [0m] aes128_encrypt_block:0           M 0000133e or                  a3, t3, a6        a3=d0020000  t3:00020000  a6:d0000000 
97670000: 9767: [[34m/soc/host/insn                   [0m] aes128_encrypt_block:0           M 00001342 or                  a5, t2, t5        a5=0000fef9  t2:0000fe00  t5:000000f9 
97680000: 9768: [[34m/soc/host/insn                   [0m] aes128_encrypt_block:0           M 00001346 or                  s1, t6, t0        s1=06810000  t6:00810000  t0:06000000 
97690000: 9769: [[34m/soc/host/insn                   [0m] aes128_encrypt_block:0           M 0000134a or                  s0, t4, s2        s0=00000d7a  t4:00000d00  s2:0000007a 
97700000: 9770: [[34m/soc/host/insn                   [0m] aes128_encrypt_block:0           M 0000134e or                  a4, a4, t1        a4=cb640000  a4:00640000  t1:cb000000 
97710000: 9771: [[34m/soc/host/insn                   [0m] aes128_encrypt_block:0           M 00001352 or                  a0, s3, s5        a0=0000b99f  s3:0000b900  s5:0000009f 
97720000: 9772: [[34m/soc/host/insn                   [0m] aes128_encrypt_block:0           M 00001356 c.or                a3, a3, a5        a3=d002fef9  a3:d0020000  a5:0000fef9 
97730000: 9773: [[34m/soc/host/insn                   [0m] aes128_encrypt_block:0           M 00001358 c.or                s0, s0, s1        s0=06810d7a  s0:00000d7a  s1:06810000 
97740000: 9774: [[34m/soc/host/insn                   [0m] aes128_encrypt_block:0           M 0000135a or                  t1, a4, a0        t1=cb64b99f  a4:cb640000  a0:0000b99f 
97750000: 9775: [[34m/soc/host/insn                   [0m] aes128_encrypt_block:0           M 0000135e aes32esmi_custom    a0, s6, a3, 0x0   a0=2c4f9908  s6:05d60021  a3:d002fef9 
97760000: 9776: [[34m/soc/host/insn                   [0m] aes128_encrypt_block:0           M 00001362 aes32esmi_custom    a0, a0, s0, 0x1   a0=fb982cbd  a0:2c4f9908  s0:06810d7a 
97780000: 9778: [[34m/soc/host/insn                   [0m] aes128_encrypt_block:0           M 00001366 aes32esmi_custom    a0, a0, t1, 0x0   a0=b81eaafe  a0:fb982cbd  t1:cb64b99f 
97800000: 9780: [[34m/soc/host/insn                   [0m] aes128_encrypt_block:0           M 0000136a aes32esmi_custom    a4, a0, s4, 0x1   a4=d4729cc8  a0:b81eaafe  s4:245af67d 
97820000: 9782: [[34m/soc/host/insn                   [0m] aes128_encrypt_block:0           M 0000136e lw                  a0, -8(ra)        a0=90ac2f11  ra:00000a90  PA:00000a88 
97830000: 9783: [[34m/soc/host/insn                   [0m] aes128_encrypt_block:0           M 00001372 andi                t5, a4, 255       t5=000000c8  a4:d4729cc8 
97840000: 9784: [[34m/soc/host/insn                   [0m] aes128_encrypt_block:0           M 00001376 srli                s7, a4, 0x8       s7=00d4729c  a4:d4729cc8 
97850000: 9785: [[34m/soc/host/insn                   [0m] aes128_encrypt_block:0           M 0000137a srli                s6, a4, 0x10      s6=0000d472  a4:d4729cc8 
97860000: 9786: [[34m/soc/host/insn                   [0m] aes128_encrypt_block:0           M 0000137e srli                a6, a4, 0x18      a6=000000d4  a4:d4729cc8 
97870000: 9787: [[34m/soc/host/insn                   [0m] aes128_encrypt_block:0           M 00001382 andi                t2, s7, 255       t2=0000009c  s7:00d4729c 
97880000: 9788: [[34m/soc/host/insn                   [0m] aes128_encrypt_block:0           M 00001386 andi                t3, s6, 255       t3=00000072  s6:0000d472 
97890000: 9789: [[34m/soc/host/insn                   [0m] aes128_encrypt_block:0           M 0000138a aes32esmi_custom    a0, a0, s0, 0x0   a0=3f76f5be  a0:90ac2f11  s0:06810d7a 
97900000: 9790: [[34m/soc/host/insn                   [0m] aes128_encrypt_block:0           M 0000138e aes32esmi_custom    a0, a0, t1, 0x1   a0=69205912  a0:3f76f5be  t1:cb64b99f 
97920000: 9792: [[34m/soc/host/insn                   [0m] aes128_encrypt_block:0           M 00001392 aes32esmi_custom    a0, a0, s4, 0x0   a0=d7473eac  a0:69205912  s4:245af67d 
97940000: 9794: [[34m/soc/host/insn                   [0m] aes128_encrypt_block:0           M 00001396 aes32esmi_custom    s1, a0, a3, 0x1   s1=37a74edc  a0:d7473eac  a3:d002fef9 
97960000: 9796: [[34m/soc/host/insn                   [0m] aes128_encrypt_block:0           M 0000139a lw                  a0, -4(ra)        a0=f242af94  ra:00000a90  PA:00000a8c 
97970000: 9797: [[34m/soc/host/insn                   [0m] aes128_encrypt_block:0           M 0000139e andi                s2, s1, 255       s2=000000dc  s1:37a74edc 
97980000: 9798: [[34m/soc/host/insn                   [0m] aes128_encrypt_block:0           M 000013a2 srli                s9, s1, 0x8       s9=0037a74e  s1:37a74edc 
97990000: 9799: [[34m/soc/host/insn                   [0m] aes128_encrypt_block:0           M 000013a6 srli                s8, s1, 0x10      s8=000037a7  s1:37a74edc 
98000000: 9800: [[34m/soc/host/insn                   [0m] aes128_encrypt_block:0           M 000013aa srli                t0, s1, 0x18      t0=00000037  s1:37a74edc 
98010000: 9801: [[34m/soc/host/insn                   [0m] aes128_encrypt_block:0           M 000013ae andi                t4, s9, 255       t4=0000004e  s9:0037a74e 
98020000: 9802: [[34m/soc/host/insn                   [0m] aes128_encrypt_block:0           M 000013b2 andi                t6, s8, 255       t6=000000a7  s8:000037a7 
98030000: 9803: [[34m/soc/host/insn                   [0m] aes128_encrypt_block:0           M 000013b6 aes32esmi_custom    a0, a0, t1, 0x0   a0=5f997439  a0:f242af94  t1:cb64b99f 
98050000: 9805: [[34m/soc/host/insn                   [0m] aes128_encrypt_block:0           M 000013ba aes32esmi_custom    a0, a0, s4, 0x1   a0=1ddbf0bd  a0:5f997439  s4:245af67d 
98070000: 9807: [[34m/soc/host/insn                   [0m] aes128_encrypt_block:0           M 000013be aes32esmi_custom    a0, a0, a3, 0x0   a0=6a351eca  a0:1ddbf0bd  a3:d002fef9 
98090000: 9809: [[34m/soc/host/insn                   [0m] aes128_encrypt_block:0           M 000013c2 aes32esmi_custom    a5, a0, s0, 0x1   a5=b4eb71a5  a0:6a351eca  s0:06810d7a 
98110000: 9811: [[34m/soc/host/insn                   [0m] aes128_encrypt_block:0           M 000013c6 lw                  a0, 0(ra)         a0=af45de4a  ra:00000a90  PA:00000a90 
98120000: 9812: [[34m/soc/host/insn                   [0m] aes128_encrypt_block:0           M 000013ca c.addi              ra, ra, 16        ra=00000aa0  ra:00000a90 
98130000: 9813: [[34m/soc/host/insn                   [0m] aes128_encrypt_block:0           M 000013cc andi                s5, a5, 255       s5=000000a5  a5:b4eb71a5 
98140000: 9814: [[34m/soc/host/insn                   [0m] aes128_encrypt_block:0           M 000013d0 srli                s11, a5, 0x8     s11=00b4eb71  a5:b4eb71a5 
98150000: 9815: [[34m/soc/host/insn                   [0m] aes128_encrypt_block:0           M 000013d4 aes32esmi_custom    a0, a0, s4, 0x0   a0=4aba21af  a0:af45de4a  s4:245af67d 
98260000: 9826: [[34m/soc/host/insn                   [0m] aes128_encrypt_block:0           M 000013d8 srli                s10, a5, 0x10    s10=0000b4eb  a5:b4eb71a5 
98270000: 9827: [[34m/soc/host/insn                   [0m] aes128_encrypt_block:0           M 000013dc aes32esmi_custom    a0, a0, a3, 0x1   a0=f1014cc2  a0:4aba21af  a3:d002fef9 
98280000: 9828: [[34m/soc/host/insn                   [0m] aes128_encrypt_block:0           M 000013e0 andi                s3, s11, 255      s3=00000071 s11:00b4eb71 
98290000: 9829: [[34m/soc/host/insn                   [0m] aes128_encrypt_block:0           M 000013e4 aes32esmi_custom    a0, a0, s0, 0x0   a0=fd1954ce  a0:f1014cc2  s0:06810d7a 
98300000: 9830: [[34m/soc/host/insn                   [0m] aes128_encrypt_block:0           M 000013e8 andi                s0, s10, 255      s0=000000eb s10:0000b4eb 
98310000: 9831: [[34m/soc/host/insn                   [0m] aes128_encrypt_block:0           M 000013ec aes32esmi_custom    s4, a0, t1, 0x1   s4=c3274bd1  a0:fd1954ce  t1:cb64b99f 
98320000: 9832: [[34m/soc/host/insn                   [0m] aes128_encrypt_block:0           M 000013f0 srli                t1, a5, 0x18      t1=000000b4  a5:b4eb71a5 
98330000: 9833: [[34m/soc/host/insn                   [0m] aes128_encrypt_block:0           M 000013f4 bne                 ra, a7, -206      ra:00000aa0  a7:00000ae0 
98360000: 9836: [[34m/soc/host/insn                   [0m] aes128_encrypt_block:0           M 00001326 c.slli              a6, a6, 0x18      a6=d4000000  a6:000000d4 
98370000: 9837: [[34m/soc/host/insn                   [0m] aes128_encrypt_block:0           M 00001328 c.slli              t3, t3, 0x10      t3=00720000  t3:00000072 
98380000: 9838: [[34m/soc/host/insn                   [0m] aes128_encrypt_block:0           M 0000132a c.slli              t2, t2, 0x8       t2=00009c00  t2:0000009c 
98390000: 9839: [[34m/soc/host/insn                   [0m] aes128_encrypt_block:0           M 0000132c c.slli              t0, t0, 0x18      t0=37000000  t0:00000037 
98400000: 9840: [[34m/soc/host/insn                   [0m] aes128_encrypt_block:0           M 0000132e c.slli              t6, t6, 0x10      t6=00a70000  t6:000000a7 
98410000: 9841: [[34m/soc/host/insn                   [0m] aes128_encrypt_block:0           M 00001330 c.slli              t4, t4, 0x8       t4=00004e00  t4:0000004e 
98420000: 9842: [[34m/soc/host/insn                   [0m] aes128_encrypt_block:0           M 00001332 c.slli              t1, t1, 0x18      t1=b4000000  t1:000000b4 
98430000: 9843: [[34m/soc/host/insn                   [0m] aes128_encrypt_block:0           M 00001334 slli                a4, s0, 0x10      a4=00eb0000  s0:000000eb 
98440000: 9844: [[34m/soc/host/insn                   [0m] aes128_encrypt_block:0           M 00001338 c.slli              s3, s3, 0x8       s3=00007100  s3:00000071 
98450000: 9845: [[34m/soc/host/insn                   [0m] aes128_encrypt_block:0           M 0000133a lw                  s6, -12(ra)       s6=d3af6e1c  ra:00000aa0  PA:00000a94 
98460000: 9846: [[34m/soc/host/insn                   [0m] aes128_encrypt_block:0           M 0000133e or                  a3, t3, a6        a3=d4720000  t3:00720000  a6:d4000000 
98540000: 9854: [[34m/soc/host/insn                   [0m] aes128_encrypt_block:0           M 00001342 or                  a5, t2, t5        a5=00009cc8  t2:00009c00  t5:000000c8 
98550000: 9855: [[34m/soc/host/insn                   [0m] aes128_encrypt_block:0           M 00001346 or                  s1, t6, t0        s1=37a70000  t6:00a70000  t0:37000000 
98560000: 9856: [[34m/soc/host/insn                   [0m] aes128_encrypt_block:0           M 0000134a or                  s0, t4, s2        s0=00004edc  t4:00004e00  s2:000000dc 
98570000: 9857: [[34m/soc/host/insn                   [0m] aes128_encrypt_block:0           M 0000134e or                  a4, a4, t1        a4=b4eb0000  a4:00eb0000  t1:b4000000 
98580000: 9858: [[34m/soc/host/insn                   [0m] aes128_encrypt_block:0           M 00001352 or                  a0, s3, s5        a0=000071a5  s3:00007100  s5:000000a5 
98590000: 9859: [[34m/soc/host/insn                   [0m] aes128_encrypt_block:0           M 00001356 c.or                a3, a3, a5        a3=d4729cc8  a3:d4720000  a5:00009cc8 
98600000: 9860: [[34m/soc/host/insn                   [0m] aes128_encrypt_block:0           M 00001358 c.or                s0, s0, s1        s0=37a74edc  s0:00004edc  s1:37a70000 
98610000: 9861: [[34m/soc/host/insn                   [0m] aes128_encrypt_block:0           M 0000135a or                  t1, a4, a0        t1=b4eb71a5  a4:b4eb0000  a0:000071a5 
98620000: 9862: [[34m/soc/host/insn                   [0m] aes128_encrypt_block:0           M 0000135e aes32esmi_custom    a0, s6, a3, 0x0   a0=184786d7  s6:d3af6e1c  a3:d4729cc8 
98630000: 9863: [[34m/soc/host/insn                   [0m] aes128_encrypt_block:0           M 00001362 aes32esmi_custom    a0, a0, s0, 0x1   a0=3768d889  a0:184786d7  s0:37a74edc 
98650000: 9865: [[34m/soc/host/insn                   [0m] aes128_encrypt_block:0           M 00001366 aes32esmi_custom    a0, a0, t1, 0x0   a0=dea11160  a0:3768d889  t1:b4eb71a5 
98670000: 9867: [[34m/soc/host/insn                   [0m] aes128_encrypt_block:0           M 0000136a aes32esmi_custom    a4, a0, s4, 0x1   a4=82fd3f4e  a0:dea11160  s4:c3274bd1 
98690000: 9869: [[34m/soc/host/insn                   [0m] aes128_encrypt_block:0           M 0000136e lw                  a0, -8(ra)        a0=4303410d  ra:00000aa0  PA:00000a98 
98700000: 9870: [[34m/soc/host/insn                   [0m] aes128_encrypt_block:0           M 00001372 andi                t5, a4, 255       t5=0000004e  a4:82fd3f4e 
98710000: 9871: [[34m/soc/host/insn                   [0m] aes128_encrypt_block:0           M 00001376 srli                s7, a4, 0x8       s7=0082fd3f  a4:82fd3f4e 
98720000: 9872: [[34m/soc/host/insn                   [0m] aes128_encrypt_block:0           M 0000137a srli                s6, a4, 0x10      s6=000082fd  a4:82fd3f4e 
98730000: 9873: [[34m/soc/host/insn                   [0m] aes128_encrypt_block:0           M 0000137e srli                a6, a4, 0x18      a6=00000082  a4:82fd3f4e 
98740000: 9874: [[34m/soc/host/insn                   [0m] aes128_encrypt_block:0           M 00001382 andi                t2, s7, 255       t2=0000003f  s7:0082fd3f 
98750000: 9875: [[34m/soc/host/insn                   [0m] aes128_encrypt_block:0           M 00001386 andi                t3, s6, 255       t3=000000fd  s6:000082fd 
98760000: 9876: [[34m/soc/host/insn                   [0m] aes128_encrypt_block:0           M 0000138a aes32esmi_custom    a0, a0, s0, 0x0   a0=5485c71a  a0:4303410d  s0:37a74edc 
98770000: 9877: [[34m/soc/host/insn                   [0m] aes128_encrypt_block:0           M 0000138e aes32esmi_custom    a0, a0, t1, 0x1   a0=f7269a47  a0:5485c71a  t1:b4eb71a5 
98790000: 9879: [[34m/soc/host/insn                   [0m] aes128_encrypt_block:0           M 00001392 aes32esmi_custom    a0, a0, s4, 0x0   a0=3ba5198b  a0:f7269a47  s4:c3274bd1 
98810000: 9881: [[34m/soc/host/insn                   [0m] aes128_encrypt_block:0           M 00001396 aes32esmi_custom    s1, a0, a3, 0x1   s1=ab3551c3  a0:3ba5198b  a3:d4729cc8 
98830000: 9883: [[34m/soc/host/insn                   [0m] aes128_encrypt_block:0           M 0000139a lw                  a0, -4(ra)        a0=b141ee99  ra:00000aa0  PA:00000a9c 
98840000: 9884: [[34m/soc/host/insn                   [0m] aes128_encrypt_block:0           M 0000139e andi                s2, s1, 255       s2=000000c3  s1:ab3551c3 
98850000: 9885: [[34m/soc/host/insn                   [0m] aes128_encrypt_block:0           M 000013a2 srli                s9, s1, 0x8       s9=00ab3551  s1:ab3551c3 
98860000: 9886: [[34m/soc/host/insn                   [0m] aes128_encrypt_block:0           M 000013a6 srli                s8, s1, 0x10      s8=0000ab35  s1:ab3551c3 
98870000: 9887: [[34m/soc/host/insn                   [0m] aes128_encrypt_block:0           M 000013aa srli                t0, s1, 0x18      t0=000000ab  s1:ab3551c3 
98880000: 9888: [[34m/soc/host/insn                   [0m] aes128_encrypt_block:0           M 000013ae andi                t4, s9, 255       t4=00000051  s9:00ab3551 
98890000: 9889: [[34m/soc/host/insn                   [0m] aes128_encrypt_block:0           M 000013b2 andi                t6, s8, 255       t6=00000035  s8:0000ab35 
98900000: 9890: [[34m/soc/host/insn                   [0m] aes128_encrypt_block:0           M 000013b6 aes32esmi_custom    a0, a0, t1, 0x0   a0=bd47e895  a0:b141ee99  t1:b4eb71a5 
98920000: 9892: [[34m/soc/host/insn                   [0m] aes128_encrypt_block:0           M 000013ba aes32esmi_custom    a0, a0, s4, 0x1   a0=0ef495e8  a0:bd47e895  s4:c3274bd1 
98940000: 9894: [[34m/soc/host/insn                   [0m] aes128_encrypt_block:0           M 000013be aes32esmi_custom    a0, a0, a3, 0x0   a0=4e7415a8  a0:0ef495e8  a3:d4729cc8 
98960000: 9896: [[34m/soc/host/insn                   [0m] aes128_encrypt_block:0           M 000013c2 aes32esmi_custom    a5, a0, s0, 0x1   a5=615b8f32  a0:4e7415a8  s0:37a74edc 
98980000: 9898: [[34m/soc/host/insn                   [0m] aes128_encrypt_block:0           M 000013c6 lw                  a0, 0(ra)         a0=1e0430d3  ra:00000aa0  PA:00000aa0 
98990000: 9899: [[34m/soc/host/insn                   [0m] aes128_encrypt_block:0           M 000013ca c.addi              ra, ra, 16        ra=00000ab0  ra:00000aa0 
99000000: 9900: [[34m/soc/host/insn                   [0m] aes128_encrypt_block:0           M 000013cc andi                s5, a5, 255       s5=00000032  a5:615b8f32 
99010000: 9901: [[34m/soc/host/insn                   [0m] aes128_encrypt_block:0           M 000013d0 srli                s11, a5, 0x8     s11=00615b8f  a5:615b8f32 
99020000: 9902: [[34m/soc/host/insn                   [0m] aes128_encrypt_block:0           M 000013d4 aes32esmi_custom    a0, a0, s4, 0x0   a0=623a0eaf  a0:1e0430d3  s4:c3274bd1 
99130000: 9913: [[34m/soc/host/insn                   [0m] aes128_encrypt_block:0           M 000013d8 srli                s10, a5, 0x10    s10=0000615b  a5:615b8f32 
99140000: 9914: [[34m/soc/host/insn                   [0m] aes128_encrypt_block:0           M 000013dc aes32esmi_custom    a0, a0, a3, 0x1   a0=bce4a908  a0:623a0eaf  a3:d4729cc8 
99150000: 9915: [[34m/soc/host/insn                   [0m] aes128_encrypt_block:0           M 000013e0 andi                s3, s11, 255      s3=0000008f s11:00615b8f 
99160000: 9916: [[34m/soc/host/insn                   [0m] aes128_encrypt_block:0           M 000013e4 aes32esmi_custom    a0, a0, s0, 0x0   a0=e05c1154  a0:bce4a908  s0:37a74edc 
99170000: 9917: [[34m/soc/host/insn                   [0m] aes128_encrypt_block:0           M 000013e8 andi                s0, s10, 255      s0=0000005b s10:0000615b 
99180000: 9918: [[34m/soc/host/insn                   [0m] aes128_encrypt_block:0           M 000013ec aes32esmi_custom    s4, a0, t1, 0x1   s4=e15d9cd9  a0:e05c1154  t1:b4eb71a5 
99190000: 9919: [[34m/soc/host/insn                   [0m] aes128_encrypt_block:0           M 000013f0 srli                t1, a5, 0x18      t1=00000061  a5:615b8f32 
99200000: 9920: [[34m/soc/host/insn                   [0m] aes128_encrypt_block:0           M 000013f4 bne                 ra, a7, -206      ra:00000ab0  a7:00000ae0 
99230000: 9923: [[34m/soc/host/insn                   [0m] aes128_encrypt_block:0           M 00001326 c.slli              a6, a6, 0x18      a6=82000000  a6:00000082 
99240000: 9924: [[34m/soc/host/insn                   [0m] aes128_encrypt_block:0           M 00001328 c.slli              t3, t3, 0x10      t3=00fd0000  t3:000000fd 
99250000: 9925: [[34m/soc/host/insn                   [0m] aes128_encrypt_block:0           M 0000132a c.slli              t2, t2, 0x8       t2=00003f00  t2:0000003f 
99260000: 9926: [[34m/soc/host/insn                   [0m] aes128_encrypt_block:0           M 0000132c c.slli              t0, t0, 0x18      t0=ab000000  t0:000000ab 
99270000: 9927: [[34m/soc/host/insn                   [0m] aes128_encrypt_block:0           M 0000132e c.slli              t6, t6, 0x10      t6=00350000  t6:00000035 
99280000: 9928: [[34m/soc/host/insn                   [0m] aes128_encrypt_block:0           M 00001330 c.slli              t4, t4, 0x8       t4=00005100  t4:00000051 
99290000: 9929: [[34m/soc/host/insn                   [0m] aes128_encrypt_block:0           M 00001332 c.slli              t1, t1, 0x18      t1=61000000  t1:00000061 
99300000: 9930: [[34m/soc/host/insn                   [0m] aes128_encrypt_block:0           M 00001334 slli                a4, s0, 0x10      a4=005b0000  s0:0000005b 
99310000: 9931: [[34m/soc/host/insn                   [0m] aes128_encrypt_block:0           M 00001338 c.slli              s3, s3, 0x8       s3=00008f00  s3:0000008f 
99320000: 9932: [[34m/soc/host/insn                   [0m] aes128_encrypt_block:0           M 0000133a lw                  s6, -12(ra)       s6=b5dd9c58  ra:00000ab0  PA:00000aa4 
99330000: 9933: [[34m/soc/host/insn                   [0m] aes128_encrypt_block:0           M 0000133e or                  a3, t3, a6        a3=82fd0000  t3:00fd0000  a6:82000000 
99410000: 9941: [[34m/soc/host/insn                   [0m] aes128_encrypt_block:0           M 00001342 or                  a5, t2, t5        a5=00003f4e  t2:00003f00  t5:0000004e 
99420000: 9942: [[34m/soc/host/insn                   [0m] aes128_encrypt_block:0           M 00001346 or                  s1, t6, t0        s1=ab350000  t6:00350000  t0:ab000000 
99430000: 9943: [[34m/soc/host/insn                   [0m] aes128_encrypt_block:0           M 0000134a or                  s0, t4, s2        s0=000051c3  t4:00005100  s2:000000c3 
99440000: 9944: [[34m/soc/host/insn                   [0m] aes128_encrypt_block:0           M 0000134e or                  a4, a4, t1        a4=615b0000  a4:005b0000  t1:61000000 
99450000: 9945: [[34m/soc/host/insn                   [0m] aes128_encrypt_block:0           M 00001352 or                  a0, s3, s5        a0=00008f32  s3:00008f00  s5:00000032 
99460000: 9946: [[34m/soc/host/insn                   [0m] aes128_encrypt_block:0           M 00001356 c.or                a3, a3, a5        a3=82fd3f4e  a3:82fd0000  a5:00003f4e 
99470000: 9947: [[34m/soc/host/insn                   [0m] aes128_encrypt_block:0           M 00001358 c.or                s0, s0, s1        s0=ab3551c3  s0:000051c3  s1:ab350000 
99480000: 9948: [[34m/soc/host/insn                   [0m] aes128_encrypt_block:0           M 0000135a or                  t1, a4, a0        t1=615b8f32  a4:615b0000  a0:00008f32 
99490000: 9949: [[34m/soc/host/insn                   [0m] aes128_encrypt_block:0           M 0000135e aes32esmi_custom    a0, s6, a3, 0x0   a0=ebf2b306  s6:b5dd9c58  a3:82fd3f4e 
99500000: 9950: [[34m/soc/host/insn                   [0m] aes128_encrypt_block:0           M 00001362 aes32esmi_custom    a0, a0, s0, 0x1   a0=3a230abf  a0:ebf2b306  s0:ab3551c3 
99520000: 9952: [[34m/soc/host/insn                   [0m] aes128_encrypt_block:0           M 00001366 aes32esmi_custom    a0, a0, t1, 0x0   a0=03517886  a0:3a230abf  t1:615b8f32 
99540000: 9954: [[34m/soc/host/insn                   [0m] aes128_encrypt_block:0           M 0000136a aes32esmi_custom    a4, a0, s4, 0x1   a4=e8ba807e  a0:03517886  s4:e15d9cd9 
99560000: 9956: [[34m/soc/host/insn                   [0m] aes128_encrypt_block:0           M 0000136e lw                  a0, -8(ra)        a0=f6dedd55  ra:00000ab0  PA:00000aa8 
99570000: 9957: [[34m/soc/host/insn                   [0m] aes128_encrypt_block:0           M 00001372 andi                t5, a4, 255       t5=0000007e  a4:e8ba807e 
99580000: 9958: [[34m/soc/host/insn                   [0m] aes128_encrypt_block:0           M 00001376 srli                s7, a4, 0x8       s7=00e8ba80  a4:e8ba807e 
99590000: 9959: [[34m/soc/host/insn                   [0m] aes128_encrypt_block:0           M 0000137a srli                s6, a4, 0x10      s6=0000e8ba  a4:e8ba807e 
99600000: 9960: [[34m/soc/host/insn                   [0m] aes128_encrypt_block:0           M 0000137e srli                a6, a4, 0x18      a6=000000e8  a4:e8ba807e 
99610000: 9961: [[34m/soc/host/insn                   [0m] aes128_encrypt_block:0           M 00001382 andi                t2, s7, 255       t2=00000080  s7:00e8ba80 
99620000: 9962: [[34m/soc/host/insn                   [0m] aes128_encrypt_block:0           M 00001386 andi                t3, s6, 255       t3=000000ba  s6:0000e8ba 
99630000: 9963: [[34m/soc/host/insn                   [0m] aes128_encrypt_block:0           M 0000138a aes32esmi_custom    a0, a0, s0, 0x0   a0=aaf0f309  a0:f6dedd55  s0:ab3551c3 
99640000: 9964: [[34m/soc/host/insn                   [0m] aes128_encrypt_block:0           M 0000138e aes32esmi_custom    a0, a0, t1, 0x1   a0=d98315ef  a0:aaf0f309  t1:615b8f32 
99660000: 9966: [[34m/soc/host/insn                   [0m] aes128_encrypt_block:0           M 00001392 aes32esmi_custom    a0, a0, s4, 0x0   a0=951b8da3  a0:d98315ef  s4:e15d9cd9 
99680000: 9968: [[34m/soc/host/insn                   [0m] aes128_encrypt_block:0           M 00001396 aes32esmi_custom    s1, a0, a3, 0x1   s1=b33d9eb0  a0:951b8da3  a3:82fd3f4e 
99700000: 9970: [[34m/soc/host/insn                   [0m] aes128_encrypt_block:0           M 0000139a lw                  a0, -4(ra)        a0=479f33cc  ra:00000ab0  PA:00000aac 
99710000: 9971: [[34m/soc/host/insn                   [0m] aes128_encrypt_block:0           M 0000139e andi                s2, s1, 255       s2=000000b0  s1:b33d9eb0 
99720000: 9972: [[34m/soc/host/insn                   [0m] aes128_encrypt_block:0           M 000013a2 srli                s9, s1, 0x8       s9=00b33d9e  s1:b33d9eb0 
99730000: 9973: [[34m/soc/host/insn                   [0m] aes128_encrypt_block:0           M 000013a6 srli                s8, s1, 0x10      s8=0000b33d  s1:b33d9eb0 
99740000: 9974: [[34m/soc/host/insn                   [0m] aes128_encrypt_block:0           M 000013aa srli                t0, s1, 0x18      t0=000000b3  s1:b33d9eb0 
99750000: 9975: [[34m/soc/host/insn                   [0m] aes128_encrypt_block:0           M 000013ae andi                t4, s9, 255       t4=0000009e  s9:00b33d9e 
99760000: 9976: [[34m/soc/host/insn                   [0m] aes128_encrypt_block:0           M 000013b2 andi                t6, s8, 255       t6=0000003d  s8:0000b33d 
99770000: 9977: [[34m/soc/host/insn                   [0m] aes128_encrypt_block:0           M 000013b6 aes32esmi_custom    a0, a0, t1, 0x0   a0=01bc108a  a0:479f33cc  t1:615b8f32 
99790000: 9979: [[34m/soc/host/insn                   [0m] aes128_encrypt_block:0           M 000013ba aes32esmi_custom    a0, a0, s4, 0x1   a0=df62b72d  a0:01bc108a  s4:e15d9cd9 
99810000: 9981: [[34m/soc/host/insn                   [0m] aes128_encrypt_block:0           M 000013be aes32esmi_custom    a0, a0, a3, 0x0   a0=8bca1f79  a0:df62b72d  a3:82fd3f4e 
99830000: 9983: [[34m/soc/host/insn                   [0m] aes128_encrypt_block:0           M 000013c2 aes32esmi_custom    a5, a0, s0, 0x1   a5=4f0e7d1b  a0:8bca1f79  s0:ab3551c3 
99850000: 9985: [[34m/soc/host/insn                   [0m] aes128_encrypt_block:0           M 000013c6 lw                  a0, 0(ra)         a0=599b031f  ra:00000ab0  PA:00000ab0 
99860000: 9986: [[34m/soc/host/insn                   [0m] aes128_encrypt_block:0           M 000013ca c.addi              ra, ra, 16        ra=00000ac0  ra:00000ab0 
99870000: 9987: [[34m/soc/host/insn                   [0m] aes128_encrypt_block:0           M 000013cc andi                s5, a5, 255       s5=0000001b  a5:4f0e7d1b 
99880000: 9988: [[34m/soc/host/insn                   [0m] aes128_encrypt_block:0           M 000013d0 srli                s11, a5, 0x8     s11=004f0e7d  a5:4f0e7d1b 
99890000: 9989: [[34m/soc/host/insn                   [0m] aes128_encrypt_block:0           M 000013d4 aes32esmi_custom    a0, a0, s4, 0x0   a0=33ae3675  a0:599b031f  s4:e15d9cd9 
100000000: 10000: [[34m/soc/host/insn                   [0m] aes128_encrypt_block:0           M 000013d8 srli                s10, a5, 0x10    s10=00004f0e  a5:4f0e7d1b 
100010000: 10001: [[34m/soc/host/insn                   [0m] aes128_encrypt_block:0           M 000013dc aes32esmi_custom    a0, a0, a3, 0x1   a0=46dbdc9f  a0:33ae3675  a3:82fd3f4e 
100020000: 10002: [[34m/soc/host/insn                   [0m] aes128_encrypt_block:0           M 000013e0 andi                s3, s11, 255      s3=0000007d s11:004f0e7d 
100030000: 10003: [[34m/soc/host/insn                   [0m] aes128_encrypt_block:0           M 000013e4 aes32esmi_custom    a0, a0, s0, 0x0   a0=d0eceb09  a0:46dbdc9f  s0:ab3551c3 
100040000: 10004: [[34m/soc/host/insn                   [0m] aes128_encrypt_block:0           M 000013e8 andi                s0, s10, 255      s0=0000000e s10:00004f0e 
100050000: 10005: [[34m/soc/host/insn                   [0m] aes128_encrypt_block:0           M 000013ec aes32esmi_custom    s4, a0, t1, 0x1   s4=152904e6  a0:d0eceb09  t1:615b8f32 
100060000: 10006: [[34m/soc/host/insn                   [0m] aes128_encrypt_block:0           M 000013f0 srli                t1, a5, 0x18      t1=0000004f  a5:4f0e7d1b 
100070000: 10007: [[34m/soc/host/insn                   [0m] aes128_encrypt_block:0           M 000013f4 bne                 ra, a7, -206      ra:00000ac0  a7:00000ae0 
100100000: 10010: [[34m/soc/host/insn                   [0m] aes128_encrypt_block:0           M 00001326 c.slli              a6, a6, 0x18      a6=e8000000  a6:000000e8 
100110000: 10011: [[34m/soc/host/insn                   [0m] aes128_encrypt_block:0           M 00001328 c.slli              t3, t3, 0x10      t3=00ba0000  t3:000000ba 
100120000: 10012: [[34m/soc/host/insn                   [0m] aes128_encrypt_block:0           M 0000132a c.slli              t2, t2, 0x8       t2=00008000  t2:00000080 
100130000: 10013: [[34m/soc/host/insn                   [0m] aes128_encrypt_block:0           M 0000132c c.slli              t0, t0, 0x18      t0=b3000000  t0:000000b3 
100140000: 10014: [[34m/soc/host/insn                   [0m] aes128_encrypt_block:0           M 0000132e c.slli              t6, t6, 0x10      t6=003d0000  t6:0000003d 
100150000: 10015: [[34m/soc/host/insn                   [0m] aes128_encrypt_block:0           M 00001330 c.slli              t4, t4, 0x8       t4=00009e00  t4:0000009e 
100160000: 10016: [[34m/soc/host/insn                   [0m] aes128_encrypt_block:0           M 00001332 c.slli              t1, t1, 0x18      t1=4f000000  t1:0000004f 
100170000: 10017: [[34m/soc/host/insn                   [0m] aes128_encrypt_block:0           M 00001334 slli                a4, s0, 0x10      a4=000e0000  s0:0000000e 
100180000: 10018: [[34m/soc/host/insn                   [0m] aes128_encrypt_block:0           M 00001338 c.slli              s3, s3, 0x8       s3=00007d00  s3:0000007d 
100190000: 10019: [[34m/soc/host/insn                   [0m] aes128_encrypt_block:0           M 0000133a lw                  s6, -12(ra)       s6=751688a3  ra:00000ac0  PA:00000ab4 
100200000: 10020: [[34m/soc/host/insn                   [0m] aes128_encrypt_block:0           M 0000133e or                  a3, t3, a6        a3=e8ba0000  t3:00ba0000  a6:e8000000 
100280000: 10028: [[34m/soc/host/insn                   [0m] aes128_encrypt_block:0           M 00001342 or                  a5, t2, t5        a5=0000807e  t2:00008000  t5:0000007e 
100290000: 10029: [[34m/soc/host/insn                   [0m] aes128_encrypt_block:0           M 00001346 or                  s1, t6, t0        s1=b33d0000  t6:003d0000  t0:b3000000 
100300000: 10030: [[34m/soc/host/insn                   [0m] aes128_encrypt_block:0           M 0000134a or                  s0, t4, s2        s0=00009eb0  t4:00009e00  s2:000000b0 
100310000: 10031: [[34m/soc/host/insn                   [0m] aes128_encrypt_block:0           M 0000134e or                  a4, a4, t1        a4=4f0e0000  a4:000e0000  t1:4f000000 
100320000: 10032: [[34m/soc/host/insn                   [0m] aes128_encrypt_block:0           M 00001352 or                  a0, s3, s5        a0=00007d1b  s3:00007d00  s5:0000001b 
100330000: 10033: [[34m/soc/host/insn                   [0m] aes128_encrypt_block:0           M 00001356 c.or                a3, a3, a5        a3=e8ba807e  a3:e8ba0000  a5:0000807e 
100340000: 10034: [[34m/soc/host/insn                   [0m] aes128_encrypt_block:0           M 00001358 c.or                s0, s0, s1        s0=b33d9eb0  s0:00009eb0  s1:b33d0000 
100350000: 10035: [[34m/soc/host/insn                   [0m] aes128_encrypt_block:0           M 0000135a or                  t1, a4, a0        t1=4f0e7d1b  a4:4f0e0000  a0:00007d1b 
100360000: 10036: [[34m/soc/host/insn                   [0m] aes128_encrypt_block:0           M 0000135e aes32esmi_custom    a0, s6, a3, 0x0   a0=88e57b5e  s6:751688a3  a3:e8ba807e 
100370000: 10037: [[34m/soc/host/insn                   [0m] aes128_encrypt_block:0           M 00001362 aes32esmi_custom    a0, a0, s0, 0x1   a0=83ee6d48  a0:88e57b5e  s0:b33d9eb0 
100390000: 10039: [[34m/soc/host/insn                   [0m] aes128_encrypt_block:0           M 00001366 aes32esmi_custom    a0, a0, t1, 0x0   a0=28a320e3  a0:83ee6d48  t1:4f0e7d1b 
100410000: 10041: [[34m/soc/host/insn                   [0m] aes128_encrypt_block:0           M 0000136a aes32esmi_custom    a4, a0, s4, 0x1   a4=9a1179ba  a0:28a320e3  s4:152904e6 
100430000: 10043: [[34m/soc/host/insn                   [0m] aes128_encrypt_block:0           M 0000136e lw                  a0, -8(ra)        a0=83c855f6  ra:00000ac0  PA:00000ab8 
100440000: 10044: [[34m/soc/host/insn                   [0m] aes128_encrypt_block:0           M 00001372 andi                t5, a4, 255       t5=000000ba  a4:9a1179ba 
100450000: 10045: [[34m/soc/host/insn                   [0m] aes128_encrypt_block:0           M 00001376 srli                s7, a4, 0x8       s7=009a1179  a4:9a1179ba 
100460000: 10046: [[34m/soc/host/insn                   [0m] aes128_encrypt_block:0           M 0000137a srli                s6, a4, 0x10      s6=00009a11  a4:9a1179ba 
100470000: 10047: [[34m/soc/host/insn                   [0m] aes128_encrypt_block:0           M 0000137e srli                a6, a4, 0x18      a6=0000009a  a4:9a1179ba 
100480000: 10048: [[34m/soc/host/insn                   [0m] aes128_encrypt_block:0           M 00001382 andi                t2, s7, 255       t2=00000079  s7:009a1179 
100490000: 10049: [[34m/soc/host/insn                   [0m] aes128_encrypt_block:0           M 00001386 andi                t3, s6, 255       t3=00000011  s6:00009a11 
100500000: 10050: [[34m/soc/host/insn                   [0m] aes128_encrypt_block:0           M 0000138a aes32esmi_custom    a0, a0, s0, 0x0   a0=562fb223  a0:83c855f6  s0:b33d9eb0 
100510000: 10051: [[34m/soc/host/insn                   [0m] aes128_encrypt_block:0           M 0000138e aes32esmi_custom    a0, a0, t1, 0x1   a0=a9d057c6  a0:562fb223  t1:4f0e7d1b 
100530000: 10053: [[34m/soc/host/insn                   [0m] aes128_encrypt_block:0           M 00001392 aes32esmi_custom    a0, a0, s4, 0x0   a0=0c810663  a0:a9d057c6  s4:152904e6 
100550000: 10055: [[34m/soc/host/insn                   [0m] aes128_encrypt_block:0           M 00001396 aes32esmi_custom    s1, a0, a3, 0x1   s1=21ac9df8  a0:0c810663  a3:e8ba807e 
100570000: 10057: [[34m/soc/host/insn                   [0m] aes128_encrypt_block:0           M 0000139a lw                  a0, -4(ra)        a0=c457663a  ra:00000ac0  PA:00000abc 
100580000: 10058: [[34m/soc/host/insn                   [0m] aes128_encrypt_block:0           M 0000139e andi                s2, s1, 255       s2=000000f8  s1:21ac9df8 
100590000: 10059: [[34m/soc/host/insn                   [0m] aes128_encrypt_block:0           M 000013a2 srli                s9, s1, 0x8       s9=0021ac9d  s1:21ac9df8 
100600000: 10060: [[34m/soc/host/insn                   [0m] aes128_encrypt_block:0           M 000013a6 srli                s8, s1, 0x10      s8=000021ac  s1:21ac9df8 
100610000: 10061: [[34m/soc/host/insn                   [0m] aes128_encrypt_block:0           M 000013aa srli                t0, s1, 0x18      t0=00000021  s1:21ac9df8 
100620000: 10062: [[34m/soc/host/insn                   [0m] aes128_encrypt_block:0           M 000013ae andi                t4, s9, 255       t4=0000009d  s9:0021ac9d 
100630000: 10063: [[34m/soc/host/insn                   [0m] aes128_encrypt_block:0           M 000013b2 andi                t6, s8, 255       t6=000000ac  s8:000021ac 
100640000: 10064: [[34m/soc/host/insn                   [0m] aes128_encrypt_block:0           M 000013b6 aes32esmi_custom    a0, a0, t1, 0x0   a0=81f8c97f  a0:c457663a  t1:4f0e7d1b 
100660000: 10066: [[34m/soc/host/insn                   [0m] aes128_encrypt_block:0           M 000013ba aes32esmi_custom    a0, a0, s4, 0x1   a0=730a3680  a0:81f8c97f  s4:152904e6 
100680000: 10068: [[34m/soc/host/insn                   [0m] aes128_encrypt_block:0           M 000013be aes32esmi_custom    a0, a0, a3, 0x0   a0=87f9c574  a0:730a3680  a3:e8ba807e 
100700000: 10070: [[34m/soc/host/insn                   [0m] aes128_encrypt_block:0           M 000013c2 aes32esmi_custom    a5, a0, s0, 0x1   a5=5d23a819  a0:87f9c574  s0:b33d9eb0 
100720000: 10072: [[34m/soc/host/insn                   [0m] aes128_encrypt_block:0           M 000013c6 lw                  a0, 0(ra)         a0=9dcc6525  ra:00000ac0  PA:00000ac0 
100730000: 10073: [[34m/soc/host/insn                   [0m] aes128_encrypt_block:0           M 000013ca c.addi              ra, ra, 16        ra=00000ad0  ra:00000ac0 
100740000: 10074: [[34m/soc/host/insn                   [0m] aes128_encrypt_block:0           M 000013cc andi                s5, a5, 255       s5=00000019  a5:5d23a819 
100750000: 10075: [[34m/soc/host/insn                   [0m] aes128_encrypt_block:0           M 000013d0 srli                s11, a5, 0x8     s11=005d23a8  a5:5d23a819 
100760000: 10076: [[34m/soc/host/insn                   [0m] aes128_encrypt_block:0           M 000013d4 aes32esmi_custom    a0, a0, s4, 0x0   a0=9a42eb22  a0:9dcc6525  s4:152904e6 
100870000: 10087: [[34m/soc/host/insn                   [0m] aes128_encrypt_block:0           M 000013d8 srli                s10, a5, 0x10    s10=00005d23  a5:5d23a819 
100880000: 10088: [[34m/soc/host/insn                   [0m] aes128_encrypt_block:0           M 000013dc aes32esmi_custom    a0, a0, a3, 0x1   a0=578f6aa3  a0:9a42eb22  a3:e8ba807e 
100890000: 10089: [[34m/soc/host/insn                   [0m] aes128_encrypt_block:0           M 000013e0 andi                s3, s11, 255      s3=000000a8 s11:005d23a8 
100900000: 10090: [[34m/soc/host/insn                   [0m] aes128_encrypt_block:0           M 000013e4 aes32esmi_custom    a0, a0, s0, 0x0   a0=70c12484  a0:578f6aa3  s0:b33d9eb0 
100910000: 10091: [[34m/soc/host/insn                   [0m] aes128_encrypt_block:0           M 000013e8 andi                s0, s10, 255      s0=00000023 s10:00005d23 
100920000: 10092: [[34m/soc/host/insn                   [0m] aes128_encrypt_block:0           M 000013ec aes32esmi_custom    s4, a0, t1, 0x1   s4=63d2a000  a0:70c12484  t1:4f0e7d1b 
100930000: 10093: [[34m/soc/host/insn                   [0m] aes128_encrypt_block:0           M 000013f0 srli                t1, a5, 0x18      t1=0000005d  a5:5d23a819 
100940000: 10094: [[34m/soc/host/insn                   [0m] aes128_encrypt_block:0           M 000013f4 bne                 ra, a7, -206      ra:00000ad0  a7:00000ae0 
100970000: 10097: [[34m/soc/host/insn                   [0m] aes128_encrypt_block:0           M 00001326 c.slli              a6, a6, 0x18      a6=9a000000  a6:0000009a 
100980000: 10098: [[34m/soc/host/insn                   [0m] aes128_encrypt_block:0           M 00001328 c.slli              t3, t3, 0x10      t3=00110000  t3:00000011 
100990000: 10099: [[34m/soc/host/insn                   [0m] aes128_encrypt_block:0           M 0000132a c.slli              t2, t2, 0x8       t2=00007900  t2:00000079 
101000000: 10100: [[34m/soc/host/insn                   [0m] aes128_encrypt_block:0           M 0000132c c.slli              t0, t0, 0x18      t0=21000000  t0:00000021 
101010000: 10101: [[34m/soc/host/insn                   [0m] aes128_encrypt_block:0           M 0000132e c.slli              t6, t6, 0x10      t6=00ac0000  t6:000000ac 
101020000: 10102: [[34m/soc/host/insn                   [0m] aes128_encrypt_block:0           M 00001330 c.slli              t4, t4, 0x8       t4=00009d00  t4:0000009d 
101030000: 10103: [[34m/soc/host/insn                   [0m] aes128_encrypt_block:0           M 00001332 c.slli              t1, t1, 0x18      t1=5d000000  t1:0000005d 
101040000: 10104: [[34m/soc/host/insn                   [0m] aes128_encrypt_block:0           M 00001334 slli                a4, s0, 0x10      a4=00230000  s0:00000023 
101050000: 10105: [[34m/soc/host/insn                   [0m] aes128_encrypt_block:0           M 00001338 c.slli              s3, s3, 0x8       s3=0000a800  s3:000000a8 
101060000: 10106: [[34m/soc/host/insn                   [0m] aes128_encrypt_block:0           M 0000133a lw                  s6, -12(ra)       s6=4a48c3f5  ra:00000ad0  PA:00000ac4 
101070000: 10107: [[34m/soc/host/insn                   [0m] aes128_encrypt_block:0           M 0000133e or                  a3, t3, a6        a3=9a110000  t3:00110000  a6:9a000000 
101150000: 10115: [[34m/soc/host/insn                   [0m] aes128_encrypt_block:0           M 00001342 or                  a5, t2, t5        a5=000079ba  t2:00007900  t5:000000ba 
101160000: 10116: [[34m/soc/host/insn                   [0m] aes128_encrypt_block:0           M 00001346 or                  s1, t6, t0        s1=21ac0000  t6:00ac0000  t0:21000000 
101170000: 10117: [[34m/soc/host/insn                   [0m] aes128_encrypt_block:0           M 0000134a or                  s0, t4, s2        s0=00009df8  t4:00009d00  s2:000000f8 
101180000: 10118: [[34m/soc/host/insn                   [0m] aes128_encrypt_block:0           M 0000134e or                  a4, a4, t1        a4=5d230000  a4:00230000  t1:5d000000 
101190000: 10119: [[34m/soc/host/insn                   [0m] aes128_encrypt_block:0           M 00001352 or                  a0, s3, s5        a0=0000a819  s3:0000a800  s5:00000019 
101200000: 10120: [[34m/soc/host/insn                   [0m] aes128_encrypt_block:0           M 00001356 c.or                a3, a3, a5        a3=9a1179ba  a3:9a110000  a5:000079ba 
101210000: 10121: [[34m/soc/host/insn                   [0m] aes128_encrypt_block:0           M 00001358 c.or                s0, s0, s1        s0=21ac9df8  s0:00009df8  s1:21ac0000 
101220000: 10122: [[34m/soc/host/insn                   [0m] aes128_encrypt_block:0           M 0000135a or                  t1, a4, a0        t1=5d23a819  a4:5d230000  a0:0000a819 
101230000: 10123: [[34m/soc/host/insn                   [0m] aes128_encrypt_block:0           M 0000135e aes32esmi_custom    a0, s6, a3, 0x0   a0=b9bc3706  s6:4a48c3f5  a3:9a1179ba 
101240000: 10124: [[34m/soc/host/insn                   [0m] aes128_encrypt_block:0           M 00001362 aes32esmi_custom    a0, a0, s0, 0x1   a0=e7e28bba  a0:b9bc3706  s0:21ac9df8 
101260000: 10126: [[34m/soc/host/insn                   [0m] aes128_encrypt_block:0           M 00001366 aes32esmi_custom    a0, a0, t1, 0x0   a0=c1aec79c  a0:e7e28bba  t1:5d23a819 
101280000: 10128: [[34m/soc/host/insn                   [0m] aes128_encrypt_block:0           M 0000136a aes32esmi_custom    a4, a0, s4, 0x1   a4=2c433c67  a0:c1aec79c  s4:63d2a000 
101300000: 10130: [[34m/soc/host/insn                   [0m] aes128_encrypt_block:0           M 0000136e lw                  a0, -8(ra)        a0=c9809603  ra:00000ad0  PA:00000ac8 
101310000: 10131: [[34m/soc/host/insn                   [0m] aes128_encrypt_block:0           M 00001372 andi                t5, a4, 255       t5=00000067  a4:2c433c67 
101320000: 10132: [[34m/soc/host/insn                   [0m] aes128_encrypt_block:0           M 00001376 srli                s7, a4, 0x8       s7=002c433c  a4:2c433c67 
101330000: 10133: [[34m/soc/host/insn                   [0m] aes128_encrypt_block:0           M 0000137a srli                s6, a4, 0x10      s6=00002c43  a4:2c433c67 
101340000: 10134: [[34m/soc/host/insn                   [0m] aes128_encrypt_block:0           M 0000137e srli                a6, a4, 0x18      a6=0000002c  a4:2c433c67 
101350000: 10135: [[34m/soc/host/insn                   [0m] aes128_encrypt_block:0           M 00001382 andi                t2, s7, 255       t2=0000003c  s7:002c433c 
101360000: 10136: [[34m/soc/host/insn                   [0m] aes128_encrypt_block:0           M 00001386 andi                t3, s6, 255       t3=00000043  s6:00002c43 
101370000: 10137: [[34m/soc/host/insn                   [0m] aes128_encrypt_block:0           M 0000138a aes32esmi_custom    a0, a0, s0, 0x0   a0=4bc1d781  a0:c9809603  s0:21ac9df8 
101380000: 10138: [[34m/soc/host/insn                   [0m] aes128_encrypt_block:0           M 0000138e aes32esmi_custom    a0, a0, t1, 0x1   a0=8903481e  a0:4bc1d781  t1:5d23a819 
101400000: 10140: [[34m/soc/host/insn                   [0m] aes128_encrypt_block:0           M 00001392 aes32esmi_custom    a0, a0, s4, 0x0   a0=3c7239ab  a0:8903481e  s4:63d2a000 
101420000: 10142: [[34m/soc/host/insn                   [0m] aes128_encrypt_block:0           M 00001396 aes32esmi_custom    s1, a0, a3, 0x1   s1=57198113  a0:3c7239ab  a3:9a1179ba 
101440000: 10144: [[34m/soc/host/insn                   [0m] aes128_encrypt_block:0           M 0000139a lw                  a0, -4(ra)        a0=0dd7f039  ra:00000ad0  PA:00000acc 
101450000: 10145: [[34m/soc/host/insn                   [0m] aes128_encrypt_block:0           M 0000139e andi                s2, s1, 255       s2=00000013  s1:57198113 
101460000: 10146: [[34m/soc/host/insn                   [0m] aes128_encrypt_block:0           M 000013a2 srli                s9, s1, 0x8       s9=00571981  s1:57198113 
101470000: 10147: [[34m/soc/host/insn                   [0m] aes128_encrypt_block:0           M 000013a6 srli                s8, s1, 0x10      s8=00005719  s1:57198113 
101480000: 10148: [[34m/soc/host/insn                   [0m] aes128_encrypt_block:0           M 000013aa srli                t0, s1, 0x18      t0=00000057  s1:57198113 
101490000: 10149: [[34m/soc/host/insn                   [0m] aes128_encrypt_block:0           M 000013ae andi                t4, s9, 255       t4=00000081  s9:00571981 
101500000: 10150: [[34m/soc/host/insn                   [0m] aes128_encrypt_block:0           M 000013b2 andi                t6, s8, 255       t6=00000019  s8:00005719 
101510000: 10151: [[34m/soc/host/insn                   [0m] aes128_encrypt_block:0           M 000013b6 aes32esmi_custom    a0, a0, t1, 0x0   a0=be03248a  a0:0dd7f039  t1:5d23a819 
101530000: 10153: [[34m/soc/host/insn                   [0m] aes128_encrypt_block:0           M 000013ba aes32esmi_custom    a0, a0, s4, 0x1   a0=5ee3ff51  a0:be03248a  s4:63d2a000 
101550000: 10155: [[34m/soc/host/insn                   [0m] aes128_encrypt_block:0           M 000013be aes32esmi_custom    a0, a0, a3, 0x0   a0=dcfce0d3  a0:5ee3ff51  a3:9a1179ba 
101570000: 10157: [[34m/soc/host/insn                   [0m] aes128_encrypt_block:0           M 000013c2 aes32esmi_custom    a5, a0, s0, 0x1   a5=3d1d1d2e  a0:dcfce0d3  s0:21ac9df8 
101590000: 10159: [[34m/soc/host/insn                   [0m] aes128_encrypt_block:0           M 000013c6 lw                  a0, 0(ra)         a0=901b951c  ra:00000ad0  PA:00000ad0 
101600000: 10160: [[34m/soc/host/insn                   [0m] aes128_encrypt_block:0           M 000013ca c.addi              ra, ra, 16        ra=00000ae0  ra:00000ad0 
101610000: 10161: [[34m/soc/host/insn                   [0m] aes128_encrypt_block:0           M 000013cc andi                s5, a5, 255       s5=0000002e  a5:3d1d1d2e 
101620000: 10162: [[34m/soc/host/insn                   [0m] aes128_encrypt_block:0           M 000013d0 srli                s11, a5, 0x8     s11=003d1d1d  a5:3d1d1d2e 
101630000: 10163: [[34m/soc/host/insn                   [0m] aes128_encrypt_block:0           M 000013d4 aes32esmi_custom    a0, a0, s4, 0x0   a0=5678f6da  a0:901b951c  s4:63d2a000 
101740000: 10174: [[34m/soc/host/insn                   [0m] aes128_encrypt_block:0           M 000013d8 srli                s10, a5, 0x10    s10=00003d1d  a5:3d1d1d2e 
101750000: 10175: [[34m/soc/host/insn                   [0m] aes128_encrypt_block:0           M 000013dc aes32esmi_custom    a0, a0, a3, 0x1   a0=e0ce81ad  a0:5678f6da  a3:9a1179ba 
101760000: 10176: [[34m/soc/host/insn                   [0m] aes128_encrypt_block:0           M 000013e0 andi                s3, s11, 255      s3=0000001d s11:003d1d1d 
101770000: 10177: [[34m/soc/host/insn                   [0m] aes128_encrypt_block:0           M 000013e4 aes32esmi_custom    a0, a0, s0, 0x0   a0=71f7b83c  a0:e0ce81ad  s0:21ac9df8 
101780000: 10178: [[34m/soc/host/insn                   [0m] aes128_encrypt_block:0           M 000013e8 andi                s0, s10, 255      s0=0000001d s10:00003d1d 
101790000: 10179: [[34m/soc/host/insn                   [0m] aes128_encrypt_block:0           M 000013ec aes32esmi_custom    s4, a0, t1, 0x1   s4=e96ff470  a0:71f7b83c  t1:5d23a819 
101800000: 10180: [[34m/soc/host/insn                   [0m] aes128_encrypt_block:0           M 000013f0 srli                t1, a5, 0x18      t1=0000003d  a5:3d1d1d2e 
101810000: 10181: [[34m/soc/host/insn                   [0m] aes128_encrypt_block:0           M 000013f4 bne                 ra, a7, -206      ra:00000ae0  a7:00000ae0 
101820000: 10182: [[34m/soc/host/insn                   [0m] aes128_encrypt_block:0           M 000013f8 andi                a7, a4, 255       a7=00000067  a4:2c433c67 
101830000: 10183: [[34m/soc/host/insn                   [0m] aes128_encrypt_block:0           M 000013fc addi                a0, 0, 40         a0=00000028 
101840000: 10184: [[34m/soc/host/insn                   [0m] aes128_encrypt_block:0           M 00001400 andi                t2, s7, 255       t2=0000003c  s7:002c433c 
101850000: 10185: [[34m/soc/host/insn                   [0m] aes128_encrypt_block:0           M 00001404 andi                t4, s6, 255       t4=00000043  s6:00002c43 
101860000: 10186: [[34m/soc/host/insn                   [0m] aes128_encrypt_block:0           M 00001408 andi                t5, s1, 255       t5=00000013  s1:57198113 
101870000: 10187: [[34m/soc/host/insn                   [0m] aes128_encrypt_block:0           M 0000140c andi                t6, s9, 255       t6=00000081  s9:00571981 
101880000: 10188: [[34m/soc/host/insn                   [0m] aes128_encrypt_block:0           M 00001410 andi                s2, s8, 255       s2=00000019  s8:00005719 
101890000: 10189: [[34m/soc/host/insn                   [0m] aes128_encrypt_block:0           M 00001414 andi                s3, a5, 255       s3=0000002e  a5:3d1d1d2e 
101900000: 10190: [[34m/soc/host/insn                   [0m] aes128_encrypt_block:0           M 00001418 andi                s5, s11, 255      s5=0000001d s11:003d1d1d 
101910000: 10191: [[34m/soc/host/insn                   [0m] aes128_encrypt_block:0           M 0000141c andi                s6, s10, 255      s6=0000001d s10:00003d1d 
101920000: 10192: [[34m/soc/host/insn                   [0m] aes128_encrypt_block:0           M 00001420 andi                a4, s4, 255       a4=00000070  s4:e96ff470 
101930000: 10193: [[34m/soc/host/insn                   [0m] aes128_encrypt_block:0           M 00001424 slli                s0, s4, 0x10      s0=f4700000  s4:e96ff470 
101940000: 10194: [[34m/soc/host/insn                   [0m] aes128_encrypt_block:0           M 00001428 slli                a5, s4, 0x8       a5=6ff47000  s4:e96ff470 
101950000: 10195: [[34m/soc/host/insn                   [0m] aes128_encrypt_block:0           M 0000142c srli                a3, s4, 0x18      a3=000000e9  s4:e96ff470 
101960000: 10196: [[34m/soc/host/insn                   [0m] aes128_encrypt_block:0           M 00001430 lbu                 s1, 160(a1)       s1=000000e9  a1:00000a34  PA:00000ad4 
101970000: 10197: [[34m/soc/host/insn                   [0m] aes128_encrypt_block:0           M 00001434 lbu                 s4, 161(a1)       s4=0000006c  a1:00000a34  PA:00000ad5 
101980000: 10198: [[34m/soc/host/insn                   [0m] aes128_encrypt_block:0           M 00001438 lbu                 s7, 162(a1)       s7=00000028  a1:00000a34  PA:00000ad6 
101990000: 10199: [[34m/soc/host/insn                   [0m] aes128_encrypt_block:0           M 0000143c lbu                 t3, 163(a1)       t3=000000d6  a1:00000a34  PA:00000ad7 
102000000: 10200: [[34m/soc/host/insn                   [0m] aes128_encrypt_block:0           M 00001440 c.add               a7, a7, a0        a7=0000008f  a7:00000067  a0:00000028 
102050000: 10205: [[34m/soc/host/insn                   [0m] aes128_encrypt_block:0           M 00001442 c.add               t2, t2, a0        t2=00000064  t2:0000003c  a0:00000028 
102060000: 10206: [[34m/soc/host/insn                   [0m] aes128_encrypt_block:0           M 00001444 c.add               t4, t4, a0        t4=0000006b  t4:00000043  a0:00000028 
102070000: 10207: [[34m/soc/host/insn                   [0m] aes128_encrypt_block:0           M 00001446 c.add               a6, a6, a0        a6=00000054  a6:0000002c  a0:00000028 
102080000: 10208: [[34m/soc/host/insn                   [0m] aes128_encrypt_block:0           M 00001448 c.add               t5, t5, a0        t5=0000003b  t5:00000013  a0:00000028 
102090000: 10209: [[34m/soc/host/insn                   [0m] aes128_encrypt_block:0           M 0000144a c.add               t6, t6, a0        t6=000000a9  t6:00000081  a0:00000028 
102100000: 10210: [[34m/soc/host/insn                   [0m] aes128_encrypt_block:0           M 0000144c c.add               s2, s2, a0        s2=00000041  s2:00000019  a0:00000028 
102110000: 10211: [[34m/soc/host/insn                   [0m] aes128_encrypt_block:0           M 0000144e c.add               t0, t0, a0        t0=0000007f  t0:00000057  a0:00000028 
102120000: 10212: [[34m/soc/host/insn                   [0m] aes128_encrypt_block:0           M 00001450 c.add               s3, s3, a0        s3=00000056  s3:0000002e  a0:00000028 
102130000: 10213: [[34m/soc/host/insn                   [0m] aes128_encrypt_block:0           M 00001452 c.add               s5, s5, a0        s5=00000045  s5:0000001d  a0:00000028 
102140000: 10214: [[34m/soc/host/insn                   [0m] aes128_encrypt_block:0           M 00001454 c.add               s6, s6, a0        s6=00000045  s6:0000001d  a0:00000028 
102150000: 10215: [[34m/soc/host/insn                   [0m] aes128_encrypt_block:0           M 00001456 c.add               t1, t1, a0        t1=00000065  t1:0000003d  a0:00000028 
102160000: 10216: [[34m/soc/host/insn                   [0m] aes128_encrypt_block:0           M 00001458 add                 s9, a0, a4        s9=00000098  a0:00000028  a4:00000070 
102170000: 10217: [[34m/soc/host/insn                   [0m] aes128_encrypt_block:0           M 0000145c c.srli              s0, s0, 0x18      s0=000000f4  s0:f4700000 
102180000: 10218: [[34m/soc/host/insn                   [0m] aes128_encrypt_block:0           M 0000145e c.srli              a5, a5, 0x18      a5=0000006f  a5:6ff47000 
102190000: 10219: [[34m/soc/host/insn                   [0m] aes128_encrypt_block:0           M 00001460 add                 s8, a0, a3        s8=00000111  a0:00000028  a3:000000e9 
102200000: 10220: [[34m/soc/host/insn                   [0m] aes128_encrypt_block:0           M 00001464 lbu                 a3, 0(a7)         a3=00000085  a7:0000008f  PA:0000008f 
102210000: 10221: [[34m/soc/host/insn                   [0m] aes128_encrypt_block:0           M 00001468 lbu                 a7, 0(t2)         a7=000000eb  t2:00000064  PA:00000064 
102220000: 10222: [[34m/soc/host/insn                   [0m] aes128_encrypt_block:0           M 0000146c lbu                 t2, 0(t4)         t2=0000001a  t4:0000006b  PA:0000006b 
102230000: 10223: [[34m/soc/host/insn                   [0m] aes128_encrypt_block:0           M 00001470 lbu                 ra, 0(a6)         ra=00000071  a6:00000054  PA:00000054 
102240000: 10224: [[34m/soc/host/insn                   [0m] aes128_encrypt_block:0           M 00001474 add                 s11, a0, s0      s11=0000011c  a0:00000028  s0:000000f4 
102250000: 10225: [[34m/soc/host/insn                   [0m] aes128_encrypt_block:0           M 00001478 add                 t4, a0, a5        t4=00000097  a0:00000028  a5:0000006f 
102260000: 10226: [[34m/soc/host/insn                   [0m] aes128_encrypt_block:0           M 0000147c xor                 a6, s1, a3        a6=0000006c  s1:000000e9  a3:00000085 
102270000: 10227: [[34m/soc/host/insn                   [0m] aes128_encrypt_block:0           M 00001480 lbu                 a5, 164(a1)       a5=000000ea  a1:00000a34  PA:00000ad8 
102280000: 10228: [[34m/soc/host/insn                   [0m] aes128_encrypt_block:0           M 00001484 lbu                 s1, 165(a1)       s1=000000fa  a1:00000a34  PA:00000ad9 
102290000: 10229: [[34m/soc/host/insn                   [0m] aes128_encrypt_block:0           M 00001488 lbu                 s10, 166(a1)     s10=000000a8  a1:00000a34  PA:00000ada 
102300000: 10230: [[34m/soc/host/insn                   [0m] aes128_encrypt_block:0           M 0000148c lbu                 a0, 167(a1)       a0=0000001f  a1:00000a34  PA:00000adb 
102310000: 10231: [[34m/soc/host/insn                   [0m] aes128_encrypt_block:0           M 00001490 lbu                 a3, 0(t5)         a3=0000007d  t5:0000003b  PA:0000003b 
102320000: 10232: [[34m/soc/host/insn                   [0m] aes128_encrypt_block:0           M 00001494 lbu                 s0, 0(t6)         s0=0000000c  t6:000000a9  PA:000000a9 
102330000: 10233: [[34m/soc/host/insn                   [0m] aes128_encrypt_block:0           M 00001498 lbu                 t5, 0(s2)         t5=000000d4  s2:00000041  PA:00000041 
102340000: 10234: [[34m/soc/host/insn                   [0m] aes128_encrypt_block:0           M 0000149c lbu                 t0, 0(t0)         t0=0000005b  t0:0000007f  PA:0000007f 
102350000: 10235: [[34m/soc/host/insn                   [0m] aes128_encrypt_block:0           M 000014a0 lbu                 t6, 0(s3)         t6=00000031  s3:00000056  PA:00000056 
102360000: 10236: [[34m/soc/host/insn                   [0m] aes128_encrypt_block:0           M 000014a4 lbu                 a4, 0(s6)         a4=000000a4  s6:00000045  PA:00000045 
102370000: 10237: [[34m/soc/host/insn                   [0m] aes128_encrypt_block:0           M 000014a8 lbu                 s2, 0(s5)         s2=000000a4  s5:00000045  PA:00000045 
102380000: 10238: [[34m/soc/host/insn                   [0m] aes128_encrypt_block:0           M 000014ac lbu                 t1, 0(t1)         t1=00000027  t1:00000065  PA:00000065 
102390000: 10239: [[34m/soc/host/insn                   [0m] aes128_encrypt_block:0           M 000014b0 xor                 s5, s4, s0        s5=00000060  s4:0000006c  s0:0000000c 
102510000: 10251: [[34m/soc/host/insn                   [0m] aes128_encrypt_block:0           M 000014b4 xor                 s4, s7, a4        s4=0000008c  s7:00000028  a4:000000a4 
102550000: 10255: [[34m/soc/host/insn                   [0m] aes128_encrypt_block:0           M 000014b8 xor                 s3, a5, a3        s3=00000097  a5:000000ea  a3:0000007d 
102560000: 10256: [[34m/soc/host/insn                   [0m] aes128_encrypt_block:0           M 000014bc xor                 s2, s1, s2        s2=0000005e  s1:000000fa  s2:000000a4 
102570000: 10257: [[34m/soc/host/insn                   [0m] aes128_encrypt_block:0           M 000014c0 lbu                 s1, 168(a1)       s1=000000d3  a1:00000a34  PA:00000adc 
102580000: 10258: [[34m/soc/host/insn                   [0m] aes128_encrypt_block:0           M 000014c4 lbu                 s7, 169(a1)       s7=0000000a  a1:00000a34  PA:00000add 
102590000: 10259: [[34m/soc/host/insn                   [0m] aes128_encrypt_block:0           M 000014c8 lbu                 a5, 170(a1)       a5=0000007f  a1:00000a34  PA:00000ade 
102600000: 10260: [[34m/soc/host/insn                   [0m] aes128_encrypt_block:0           M 000014cc lbu                 a4, 171(a1)       a4=00000012  a1:00000a34  PA:00000adf 
102610000: 10261: [[34m/soc/host/insn                   [0m] aes128_encrypt_block:0           M 000014d0 xor                 s6, a0, ra        s6=0000006e  a0:0000001f  ra:00000071 
102620000: 10262: [[34m/soc/host/insn                   [0m] aes128_encrypt_block:0           M 000014d4 xor                 t6, s1, t6        t6=000000e2  s1:000000d3  t6:00000031 
102760000: 10276: [[34m/soc/host/insn                   [0m] aes128_encrypt_block:0           M 000014d8 xor                 t2, a5, t2        t2=00000065  a5:0000007f  t2:0000001a 
102780000: 10278: [[34m/soc/host/insn                   [0m] aes128_encrypt_block:0           M 000014dc xor                 t0, a4, t0        t0=00000049  a4:00000012  t0:0000005b 
102790000: 10279: [[34m/soc/host/insn                   [0m] aes128_encrypt_block:0           M 000014e0 lbu                 ra, 172(a1)       ra=000000cf  a1:00000a34  PA:00000ae0 
102800000: 10280: [[34m/soc/host/insn                   [0m] aes128_encrypt_block:0           M 000014e4 lbu                 a4, 173(a1)       a4=0000009f  a1:00000a34  PA:00000ae1 
102810000: 10281: [[34m/soc/host/insn                   [0m] aes128_encrypt_block:0           M 000014e8 lbu                 a5, 174(a1)       a5=00000064  a1:00000a34  PA:00000ae2 
102820000: 10282: [[34m/soc/host/insn                   [0m] aes128_encrypt_block:0           M 000014ec lbu                 a1, 175(a1)       a1=00000082  a1:00000a34  PA:00000ae3 
102830000: 10283: [[34m/soc/host/insn                   [0m] aes128_encrypt_block:0           M 000014f0 lbu                 s1, 0(s9)         s1=00000051  s9:00000098  PA:00000098 
102840000: 10284: [[34m/soc/host/insn                   [0m] aes128_encrypt_block:0           M 000014f4 lbu                 a0, 0(s11)        a0=000000bf s11:0000011c  PA:0000011c 
102850000: 10285: [[34m/soc/host/insn                   [0m] aes128_encrypt_block:0           M 000014f8 lbu                 a3, 0(t4)         a3=000000a8  t4:00000097  PA:00000097 
102860000: 10286: [[34m/soc/host/insn                   [0m] aes128_encrypt_block:0           M 000014fc lbu                 s0, 0(s8)         s0=0000001e  s8:00000111  PA:00000111 
102870000: 10287: [[34m/soc/host/insn                   [0m] aes128_encrypt_block:0           M 00001500 xor                 s1, ra, s1        s1=0000009e  ra:000000cf  s1:00000051 
102880000: 10288: [[34m/soc/host/insn                   [0m] aes128_encrypt_block:0           M 00001504 xor                 a4, a4, a7        a4=00000074  a4:0000009f  a7:000000eb 
102890000: 10289: [[34m/soc/host/insn                   [0m] aes128_encrypt_block:0           M 00001508 xor                 a5, a5, t5        a5=000000b0  a5:00000064  t5:000000d4 
102900000: 10290: [[34m/soc/host/insn                   [0m] aes128_encrypt_block:0           M 0000150c xor                 a1, a1, t1        a1=000000a5  a1:00000082  t1:00000027 
102910000: 10291: [[34m/soc/host/insn                   [0m] aes128_encrypt_block:0           M 00001510 xor                 s0, t3, s0        s0=000000c8  t3:000000d6  s0:0000001e 
102920000: 10292: [[34m/soc/host/insn                   [0m] aes128_encrypt_block:0           M 00001514 xor                 a3, s10, a3       a3=00000000 s10:000000a8  a3:000000a8 
102930000: 10293: [[34m/soc/host/insn                   [0m] aes128_encrypt_block:0           M 00001518 xor                 a0, s7, a0        a0=000000b5  s7:0000000a  a0:000000bf 
102940000: 10294: [[34m/soc/host/insn                   [0m] aes128_encrypt_block:0           M 0000151c sb                  a6, 0(a2)         a6:0000006c  a2:00000a24  PA:00000a24 
102950000: 10295: [[34m/soc/host/insn                   [0m] aes128_encrypt_block:0           M 00001520 sb                  s5, 1(a2)         s5:00000060  a2:00000a24  PA:00000a25 
102960000: 10296: [[34m/soc/host/insn                   [0m] aes128_encrypt_block:0           M 00001524 sb                  s4, 2(a2)         s4:0000008c  a2:00000a24  PA:00000a26 
102970000: 10297: [[34m/soc/host/insn                   [0m] aes128_encrypt_block:0           M 00001528 sb                  s0, 3(a2)         s0:000000c8  a2:00000a24  PA:00000a27 
102980000: 10298: [[34m/soc/host/insn                   [0m] aes128_encrypt_block:0           M 0000152c sb                  s3, 4(a2)         s3:00000097  a2:00000a24  PA:00000a28 
102990000: 10299: [[34m/soc/host/insn                   [0m] aes128_encrypt_block:0           M 00001530 sb                  s2, 5(a2)         s2:0000005e  a2:00000a24  PA:00000a29 
103000000: 10300: [[34m/soc/host/insn                   [0m] aes128_encrypt_block:0           M 00001534 sb                  a3, 6(a2)         a3:00000000  a2:00000a24  PA:00000a2a 
103010000: 10301: [[34m/soc/host/insn                   [0m] aes128_encrypt_block:0           M 00001538 sb                  s6, 7(a2)         s6:0000006e  a2:00000a24  PA:00000a2b 
103020000: 10302: [[34m/soc/host/insn                   [0m] aes128_encrypt_block:0           M 0000153c sb                  t6, 8(a2)         t6:000000e2  a2:00000a24  PA:00000a2c 
103030000: 10303: [[34m/soc/host/insn                   [0m] aes128_encrypt_block:0           M 00001540 sb                  a0, 9(a2)         a0:000000b5  a2:00000a24  PA:00000a2d 
103130000: 10313: [[34m/soc/host/insn                   [0m] aes128_encrypt_block:0           M 00001544 sb                  t2, 10(a2)        t2:00000065  a2:00000a24  PA:00000a2e 
103140000: 10314: [[34m/soc/host/insn                   [0m] aes128_encrypt_block:0           M 00001548 sb                  t0, 11(a2)        t0:00000049  a2:00000a24  PA:00000a2f 
103150000: 10315: [[34m/soc/host/insn                   [0m] aes128_encrypt_block:0           M 0000154c sb                  s1, 12(a2)        s1:0000009e  a2:00000a24  PA:00000a30 
103160000: 10316: [[34m/soc/host/insn                   [0m] aes128_encrypt_block:0           M 00001550 sb                  a4, 13(a2)        a4:00000074  a2:00000a24  PA:00000a31 
103170000: 10317: [[34m/soc/host/insn                   [0m] aes128_encrypt_block:0           M 00001554 sb                  a5, 14(a2)        a5:000000b0  a2:00000a24  PA:00000a32 
103180000: 10318: [[34m/soc/host/insn                   [0m] aes128_encrypt_block:0           M 00001558 sb                  a1, 15(a2)        a1:000000a5  a2:00000a24  PA:00000a33 
103190000: 10319: [[34m/soc/host/insn                   [0m] aes128_encrypt_block:0           M 0000155c c.lwsp              ra, 60(sp)        ra=00001722  sp:000009e0  PA:00000a1c 
103200000: 10320: [[34m/soc/host/insn                   [0m] aes128_encrypt_block:0           M 0000155e c.lwsp              s0, 56(sp)        s0=00000090  sp:000009e0  PA:00000a18 
103210000: 10321: [[34m/soc/host/insn                   [0m] aes128_encrypt_block:0           M 00001560 c.lwsp              s1, 52(sp)        s1=0000001b  sp:000009e0  PA:00000a14 
103220000: 10322: [[34m/soc/host/insn                   [0m] aes128_encrypt_block:0           M 00001562 c.lwsp              s2, 48(sp)        s2=57575757  sp:000009e0  PA:00000a10 
103230000: 10323: [[34m/soc/host/insn                   [0m] aes128_encrypt_block:0           M 00001564 c.lwsp              s3, 44(sp)        s3=57575757  sp:000009e0  PA:00000a0c 
103240000: 10324: [[34m/soc/host/insn                   [0m] aes128_encrypt_block:0           M 00001566 c.lwsp              s4, 40(sp)        s4=57575757  sp:000009e0  PA:00000a08 
103250000: 10325: [[34m/soc/host/insn                   [0m] aes128_encrypt_block:0           M 00001568 c.lwsp              s5, 36(sp)        s5=57575757  sp:000009e0  PA:00000a04 
103260000: 10326: [[34m/soc/host/insn                   [0m] aes128_encrypt_block:0           M 0000156a c.lwsp              s6, 32(sp)        s6=57575757  sp:000009e0  PA:00000a00 
103270000: 10327: [[34m/soc/host/insn                   [0m] aes128_encrypt_block:0           M 0000156c c.lwsp              s7, 28(sp)        s7=57575757  sp:000009e0  PA:000009fc 
103280000: 10328: [[34m/soc/host/insn                   [0m] aes128_encrypt_block:0           M 0000156e c.lwsp              s8, 24(sp)        s8=57575757  sp:000009e0  PA:000009f8 
103290000: 10329: [[34m/soc/host/insn                   [0m] aes128_encrypt_block:0           M 00001570 c.lwsp              s9, 20(sp)        s9=57575757  sp:000009e0  PA:000009f4 
103300000: 10330: [[34m/soc/host/insn                   [0m] aes128_encrypt_block:0           M 00001572 c.lwsp              s10, 16(sp)      s10=57575757  sp:000009e0  PA:000009f0 
103310000: 10331: [[34m/soc/host/insn                   [0m] aes128_encrypt_block:0           M 00001574 c.lwsp              s11, 12(sp)      s11=57575757  sp:000009e0  PA:000009ec 
103320000: 10332: [[34m/soc/host/insn                   [0m] aes128_encrypt_block:0           M 00001576 c.addi16sp          sp, sp, 64        sp=00000a20  sp:000009e0 
103330000: 10333: [[34m/soc/host/insn                   [0m] aes128_encrypt_block:0           M 00001578 c.jr                0, ra, 0, 0       ra:00001722 
